# SSL/TLS secrets log file, generated by NSS
CLIENT_HANDSHAKE_TRAFFIC_SECRET 30ed71b4bd8b164aeb348c420a5f98f379f1e440b756df5715c5bf3d967cbfb5 062f46dab48045570f9144fdd4975d2ab44d2ffa8cb70c07dd8573aa2b90ddbf
SERVER_HANDSHAKE_TRAFFIC_SECRET 30ed71b4bd8b164aeb348c420a5f98f379f1e440b756df5715c5bf3d967cbfb5 e569545b4c09ced9589f5e7166f2c81c66603649fd2d3311c5ba689999e32836
CLIENT_TRAFFIC_SECRET_0 30ed71b4bd8b164aeb348c420a5f98f379f1e440b756df5715c5bf3d967cbfb5 fcfb60471ba36877f917c4bfd39450677556a4ab7be8813de310d2bafab90cc9
SERVER_TRAFFIC_SECRET_0 30ed71b4bd8b164aeb348c420a5f98f379f1e440b756df5715c5bf3d967cbfb5 67bba8de64735b4835d257770844c9351b54789b2134943f8a37b4ab49f47957
EXPORTER_SECRET 30ed71b4bd8b164aeb348c420a5f98f379f1e440b756df5715c5bf3d967cbfb5 7e53ec42042818e65af827919cbdc5cf1a0a913186eee3e19beb0baa6f178c55
CLIENT_RANDOM aa51577baa9dd7687acfe2c0802f6debfe94412217ee0b0c7156b1165cf14995 2cf884525877b243ac0012d40b8ab111b80b792da7f60e85631b7b6332a722051972ed8f8838328cbbf2ba8027eb6260
CLIENT_HANDSHAKE_TRAFFIC_SECRET 0fd683e05ac26f3bd936e7ca1fa300ef12680e514aeee40c25310ef95f13a6d4 1b2849b33695e6b083d480ec78a96193d49de9125454956fb5e567d99500bd04
SERVER_HANDSHAKE_TRAFFIC_SECRET 0fd683e05ac26f3bd936e7ca1fa300ef12680e514aeee40c25310ef95f13a6d4 feee8cba1810374ba728a2050364931bb27b22c369aba19a25d5b7457da17d19
CLIENT_TRAFFIC_SECRET_0 0fd683e05ac26f3bd936e7ca1fa300ef12680e514aeee40c25310ef95f13a6d4 05b719035f2ebd83b8f54d8f271d969f3ffefc7559fb850a1a1744554777497c
SERVER_TRAFFIC_SECRET_0 0fd683e05ac26f3bd936e7ca1fa300ef12680e514aeee40c25310ef95f13a6d4 429316b6d87cc4a7dc1b1943671533d3f2fda1f230cb6afd7e98cea2064694b2
EXPORTER_SECRET 0fd683e05ac26f3bd936e7ca1fa300ef12680e514aeee40c25310ef95f13a6d4 4981d7a157643bd0fa8dfe36f14e528b2755a93ae82d358d449b6daa94066e8b
CLIENT_HANDSHAKE_TRAFFIC_SECRET f73496cd5cf1bd12760f65beb2eb6d9a8a2fa2186a127a0e75439cc7256a97d2 5d169d181df2c6e76669b4b41cdb45d3d619734ffeec944d51346e752717b278
SERVER_HANDSHAKE_TRAFFIC_SECRET f73496cd5cf1bd12760f65beb2eb6d9a8a2fa2186a127a0e75439cc7256a97d2 d744d593ca3001f26c2045ca7ab1aef03ddda831a056d69d3ecab045a005a41f
CLIENT_TRAFFIC_SECRET_0 f73496cd5cf1bd12760f65beb2eb6d9a8a2fa2186a127a0e75439cc7256a97d2 d2eb85dd5f9aa16e55c43652f65a1b44ad1549ae74a99333ac142ed4c2cce4ea
SERVER_TRAFFIC_SECRET_0 f73496cd5cf1bd12760f65beb2eb6d9a8a2fa2186a127a0e75439cc7256a97d2 3207b9020e49087f039e7c661a398389a7f626d46d58076b312bb5fbf4a28360
EXPORTER_SECRET f73496cd5cf1bd12760f65beb2eb6d9a8a2fa2186a127a0e75439cc7256a97d2 45f09f8b4ef5bffa8fbe54cb3c6d8f3a5da2abf042b323c229068610f338cfbb
CLIENT_HANDSHAKE_TRAFFIC_SECRET 1d8e7cf529c48c075ca487d744c0cdb1b02b9c11dec10ff435f5eec9465b922f 698ff6c967b14c510ce96f0196f06f3a8fb745e7000e0d529f64fd33040c1a2d
SERVER_HANDSHAKE_TRAFFIC_SECRET 1d8e7cf529c48c075ca487d744c0cdb1b02b9c11dec10ff435f5eec9465b922f aa7025169f827a3de64f8b3b2000e476c59e6d6a460f4e93c006fc80c8c80f38
CLIENT_HANDSHAKE_TRAFFIC_SECRET adbf62210a4a65fc6d63f3f1fcd188ad8d0d3864acd9f2bf32a898218e422803 f635fd57be853fe312d020a3f06f4ce2e17de4789e3dc6641ffce943b72b3ba5
SERVER_HANDSHAKE_TRAFFIC_SECRET adbf62210a4a65fc6d63f3f1fcd188ad8d0d3864acd9f2bf32a898218e422803 9692d5b969a1179a9a64acfab3539644dee618bfcf4c412c0ac48dfc07d40f6c
CLIENT_TRAFFIC_SECRET_0 adbf62210a4a65fc6d63f3f1fcd188ad8d0d3864acd9f2bf32a898218e422803 fe124f94b89e161df4699c7f8a4643bc4a73adcc5c91c1023b1311f216d784ad
SERVER_TRAFFIC_SECRET_0 adbf62210a4a65fc6d63f3f1fcd188ad8d0d3864acd9f2bf32a898218e422803 88f56b76887a34b990e0ac6b7ff5923ae2a1d70d25e42abdb0630f8d025f0378
EXPORTER_SECRET adbf62210a4a65fc6d63f3f1fcd188ad8d0d3864acd9f2bf32a898218e422803 3a0129cc9ff4cf8089aa108bf93b2016332123be0e9002353ca4ce134ee5cb77
CLIENT_TRAFFIC_SECRET_0 1d8e7cf529c48c075ca487d744c0cdb1b02b9c11dec10ff435f5eec9465b922f 2f18ad687cb9a07c41412f800089d50d48f6fd1071831b30559228852b997cb2
SERVER_TRAFFIC_SECRET_0 1d8e7cf529c48c075ca487d744c0cdb1b02b9c11dec10ff435f5eec9465b922f 87b9b1be6daa42a28e8f7e8336722ab1b543d2c7e4a71f94541ffd67962d5c58
EXPORTER_SECRET 1d8e7cf529c48c075ca487d744c0cdb1b02b9c11dec10ff435f5eec9465b922f 732703da3d72996512fb02d6c0756e9e1c227cd396dfa3a3007f1a8a701aa80b
CLIENT_HANDSHAKE_TRAFFIC_SECRET afaba2b776cb4a0b753211b3b676fe14e0c5d4305d3fc42e83fcf90eae56419e 5dc578e17cdf70ac447647139b32bac6e2da8ce91091ba86ba10f7be02f938ae
SERVER_HANDSHAKE_TRAFFIC_SECRET afaba2b776cb4a0b753211b3b676fe14e0c5d4305d3fc42e83fcf90eae56419e 20fcc8928dfd6dd71511fa7525025ce2ececd69afaa02455e173bb853aa463ba
CLIENT_TRAFFIC_SECRET_0 afaba2b776cb4a0b753211b3b676fe14e0c5d4305d3fc42e83fcf90eae56419e 5fecbd8f4846dedffb27c43de7b88c8e00ed1ab8018f2dda0d55f43395132d41
SERVER_TRAFFIC_SECRET_0 afaba2b776cb4a0b753211b3b676fe14e0c5d4305d3fc42e83fcf90eae56419e 93f8cf3119396c8b625a3c7750fea2af8602c3edb09772a1fe5f74da7a9cb179
EXPORTER_SECRET afaba2b776cb4a0b753211b3b676fe14e0c5d4305d3fc42e83fcf90eae56419e fb2a656dd9a86946f34ba6410312682a227f0b83acf082698d51a98572ef4c47
CLIENT_HANDSHAKE_TRAFFIC_SECRET e8452a3c869ca8c3c2a89053545cb817b61d475bb52dc911ac0b6ced2ed68638 33054879a7b6c410d926e20e172498dabc16937253dde303b2d6612ac48dfccc
SERVER_HANDSHAKE_TRAFFIC_SECRET e8452a3c869ca8c3c2a89053545cb817b61d475bb52dc911ac0b6ced2ed68638 f0ec7533672bf0ed121f5fb41847c0cad3e94e719420ef4779ed8ab5cb3c10c8
CLIENT_HANDSHAKE_TRAFFIC_SECRET fc1a4061b4937fac52c4a83322cf9937bd46a8bd769996a98c934060e11c066f d58f6417b0e5abd7fcf36bc492131355fb5776f8f64dee51f4df9b270c3ddc05
SERVER_HANDSHAKE_TRAFFIC_SECRET fc1a4061b4937fac52c4a83322cf9937bd46a8bd769996a98c934060e11c066f 75101709fe03005e975460ec95e54d82f96107107f641161ec2418fae13d348b
CLIENT_TRAFFIC_SECRET_0 fc1a4061b4937fac52c4a83322cf9937bd46a8bd769996a98c934060e11c066f 9aecf2ccd3d965ceee4d72896b0b741d9b8422f8261c830dbf35cea5f7b04822
SERVER_TRAFFIC_SECRET_0 fc1a4061b4937fac52c4a83322cf9937bd46a8bd769996a98c934060e11c066f ed9046d7a2035a4ed6d861617e246f70d8bc7b3af915525e5c5f85ae5004660c
EXPORTER_SECRET fc1a4061b4937fac52c4a83322cf9937bd46a8bd769996a98c934060e11c066f 127cb815066dc72b2c45f67461ef8fea7bc57a554e8038aa417a47048e95a24a
CLIENT_TRAFFIC_SECRET_0 e8452a3c869ca8c3c2a89053545cb817b61d475bb52dc911ac0b6ced2ed68638 b89d897c93353771b0eda32a9cfe0a1752f7596b63f194674174f5cfcd79002d
SERVER_TRAFFIC_SECRET_0 e8452a3c869ca8c3c2a89053545cb817b61d475bb52dc911ac0b6ced2ed68638 c0d52acb3a335423d6c0ca97e9c03c9aef42f7c467b5ed2b53273a33e35382ca
EXPORTER_SECRET e8452a3c869ca8c3c2a89053545cb817b61d475bb52dc911ac0b6ced2ed68638 0805b4da7bd1fafee8346463810327d802e402d9ab1b647a2305bd1ae801fd83
CLIENT_HANDSHAKE_TRAFFIC_SECRET 7e115024260b40aa676a2c3aaf6db45df099b649827411c20b23ac8471a1347c a5e8aa2eae632fa0eb51fe61507137b52be84930ec7aa1149f22d041d26bd989
SERVER_HANDSHAKE_TRAFFIC_SECRET 7e115024260b40aa676a2c3aaf6db45df099b649827411c20b23ac8471a1347c f437420e183d7336340390bb12bae33fa1182dbab6a61f483f65f02bfef6e8f2
CLIENT_HANDSHAKE_TRAFFIC_SECRET b176225bacb4ec6660afc511a9471b44a1b8d408d807b116f66d593af9acec1d 2476ca61a1f16e9b22f01dd1e041eb93f4566f4da92d2482792032fb1f2f8630
SERVER_HANDSHAKE_TRAFFIC_SECRET b176225bacb4ec6660afc511a9471b44a1b8d408d807b116f66d593af9acec1d 81f8333f51d1243e118da67626c437d14690b835c95667d260c83dab57481b05
CLIENT_HANDSHAKE_TRAFFIC_SECRET 95da6ac8f6dc2083f4f56863c13f420c36d99b93194f2cfe9dd727a93b98a76c 18a3d2306160d18f372eb686797d6f288d9a981bf0df5f592322d015d78b4554
SERVER_HANDSHAKE_TRAFFIC_SECRET 95da6ac8f6dc2083f4f56863c13f420c36d99b93194f2cfe9dd727a93b98a76c ec940cc89a83eb2317d9e509c8f403b2094846d240671b12a61ac83fe460e393
CLIENT_TRAFFIC_SECRET_0 7e115024260b40aa676a2c3aaf6db45df099b649827411c20b23ac8471a1347c e843c1f7eac0670b3170cd993ec7f55d15068ea9af5257ffc99a0d124bd53b4d
SERVER_TRAFFIC_SECRET_0 7e115024260b40aa676a2c3aaf6db45df099b649827411c20b23ac8471a1347c 1c434abbf4ea4b825389ba1dce10d718c4c431bb5db08de353d7dbf4b362a306
EXPORTER_SECRET 7e115024260b40aa676a2c3aaf6db45df099b649827411c20b23ac8471a1347c 5d56c45411f90e79f85965262913daac11c2ba60fceabfa5ca9c667751e07f0d
CLIENT_HANDSHAKE_TRAFFIC_SECRET 0b9e731590f378353d22066c0be6fef35d0cc146463a1765bce49e0f44ce6c16 212b833edef7d3a4e0e684ede109596afdda76f4af408c7967824eb51e80a320
SERVER_HANDSHAKE_TRAFFIC_SECRET 0b9e731590f378353d22066c0be6fef35d0cc146463a1765bce49e0f44ce6c16 a8eb48d53ee2d5289c26663463554431e5daa682dda34d4fd37dd7beab5ba211
CLIENT_TRAFFIC_SECRET_0 b176225bacb4ec6660afc511a9471b44a1b8d408d807b116f66d593af9acec1d f82e130c47410cae9b078a771985bf85b13173cb1c4e1688b14dce6668dc2497
SERVER_TRAFFIC_SECRET_0 b176225bacb4ec6660afc511a9471b44a1b8d408d807b116f66d593af9acec1d 46212e4a7b6497caf711ce855aa1a960e7f419cc78821fae9095f270bd60cd3e
EXPORTER_SECRET b176225bacb4ec6660afc511a9471b44a1b8d408d807b116f66d593af9acec1d ef4e44f57926ab85158cce29299d7294b3ec92a6ee850b39c0a4a6bd45d76dbb
CLIENT_TRAFFIC_SECRET_0 95da6ac8f6dc2083f4f56863c13f420c36d99b93194f2cfe9dd727a93b98a76c e69eb511cee4d8d0a4f9ba4bac3d33099eecfeb14f689ecc5466a51f15c827e3
SERVER_TRAFFIC_SECRET_0 95da6ac8f6dc2083f4f56863c13f420c36d99b93194f2cfe9dd727a93b98a76c 41504be0d904497df2c230afc921e50984e66a2dbecc0502410b3db574e0c6ca
EXPORTER_SECRET 95da6ac8f6dc2083f4f56863c13f420c36d99b93194f2cfe9dd727a93b98a76c 39d01dc7cc23703f8d7b3b8b03833adeb47c4dfe42e27ee5f31bd3e08e86541d
CLIENT_HANDSHAKE_TRAFFIC_SECRET 5b82591f89f4d1d2ebe96d358738afb2dcbf6817a61ee95076b724268e5efa0a 7004d80a067327f9418ba4e89152b97a8cfc8f38ab73ad48f244c448f4b2878d
SERVER_HANDSHAKE_TRAFFIC_SECRET 5b82591f89f4d1d2ebe96d358738afb2dcbf6817a61ee95076b724268e5efa0a 2d0e887d263944d24d84589d511c26d4df8baf5743ae656c2fdca150ebda68a8
CLIENT_TRAFFIC_SECRET_0 0b9e731590f378353d22066c0be6fef35d0cc146463a1765bce49e0f44ce6c16 244c620e78e7ef10310338297598aeb0ed91298864a2997056d59f9116dcaf57
SERVER_TRAFFIC_SECRET_0 0b9e731590f378353d22066c0be6fef35d0cc146463a1765bce49e0f44ce6c16 e961df14f7ad019d1c837d1ecb885e7ee84af019298c296214d1c9678fc4b796
EXPORTER_SECRET 0b9e731590f378353d22066c0be6fef35d0cc146463a1765bce49e0f44ce6c16 671d89667b2760f7bb27d8594d08e41027cfdcf1440520ebc6598a5882c5e826
CLIENT_TRAFFIC_SECRET_0 5b82591f89f4d1d2ebe96d358738afb2dcbf6817a61ee95076b724268e5efa0a 41dc3ee46097f5dab603ec5627598cfa48ce600af885899477f012846eb2ccfa
SERVER_TRAFFIC_SECRET_0 5b82591f89f4d1d2ebe96d358738afb2dcbf6817a61ee95076b724268e5efa0a 97137d31f77aa90f8643c18fb72d93bdec69d5ee6c1efb4a582ca70c0727a64c
EXPORTER_SECRET 5b82591f89f4d1d2ebe96d358738afb2dcbf6817a61ee95076b724268e5efa0a 4501e864fe2f65fdb95c88dd8d6520119acaec4c655230b8f918380b43a60c65
CLIENT_HANDSHAKE_TRAFFIC_SECRET d91729b6e9eba327e422af0ece11553f5bbc7d6158934ab6905c84b3c61e7251 a463cd7b0071586166027324e55e8688032fbf501a24a43045b6d81fc8f184ad
SERVER_HANDSHAKE_TRAFFIC_SECRET d91729b6e9eba327e422af0ece11553f5bbc7d6158934ab6905c84b3c61e7251 4995e907853519eda7dacedb58009415bed9ef557c8a42502957263eca18c550
CLIENT_TRAFFIC_SECRET_0 d91729b6e9eba327e422af0ece11553f5bbc7d6158934ab6905c84b3c61e7251 f865b75bc4aec2eda382327510b1eb7937d38ed8eef40c59aa25ed99578969cb
SERVER_TRAFFIC_SECRET_0 d91729b6e9eba327e422af0ece11553f5bbc7d6158934ab6905c84b3c61e7251 e291c0f8d5c3b26d1d7606fc9047d745151a76470f45bd6c1a7312e2a1ae058e
EXPORTER_SECRET d91729b6e9eba327e422af0ece11553f5bbc7d6158934ab6905c84b3c61e7251 a9504a8db0755efc9d7be2a887fe4d71a2cc7e760a34bf1b26e1fd22dd03ec37
CLIENT_HANDSHAKE_TRAFFIC_SECRET d6954507628aea120f62f057f9c874051ce3e6074a1e5548eec06a6de4c89ee5 6531fd600cca0749df4d6dc10e9dfa7bb068955430877e0d6fd810e6f1c445da
SERVER_HANDSHAKE_TRAFFIC_SECRET d6954507628aea120f62f057f9c874051ce3e6074a1e5548eec06a6de4c89ee5 f06f15213f4c11fdb73a53f52d71fcccc5a87c996da38988c989d53fe19ec8b4
CLIENT_HANDSHAKE_TRAFFIC_SECRET 1f51bea54e9b533ed97bd2eb0f45f2811a39f44080467068cc8a87ab73bce98d c9f11b6485015c985603aea2aac3144cb2988f84fd5e62847056604ef0027146
SERVER_HANDSHAKE_TRAFFIC_SECRET 1f51bea54e9b533ed97bd2eb0f45f2811a39f44080467068cc8a87ab73bce98d 8bb7c59ee1fefc3134024ffb65ce126dbfb73ee33136f64786ca979eed7b8602
CLIENT_HANDSHAKE_TRAFFIC_SECRET f4715d3636ea456b9f3d1fd7da7768468e264293ad7f2ab64fd21715aa2d4baa 8d0a2f4e0ebaaeea78b089c2fba2ac3a14a1a447529cca238a573d338e4c02b4
SERVER_HANDSHAKE_TRAFFIC_SECRET f4715d3636ea456b9f3d1fd7da7768468e264293ad7f2ab64fd21715aa2d4baa d03a1666c74368b1b9424055c7c466f41e72f1f53a3367eeee0f4a6c1ce7f722
CLIENT_TRAFFIC_SECRET_0 d6954507628aea120f62f057f9c874051ce3e6074a1e5548eec06a6de4c89ee5 d1d6ae608aad559506e28e1a72a06ec82ac7958e53bef5c657714d5757275b01
SERVER_TRAFFIC_SECRET_0 d6954507628aea120f62f057f9c874051ce3e6074a1e5548eec06a6de4c89ee5 d34d63f4e244096a94f7d8282fcf825c55f84f9f3298cfe7d0e083b4ffee1f0d
EXPORTER_SECRET d6954507628aea120f62f057f9c874051ce3e6074a1e5548eec06a6de4c89ee5 c26739e7f90af56f454e2c97bcefd68f1e925f07b2f75fe23eeef4a2c5211e0f
CLIENT_TRAFFIC_SECRET_0 f4715d3636ea456b9f3d1fd7da7768468e264293ad7f2ab64fd21715aa2d4baa 620fef051698329764b8b782ea56f5def649ca53e82e5178a3d77eec55e26d11
SERVER_TRAFFIC_SECRET_0 f4715d3636ea456b9f3d1fd7da7768468e264293ad7f2ab64fd21715aa2d4baa a0d4bfaebabb222c24c4fe6d95c9ff46b29a2b1bcd415d49be1845d61f9f89e8
EXPORTER_SECRET f4715d3636ea456b9f3d1fd7da7768468e264293ad7f2ab64fd21715aa2d4baa 0a5dcdeddfe8575037fde7a02521523d12c149fb6e2e65ea42b2ba4939b665d5
CLIENT_TRAFFIC_SECRET_0 1f51bea54e9b533ed97bd2eb0f45f2811a39f44080467068cc8a87ab73bce98d 33dc8f2bb911ac3f9ea3d6bc44e106c042ab8ab3ad9b4a0b7eb38ff75d534405
SERVER_TRAFFIC_SECRET_0 1f51bea54e9b533ed97bd2eb0f45f2811a39f44080467068cc8a87ab73bce98d dcd92de599518d6c7cce8f10497d3d3625c1fcc5de6e1629ef824ebcdc8ab8fc
EXPORTER_SECRET 1f51bea54e9b533ed97bd2eb0f45f2811a39f44080467068cc8a87ab73bce98d 9258e21ebdfa08abe27a06407544e7627ea544fe3d78b84c30978fc5889f049d
CLIENT_HANDSHAKE_TRAFFIC_SECRET 1d873a8c13843a6476a1a975aa09fe213d9d1d48703b53f66b1806fde2a82634 4684204a7abc77d83d456aefec5fbe7148f1c1ddf75cc45905cd597b9250ba47
SERVER_HANDSHAKE_TRAFFIC_SECRET 1d873a8c13843a6476a1a975aa09fe213d9d1d48703b53f66b1806fde2a82634 ec1f7c45b02ffe96bc4a56451c7e71d7c2f705261d32c1f73ced450849d2b860
CLIENT_TRAFFIC_SECRET_0 1d873a8c13843a6476a1a975aa09fe213d9d1d48703b53f66b1806fde2a82634 53a0a95135c6e4659d486c0e22d37b37cbea917393cb8bc13a84e07cb3556beb
SERVER_TRAFFIC_SECRET_0 1d873a8c13843a6476a1a975aa09fe213d9d1d48703b53f66b1806fde2a82634 e0a08a2df772af49c7c383d7b6952f27755955609b6418fe664207ce2e3426af
EXPORTER_SECRET 1d873a8c13843a6476a1a975aa09fe213d9d1d48703b53f66b1806fde2a82634 147def802cf2a992bc185d8acf8deb0f7697eca9f0b59b28b410a9dae2ba601c
CLIENT_HANDSHAKE_TRAFFIC_SECRET 83f5c454d68e114400b59dcf50b88f511e719e5c4f5df057a4d49db1ff716677 19a437509c685129d8f8b4dc6f5e33f9f3049aa4cd7068974bba1c31e9795bed
SERVER_HANDSHAKE_TRAFFIC_SECRET 83f5c454d68e114400b59dcf50b88f511e719e5c4f5df057a4d49db1ff716677 51c5da8584fea054c4a3897ae464ae3fccf300dde4d24859a7bf94cb85f2018d
CLIENT_TRAFFIC_SECRET_0 83f5c454d68e114400b59dcf50b88f511e719e5c4f5df057a4d49db1ff716677 e4cab821c31a5a15c89eb0a94c5583932aa0b7be1116b29f7bedfba37860ef7d
SERVER_TRAFFIC_SECRET_0 83f5c454d68e114400b59dcf50b88f511e719e5c4f5df057a4d49db1ff716677 eb393db4deb14794f9cfe75815fd63d5d6fbfb9eac162f9f0ac1ee35cfd2c6eb
EXPORTER_SECRET 83f5c454d68e114400b59dcf50b88f511e719e5c4f5df057a4d49db1ff716677 f146a7a764eb6ec69d98ced4fa47404cb6fe031ad6bb12f8f8d66958bf1134a2
CLIENT_HANDSHAKE_TRAFFIC_SECRET b7ef73148575bc0a44227a644533ca2bb60020a89b81e4e62a311e9616ec73e4 dab212a5f02ae876897c407f46d7917fe37e1d7be88672f7ec3114c633c6988e
SERVER_HANDSHAKE_TRAFFIC_SECRET b7ef73148575bc0a44227a644533ca2bb60020a89b81e4e62a311e9616ec73e4 59fff46d5da606b404c99ca985efa7eb0367f7d764ae5fe45019ffca9ab077e2
CLIENT_HANDSHAKE_TRAFFIC_SECRET 77902a71c1b991e877c9b909f36d9fd1559278ff5f493f68a5894ccd97958740 b4c984a55448d338702d94192aa745f308a9db2c63cc83ff39ac3dc8b831eafa
SERVER_HANDSHAKE_TRAFFIC_SECRET 77902a71c1b991e877c9b909f36d9fd1559278ff5f493f68a5894ccd97958740 ee0ef4bf6b73bcf952d16891c40bf4eaff23283bc5f1c1ce2c7d1642192656db
CLIENT_TRAFFIC_SECRET_0 b7ef73148575bc0a44227a644533ca2bb60020a89b81e4e62a311e9616ec73e4 10db187ed30cfa28e150c72d32fad52a266e967925f0dce168acbb6eb4b3ad54
SERVER_TRAFFIC_SECRET_0 b7ef73148575bc0a44227a644533ca2bb60020a89b81e4e62a311e9616ec73e4 01e9e38246790c487fc5da1b177e9669fe4b7ff6625b44c0ecbe1e4984e5bf3d
EXPORTER_SECRET b7ef73148575bc0a44227a644533ca2bb60020a89b81e4e62a311e9616ec73e4 20918ea4547a24d3c5a7632bbaf663e9b859f3653405dbc43106f5d61d8c15b2
CLIENT_HANDSHAKE_TRAFFIC_SECRET a4e09dc26aa967bc4ebcddf3f3cf80a436cf5f2c160402c59d9f78edb414a23e 55c49d3fe41cf17333489ec7f312e2218b2b58159c0ca59ccbb78761f18c7fdb
SERVER_HANDSHAKE_TRAFFIC_SECRET a4e09dc26aa967bc4ebcddf3f3cf80a436cf5f2c160402c59d9f78edb414a23e d57743dcdfdcc04001fbde39439271f740bdd8b51e88c72e0c69c411c2ae2253
CLIENT_HANDSHAKE_TRAFFIC_SECRET 542d433fb93ae9dc60b83aea0b163b9bfb28c0b523862d9b341fcee3431acbbe bf7bfa1033fa5e475a5b9ca75c8f44e8e87f0a6103dc5dc126883808cbe25250
SERVER_HANDSHAKE_TRAFFIC_SECRET 542d433fb93ae9dc60b83aea0b163b9bfb28c0b523862d9b341fcee3431acbbe 1e9be1d5a3d5c9952adda9c65f2b10296cc4486f237b60c0d7de29dc072c8a0e
CLIENT_TRAFFIC_SECRET_0 77902a71c1b991e877c9b909f36d9fd1559278ff5f493f68a5894ccd97958740 f01f7e8345c497f8efca462c4e27fefff6efcc7f01bbbdcc8cc36f23a0caa94f
SERVER_TRAFFIC_SECRET_0 77902a71c1b991e877c9b909f36d9fd1559278ff5f493f68a5894ccd97958740 12c4902d135ea70575a9158bcc4e5b8253a3fde8c65acff5ee72b922e5311c01
EXPORTER_SECRET 77902a71c1b991e877c9b909f36d9fd1559278ff5f493f68a5894ccd97958740 d260a9c558574ba0fbc4edfb2bbd4d784e8edf723059cb3130d943f636913903
CLIENT_HANDSHAKE_TRAFFIC_SECRET 94aa0582085f83988e034855c20dd02964a349192c697f978fb1a8d402932d03 3896e38df8cb05799bb7f3fc14da76b957d956a0e053eaa1609eb1006a6d0e3d
SERVER_HANDSHAKE_TRAFFIC_SECRET 94aa0582085f83988e034855c20dd02964a349192c697f978fb1a8d402932d03 8a2e5cdec74a7a51c632fa4dbcab1734145d17582de889b5d2cce8c77b49e350
CLIENT_TRAFFIC_SECRET_0 a4e09dc26aa967bc4ebcddf3f3cf80a436cf5f2c160402c59d9f78edb414a23e 2727a3ed0c0460c35ffbebb9bad968d488b018d07942766327e87a378734c7fd
SERVER_TRAFFIC_SECRET_0 a4e09dc26aa967bc4ebcddf3f3cf80a436cf5f2c160402c59d9f78edb414a23e bae2a7ae6c40e2e8e28f15005de2bd70901a9cda371895c67cf50810c7ea15ab
EXPORTER_SECRET a4e09dc26aa967bc4ebcddf3f3cf80a436cf5f2c160402c59d9f78edb414a23e 0dda089252e799eacd81ba75faa6da5a301837ad4b546d288163da90463ad9ef
CLIENT_TRAFFIC_SECRET_0 542d433fb93ae9dc60b83aea0b163b9bfb28c0b523862d9b341fcee3431acbbe af2662d875a9ad575ebc4d79dc0b2baafdf5c82d5389f27b6b771acecbddc1a7
SERVER_TRAFFIC_SECRET_0 542d433fb93ae9dc60b83aea0b163b9bfb28c0b523862d9b341fcee3431acbbe c78f0b1ac669a7a4081a45ba66196677cad8c9818a29d7d4fe4ee59d06d0b756
EXPORTER_SECRET 542d433fb93ae9dc60b83aea0b163b9bfb28c0b523862d9b341fcee3431acbbe 96b55bce0ba72d97752115d840f0fca671eb81808059742d6867624d7c9dc38a
CLIENT_HANDSHAKE_TRAFFIC_SECRET 8fdec361b1f9a10a219a7c27148acae648b78f57a9ba273cd76f120dbd6ac3f7 27656bc7bf9a609f7caf327ff935363fb1c7a3c82b991fd91ddc5d55d9e55eee
SERVER_HANDSHAKE_TRAFFIC_SECRET 8fdec361b1f9a10a219a7c27148acae648b78f57a9ba273cd76f120dbd6ac3f7 c8f9f0185b90494af6378bf2710201e19bbd0bed11e4817b801ca8f3c9572d96
CLIENT_HANDSHAKE_TRAFFIC_SECRET c3badfd744add4cf0548398221332a72f786417b90b86b87c1eadd81e2c37ec5 c72df539e17c94cb892af8e58af593b46ee012e7a03ad02867af50c8a97202c9
SERVER_HANDSHAKE_TRAFFIC_SECRET c3badfd744add4cf0548398221332a72f786417b90b86b87c1eadd81e2c37ec5 7098bd5c2196e810fd1201b229d86bd09ee480584029f85890cf50675004f608
CLIENT_HANDSHAKE_TRAFFIC_SECRET ce375d88432d50ef5e42afa0858752882dac5df6c6e94f71f6fbcbc95666747a a61a8b08a15fd56e5e84fe207bad08bc3c7bbb4cc6ccb742ccee54491220d443
SERVER_HANDSHAKE_TRAFFIC_SECRET ce375d88432d50ef5e42afa0858752882dac5df6c6e94f71f6fbcbc95666747a d3d6879a29ed0c72715e7fd4ed561fd2f9dc8fe697a5b69542e8025b1928b4c2
CLIENT_TRAFFIC_SECRET_0 8fdec361b1f9a10a219a7c27148acae648b78f57a9ba273cd76f120dbd6ac3f7 705f189996e7eb59039348084543ef7a61fa113450098607f438790e2e8a8b90
SERVER_TRAFFIC_SECRET_0 8fdec361b1f9a10a219a7c27148acae648b78f57a9ba273cd76f120dbd6ac3f7 c2174e912f23e3c1d2daf5d32e59dbd6b2f4d8bb2aa7e988166f4c76fc46ac8d
EXPORTER_SECRET 8fdec361b1f9a10a219a7c27148acae648b78f57a9ba273cd76f120dbd6ac3f7 f96919cf8d535bd86f7eab59041fc1392f8542509e31dd223cf66d5e485e27ed
CLIENT_TRAFFIC_SECRET_0 94aa0582085f83988e034855c20dd02964a349192c697f978fb1a8d402932d03 26c04429109f33dc5276f30e3e0c67ba8d8b11e9de60a5b08a079bf3f908ebe1
SERVER_TRAFFIC_SECRET_0 94aa0582085f83988e034855c20dd02964a349192c697f978fb1a8d402932d03 b99eac0af8b85c15648a04c7bcee7976d36af4dba713e79c6f4eac74ec4c4429
EXPORTER_SECRET 94aa0582085f83988e034855c20dd02964a349192c697f978fb1a8d402932d03 e134ea4b7b65cd883ef04e00f820a5c0ccc7efa8cbac58dfe87b8f38c364e30b
CLIENT_TRAFFIC_SECRET_0 c3badfd744add4cf0548398221332a72f786417b90b86b87c1eadd81e2c37ec5 e5a95a581f8c1a383385a2c15656a18e8730f3751a53d9984a2d3db34e3a3dc2
SERVER_TRAFFIC_SECRET_0 c3badfd744add4cf0548398221332a72f786417b90b86b87c1eadd81e2c37ec5 3f6899588a3c215b2fa498e4074344c21f908092c8e6d6521f0344695e42aa14
EXPORTER_SECRET c3badfd744add4cf0548398221332a72f786417b90b86b87c1eadd81e2c37ec5 31d227492e29c0ec225f93416056e71b8ce2dc637f57bc966dcf912d774fa89b
CLIENT_TRAFFIC_SECRET_0 ce375d88432d50ef5e42afa0858752882dac5df6c6e94f71f6fbcbc95666747a 9a6ac47d11264ef9011035d2a71df300f7993275a827ba765783163afc8e856c
SERVER_TRAFFIC_SECRET_0 ce375d88432d50ef5e42afa0858752882dac5df6c6e94f71f6fbcbc95666747a 108ba2c076597a8da48e66e675f627d2df68ccdc102b1c162d4d03bd3599ba09
EXPORTER_SECRET ce375d88432d50ef5e42afa0858752882dac5df6c6e94f71f6fbcbc95666747a 4a232d1ae7cc9ab6d962fbc00a6dc31af7da36c95563201bdace88bcfd453cc3
CLIENT_HANDSHAKE_TRAFFIC_SECRET d0797b0bac82e9b80ae7e1dd81c3ad080ba21c22b19f10b5bebc3b9f3ab5f867 ad3a3f2413c99c1b0a0506cf6aeb675a0a3d0fe2332fe8a8b3f642b3049832e5
SERVER_HANDSHAKE_TRAFFIC_SECRET d0797b0bac82e9b80ae7e1dd81c3ad080ba21c22b19f10b5bebc3b9f3ab5f867 4df01c30dd4851d09074db169e1f4115f84220e2c78c62db9fc171ccf7517cee
CLIENT_HANDSHAKE_TRAFFIC_SECRET 7ba6d4fd84f78757d6a173d03368a98e56db24b100ca98b15d7371e1b1518c20 ddef0a5c3effdc0c2c28b56bc5a15419056d0878425ad9343b59fcea962d2a77
SERVER_HANDSHAKE_TRAFFIC_SECRET 7ba6d4fd84f78757d6a173d03368a98e56db24b100ca98b15d7371e1b1518c20 e652b6881c72e703f7e8c8de2848bdbe4ab0e1148e421bc506dd1e0dc9c7f7f5
CLIENT_TRAFFIC_SECRET_0 d0797b0bac82e9b80ae7e1dd81c3ad080ba21c22b19f10b5bebc3b9f3ab5f867 9827291337efe0ad66419c8be0b4ca2904e34459b08d19f807829f53bbdda304
SERVER_TRAFFIC_SECRET_0 d0797b0bac82e9b80ae7e1dd81c3ad080ba21c22b19f10b5bebc3b9f3ab5f867 848eb4c3bec4ce426770d3ba241332de9ef80195fa76be07293b1151bf94a195
EXPORTER_SECRET d0797b0bac82e9b80ae7e1dd81c3ad080ba21c22b19f10b5bebc3b9f3ab5f867 4f9ca36e9880ce9449d5fc59071cd037bc5a37881a731da5f2bd3f3ae1290cc4
CLIENT_TRAFFIC_SECRET_0 7ba6d4fd84f78757d6a173d03368a98e56db24b100ca98b15d7371e1b1518c20 49be104a7fb8696fec40ed735a89f11fe1892d59a21aca7d5c47485789fdecc5
SERVER_TRAFFIC_SECRET_0 7ba6d4fd84f78757d6a173d03368a98e56db24b100ca98b15d7371e1b1518c20 be94b1854a3ca5be87de3bf1a670dddb9e5f3ea02a14855fddfbf2fb04b53ebd
EXPORTER_SECRET 7ba6d4fd84f78757d6a173d03368a98e56db24b100ca98b15d7371e1b1518c20 5d51753f86cb64ecbfc9e05e96ed4da81c5b64f8d70ce43eae01e8991605d5a4
CLIENT_HANDSHAKE_TRAFFIC_SECRET 05eb93ac74eca842d1ab796da1d25ba685b9769d0424de786dcf4cdd40de917e 45c1aec92e6637b81d7d3b78103d8907f39a8faf47400708476683facd279d40
SERVER_HANDSHAKE_TRAFFIC_SECRET 05eb93ac74eca842d1ab796da1d25ba685b9769d0424de786dcf4cdd40de917e 3076baf7162a5512e1143c3e9df073ec94fbe14a2076327424f6454c0a1d8e5b
CLIENT_TRAFFIC_SECRET_0 05eb93ac74eca842d1ab796da1d25ba685b9769d0424de786dcf4cdd40de917e 39a31bcbd76f6887a6a6efeb017021b3c8a364a377336c23ee932cd1df8f5738
SERVER_TRAFFIC_SECRET_0 05eb93ac74eca842d1ab796da1d25ba685b9769d0424de786dcf4cdd40de917e dbabf97bd2ca38386345dc47ee5064c44fdd287c9b8a7788e0741d262fea8152
EXPORTER_SECRET 05eb93ac74eca842d1ab796da1d25ba685b9769d0424de786dcf4cdd40de917e a587a72686d31015c8da09e7ac91d68f04f284ce1d251c62d2ef87c465a441ac
CLIENT_HANDSHAKE_TRAFFIC_SECRET 668a71b41180d95445866794ade6ed951ab22e08363d28573e0e9663b9be0c89 e24f18a3c18796fed170a98565ab913681d78d41439d79ddde2a93bba0d9656e
SERVER_HANDSHAKE_TRAFFIC_SECRET 668a71b41180d95445866794ade6ed951ab22e08363d28573e0e9663b9be0c89 46cc1132704da932e27b0ddc481412256f6ef903798dcb57a2ff5673497e70e5
CLIENT_HANDSHAKE_TRAFFIC_SECRET 61eed6f18765dba965db609a9109a3c5a9b760cbb2411260823f5acb57acd28f 876cc64cc0e961205b822a4ad8ee9e8d129659b36436bf3bb28fbb592a4e8f48
SERVER_HANDSHAKE_TRAFFIC_SECRET 61eed6f18765dba965db609a9109a3c5a9b760cbb2411260823f5acb57acd28f 3b48db9836e7adaabfe34d13b49d7f297eb7d67eff9a71c3975bb1fb4f995cf7
CLIENT_TRAFFIC_SECRET_0 668a71b41180d95445866794ade6ed951ab22e08363d28573e0e9663b9be0c89 9351c150346aaa122ba14587c5e3c6c886ed5ebfcdf4deb0d911336d27e3dd36
SERVER_TRAFFIC_SECRET_0 668a71b41180d95445866794ade6ed951ab22e08363d28573e0e9663b9be0c89 29aaa75642adc71a09110e38d6661982289920733d758de231b4a71048e57296
EXPORTER_SECRET 668a71b41180d95445866794ade6ed951ab22e08363d28573e0e9663b9be0c89 77936dc3d5e11a4b71299f47e8e14eb9bb154806f2a75dfc61e854ed2daa73c7
CLIENT_TRAFFIC_SECRET_0 61eed6f18765dba965db609a9109a3c5a9b760cbb2411260823f5acb57acd28f 2d2ddffeea0c3808cd3884caa24c487bfb5b6bab176c0e6d41f47ce6626c4a2e
SERVER_TRAFFIC_SECRET_0 61eed6f18765dba965db609a9109a3c5a9b760cbb2411260823f5acb57acd28f a78848c73a53ad47e3990abe61c9b1a0e4db1fe374754f23261ee412493846ce
EXPORTER_SECRET 61eed6f18765dba965db609a9109a3c5a9b760cbb2411260823f5acb57acd28f 2eeeaa4de59aaac21aaa535400b844737f686a73b9a9e202798ca00e68e31f64
CLIENT_HANDSHAKE_TRAFFIC_SECRET 276a578db31e6c355050d4c3a600b0b7fede61776ea2d222875801bbaee16869 0f9d8d0e68ef4ecfa636312bde64296348e3ccb46ec4494ee1c370215e12627b
SERVER_HANDSHAKE_TRAFFIC_SECRET 276a578db31e6c355050d4c3a600b0b7fede61776ea2d222875801bbaee16869 1763f1fb9e6fc4d3b1cfa8d382234259fdf74e6795803f85632424d6c79bc7a9
CLIENT_HANDSHAKE_TRAFFIC_SECRET 99f1b3988ee37da9c7485e3ab009ac2695d0d482aa9b3546012e34a87d1cff12 d1c4b5c0ae43a75c416df899e5046f3ef78378427f307097c5e30e863a973758
SERVER_HANDSHAKE_TRAFFIC_SECRET 99f1b3988ee37da9c7485e3ab009ac2695d0d482aa9b3546012e34a87d1cff12 eb96a16c5c7e24e3b6943789c862cdb0ab0ec08e23edb833fb622520d21521a6
CLIENT_HANDSHAKE_TRAFFIC_SECRET 99992bdeadfa25f5eb44c15194bbb082268cbcd845a65c55ffba3e62b06a4af1 6793ee3669a7f411f343278ede4d4a6d7d7fc5fe17893b1b7bbdf003c43ff937
SERVER_HANDSHAKE_TRAFFIC_SECRET 99992bdeadfa25f5eb44c15194bbb082268cbcd845a65c55ffba3e62b06a4af1 d9027ff7a4f689c7ff2cce2e81b144f3e37b5ce1793fad1d280b105646f9b9da
CLIENT_HANDSHAKE_TRAFFIC_SECRET 7a737a1917fc9e44faa53b47e0d10b4a2b4a00b58de47a85b90923267fca070a e25c7213965f5e0c0a1ba77babe879241ce5a43eadf22f03b4f77fd0cd71cf9b
SERVER_HANDSHAKE_TRAFFIC_SECRET 7a737a1917fc9e44faa53b47e0d10b4a2b4a00b58de47a85b90923267fca070a 74c135ff1c84dc3ffa858a625f4c57c1bec5a9c27071786ddea1aa3e4f9d6c9d
CLIENT_HANDSHAKE_TRAFFIC_SECRET 24bb64d89f17cba4b2dbdfadbbc8799d37150a298b2804511e1b219880a00734 befea7bc1b44750b4e9f36a4620cbcb2099a074b466cbf485c815c957928b89c
SERVER_HANDSHAKE_TRAFFIC_SECRET 24bb64d89f17cba4b2dbdfadbbc8799d37150a298b2804511e1b219880a00734 664915c6345fa750d964d5c53e560d625b7fe7e497be11d9efcbfb28e4e176e3
CLIENT_HANDSHAKE_TRAFFIC_SECRET 54ed83d54d18bdc96c65a0ea746c27912274729813f6dba99d94f314fac055af c1f7135855d6dcf525446799449d0f49efa0622dc34f88eaa996c2cae4801e51
SERVER_HANDSHAKE_TRAFFIC_SECRET 54ed83d54d18bdc96c65a0ea746c27912274729813f6dba99d94f314fac055af a112453727f0dfc345f5ce38a12db65b7183d25198b0f7f6479ee337b3cbb7a2
CLIENT_TRAFFIC_SECRET_0 276a578db31e6c355050d4c3a600b0b7fede61776ea2d222875801bbaee16869 2f2a3288fd4f59f26edecbfc6833d0e5df00748430a3f844cf46f85176815f46
SERVER_TRAFFIC_SECRET_0 276a578db31e6c355050d4c3a600b0b7fede61776ea2d222875801bbaee16869 8e642230a6dc03f9e29f21bf7a0e75947da10c4f63a710732968c96aca3678c3
EXPORTER_SECRET 276a578db31e6c355050d4c3a600b0b7fede61776ea2d222875801bbaee16869 ee8568f877626e92fc81e0e6303d6698849d21ccc9e22bdb66ecf7a0fee3aafb
CLIENT_TRAFFIC_SECRET_0 24bb64d89f17cba4b2dbdfadbbc8799d37150a298b2804511e1b219880a00734 374dcbab3bc605dde40bfe46d4c975a3ec460ee4e28f77835236982c6eedc13f
SERVER_TRAFFIC_SECRET_0 24bb64d89f17cba4b2dbdfadbbc8799d37150a298b2804511e1b219880a00734 ee28322387a6fb6866389cf38c710f739106e0f1319476eefa9e48be129c4a74
EXPORTER_SECRET 24bb64d89f17cba4b2dbdfadbbc8799d37150a298b2804511e1b219880a00734 c400a378a3a4f8cb3fcad531b9f5fc43ce1762716cc37ff568226c8efc71575c
CLIENT_TRAFFIC_SECRET_0 99f1b3988ee37da9c7485e3ab009ac2695d0d482aa9b3546012e34a87d1cff12 d546700f66dbeaf5233b68ee450c863304fe2a08fea1f16c5d03bf735f8f033a
SERVER_TRAFFIC_SECRET_0 99f1b3988ee37da9c7485e3ab009ac2695d0d482aa9b3546012e34a87d1cff12 025da2e895b03988f4ce9e2349686e2b00a929369b741f1ed87b3139704c02ec
EXPORTER_SECRET 99f1b3988ee37da9c7485e3ab009ac2695d0d482aa9b3546012e34a87d1cff12 987c1e2f30d416b46003907f5b9a00cbe52358f64e796a7d3ec0c51f7b9eee0b
CLIENT_TRAFFIC_SECRET_0 99992bdeadfa25f5eb44c15194bbb082268cbcd845a65c55ffba3e62b06a4af1 3d3dc4b004197aadc6011cc1c12352d5f3efd3c02272b2cc293159f1ede45283
SERVER_TRAFFIC_SECRET_0 99992bdeadfa25f5eb44c15194bbb082268cbcd845a65c55ffba3e62b06a4af1 2aa6cd51f7de13136ad9a867d9e3ebd5154ff01a65a6b1b70e0b78b5bf276c3c
EXPORTER_SECRET 99992bdeadfa25f5eb44c15194bbb082268cbcd845a65c55ffba3e62b06a4af1 dc4002dd92d8b6a62a088079165aaa8e08d18d4e07c9e21ac5848012e488b8cc
CLIENT_TRAFFIC_SECRET_0 54ed83d54d18bdc96c65a0ea746c27912274729813f6dba99d94f314fac055af 27de13b7d839f52d458a759cb39a8ac1b708c096df2786c76366bcae5ba438a7
SERVER_TRAFFIC_SECRET_0 54ed83d54d18bdc96c65a0ea746c27912274729813f6dba99d94f314fac055af 8673554c82f9bfb781cfac159c27feee158f2f3efbe2893f62836e60638fd9d8
EXPORTER_SECRET 54ed83d54d18bdc96c65a0ea746c27912274729813f6dba99d94f314fac055af c44bf02ea4e4735b43c80c8a4f7e46616b868897c4d6b2ba86a42f4bc2ae3479
CLIENT_TRAFFIC_SECRET_0 7a737a1917fc9e44faa53b47e0d10b4a2b4a00b58de47a85b90923267fca070a b7707129c2dfa305001f69010650eb128889b13a8f1e896eaedbcb4d3ba902d8
SERVER_TRAFFIC_SECRET_0 7a737a1917fc9e44faa53b47e0d10b4a2b4a00b58de47a85b90923267fca070a 035fd8b31f2d732e5d41d7a9acf16b2c8ae7f8e136024ab13fc8189b97d22b44
EXPORTER_SECRET 7a737a1917fc9e44faa53b47e0d10b4a2b4a00b58de47a85b90923267fca070a 1249024a6488ddbcd730133ce3bd2a800474c4393e86740c0a42d89aaa38b36a
CLIENT_HANDSHAKE_TRAFFIC_SECRET f79d98cba55e1d0fa648d1fe563fcfc31fb6bba0404e4703bc46332eaf4a4d0b 83e91124271029eade911030dacad5f1266d16d2ceed79a56c7b3875312e462a
SERVER_HANDSHAKE_TRAFFIC_SECRET f79d98cba55e1d0fa648d1fe563fcfc31fb6bba0404e4703bc46332eaf4a4d0b fd25bcdd50c0c7e442f04634b92497bea1cd001beeb275f11eaa371af71f317b
CLIENT_TRAFFIC_SECRET_0 f79d98cba55e1d0fa648d1fe563fcfc31fb6bba0404e4703bc46332eaf4a4d0b a41b74c40328ad0afaca6b68689743ece88724b27097b2726883ad5091bfc2df
SERVER_TRAFFIC_SECRET_0 f79d98cba55e1d0fa648d1fe563fcfc31fb6bba0404e4703bc46332eaf4a4d0b 6f3f699e214fc6d7abcc427cf92eef8cb7561e5814cc3b63a599924a72c03ff2
EXPORTER_SECRET f79d98cba55e1d0fa648d1fe563fcfc31fb6bba0404e4703bc46332eaf4a4d0b 559d5d762c2b2175869f9fb8261351b965541eb0d785ba8e6b7f7a14b87c0c3c
CLIENT_HANDSHAKE_TRAFFIC_SECRET 76064644151e86f0b71d777dbdc3378c7dea060f429fef63c8059e5cb2c4327c 950be746b0d74caa5611d79d0523bb51e7a8b1d681c90f59856557e30ccb274a
SERVER_HANDSHAKE_TRAFFIC_SECRET 76064644151e86f0b71d777dbdc3378c7dea060f429fef63c8059e5cb2c4327c 492eabb2707f220a127a85646899093e496598b20f9cc775ce8c647cb5d641c0
CLIENT_HANDSHAKE_TRAFFIC_SECRET a441c88e07972303b0f6b997bd6efa24d2099dc07ac3e78ef071e5f1840d70cc 68f3eea011502376f4e09797cb796a7cdd81a0bea132df7c096a907cf5fa1d44
SERVER_HANDSHAKE_TRAFFIC_SECRET a441c88e07972303b0f6b997bd6efa24d2099dc07ac3e78ef071e5f1840d70cc 836869bb239e77ece8a377ee9aabf1f0b3fc75a3ee8fc729e5cc530decc6b386
CLIENT_TRAFFIC_SECRET_0 76064644151e86f0b71d777dbdc3378c7dea060f429fef63c8059e5cb2c4327c bb92e457cb4e52526da5bac5da4de5e5e2d2c49c872b65afa22b9927b2017e8d
SERVER_TRAFFIC_SECRET_0 76064644151e86f0b71d777dbdc3378c7dea060f429fef63c8059e5cb2c4327c dee4ee65e9e7f16c47eb86d634f24d1e1a918dce99613a6010308b591505b1ef
EXPORTER_SECRET 76064644151e86f0b71d777dbdc3378c7dea060f429fef63c8059e5cb2c4327c 27bca855c63851546bf7b92c3090059df748bc8eda777495eb0f5005697baeb7
CLIENT_TRAFFIC_SECRET_0 a441c88e07972303b0f6b997bd6efa24d2099dc07ac3e78ef071e5f1840d70cc a28f6194b128d73c09eb0196ba57ba863c5fb35814fa25939e51d54a4107b63b
SERVER_TRAFFIC_SECRET_0 a441c88e07972303b0f6b997bd6efa24d2099dc07ac3e78ef071e5f1840d70cc 746aaf4d4619fa6dcf0149d22cf5fa3f154794a89399e1fe593b3d75004bfe79
EXPORTER_SECRET a441c88e07972303b0f6b997bd6efa24d2099dc07ac3e78ef071e5f1840d70cc 74521a38b19f9b771345ef5facdb0615d887c0c26f295efd97cdfe7943834d40
CLIENT_HANDSHAKE_TRAFFIC_SECRET 4c2f1043ec44cf82b2924518bec6bb959ddef20ef66bccaa6004a9155b603e8e 5bee4d23fc186c6dac81d6f835447b34a03d638471344237e6094d0f765d3e78
SERVER_HANDSHAKE_TRAFFIC_SECRET 4c2f1043ec44cf82b2924518bec6bb959ddef20ef66bccaa6004a9155b603e8e af751b3c9fc0dde3e6355e629995d7d3d8fb0e84ba21206842d2fbb986700074
CLIENT_TRAFFIC_SECRET_0 4c2f1043ec44cf82b2924518bec6bb959ddef20ef66bccaa6004a9155b603e8e 0087275ab7003035c2e3c8978c62f8045fe16a3af4c843ac8029e638e194f103
SERVER_TRAFFIC_SECRET_0 4c2f1043ec44cf82b2924518bec6bb959ddef20ef66bccaa6004a9155b603e8e a81690031b9f34d7fab0ba16e371a5992ebf31c89386b9bf10299a013e8f77c5
EXPORTER_SECRET 4c2f1043ec44cf82b2924518bec6bb959ddef20ef66bccaa6004a9155b603e8e 8a31dabe85a06ee9546ab50b270d5328e00bd6c76cb68f334de7db213e326e64
CLIENT_HANDSHAKE_TRAFFIC_SECRET c43589f92941c5a17b7d6049b55ce4fbebf9c04252d3d7777ee21864c889c8db ac31c7fb7e12fdc799c8cbf3eb6c2c6989d53cb770a9c08d328eeec982d0acf3
SERVER_HANDSHAKE_TRAFFIC_SECRET c43589f92941c5a17b7d6049b55ce4fbebf9c04252d3d7777ee21864c889c8db 4b660a4b9d099d8a1dee11e6ea0ea5d459f6cae1aab6d99d13ffba6a8ec0ed6b
CLIENT_TRAFFIC_SECRET_0 c43589f92941c5a17b7d6049b55ce4fbebf9c04252d3d7777ee21864c889c8db 6cb9512c705f56c89da8e0a8bca49258f334bf695bb63c96c842a30002ce6f1c
SERVER_TRAFFIC_SECRET_0 c43589f92941c5a17b7d6049b55ce4fbebf9c04252d3d7777ee21864c889c8db 92df4b41b626c791bafb9a8e33e99eb1e2571093c78b7928b27df9d94b5bb7a2
EXPORTER_SECRET c43589f92941c5a17b7d6049b55ce4fbebf9c04252d3d7777ee21864c889c8db 3657c7bcc084ecdb1890847f0c86812353cbefe7f8f523c4e5b78b67295ce1d8
CLIENT_HANDSHAKE_TRAFFIC_SECRET a476b304c0bd2134b4e04a84919152416e6ee2f7e72353d272bc0e89189b955a cfefc46070744f030659175154c5d96570d5ae0b681fdea56b5f15ea821d1d41
SERVER_HANDSHAKE_TRAFFIC_SECRET a476b304c0bd2134b4e04a84919152416e6ee2f7e72353d272bc0e89189b955a 02644e7b48b21a979d2c091d2c4f7fbb1c2ba4e4294c6e71813e880d6b2c10a9
CLIENT_HANDSHAKE_TRAFFIC_SECRET 6f16245b117a8f18b9dfd645037ba216bb4219222c839af9676e094f2be92a3e b8eccdc5cfa69c7a845f440decb5a8439c27d644f81610275b9568f1b1bef79b
SERVER_HANDSHAKE_TRAFFIC_SECRET 6f16245b117a8f18b9dfd645037ba216bb4219222c839af9676e094f2be92a3e 16b7a127ac39fe8ee60a6dcb898e99b908e34b26474b56752710191fa25058ba
CLIENT_HANDSHAKE_TRAFFIC_SECRET c73bbdd38e0b1fd676341082b6b3f2d7c50f6b84180b22d6695ff4fdc76cdb5e fc50f957e6d7c533d92a64e48cf345f165962675e6591717c4018d12816794bf
SERVER_HANDSHAKE_TRAFFIC_SECRET c73bbdd38e0b1fd676341082b6b3f2d7c50f6b84180b22d6695ff4fdc76cdb5e 07bee57bb2a0f2eb8902aff94e63944771ef8898f61fb6fbd3b661202008311c
CLIENT_HANDSHAKE_TRAFFIC_SECRET 76dd7635cb3f4727b8dbdebf5062560491b084407ef0b4fc4c1d673146760f9d 50bfb4bfa1972fa6ca11a8b7f7cdcace0bc1f09c23ac3712d9b025be7dc8ec5b
SERVER_HANDSHAKE_TRAFFIC_SECRET 76dd7635cb3f4727b8dbdebf5062560491b084407ef0b4fc4c1d673146760f9d 073e503540cea7fc9398866e067c8365d0364597ef004cadb50987b93c228f8c
CLIENT_TRAFFIC_SECRET_0 a476b304c0bd2134b4e04a84919152416e6ee2f7e72353d272bc0e89189b955a 853c8e15f7de2dc74b88871670f303a8bfdce7ed49fe63de3cf208b1ae09d090
SERVER_TRAFFIC_SECRET_0 a476b304c0bd2134b4e04a84919152416e6ee2f7e72353d272bc0e89189b955a 490a5ec03383b1004e27b71ae1d329b548ebe742b7d3b9b5bef09777b960f7b3
EXPORTER_SECRET a476b304c0bd2134b4e04a84919152416e6ee2f7e72353d272bc0e89189b955a 8d70f3a3a7ebc4dbc9adc0c8f532078861eba7f4c736f7ffae1ce96053c5106a
CLIENT_TRAFFIC_SECRET_0 6f16245b117a8f18b9dfd645037ba216bb4219222c839af9676e094f2be92a3e e2bb111b220af38a5836accac7b806104ba0fec6e8ac73b8e389de1b33d60dc6
SERVER_TRAFFIC_SECRET_0 6f16245b117a8f18b9dfd645037ba216bb4219222c839af9676e094f2be92a3e 8f3216bb9cb711e9941e26e87e9e4128ac4300ee638a032e44e47495b9d16f03
EXPORTER_SECRET 6f16245b117a8f18b9dfd645037ba216bb4219222c839af9676e094f2be92a3e 47d166a4bd3dcbe4c43091d1c8cf188ec6b424ffc2edff3ab118eeb9f28d6d1d
CLIENT_HANDSHAKE_TRAFFIC_SECRET 8e9324a2db54a6bd402374e25c02a6e5ca710065482bdab60e33db4298afeb9a 124c98803c98bc1ea530720ba53dd030db246581316a9d98c07706101b0893cb
SERVER_HANDSHAKE_TRAFFIC_SECRET 8e9324a2db54a6bd402374e25c02a6e5ca710065482bdab60e33db4298afeb9a 8638e710c1645315f0242239867f3f23f76fefa4ce4fbadf979dabe9a6573249
CLIENT_TRAFFIC_SECRET_0 c73bbdd38e0b1fd676341082b6b3f2d7c50f6b84180b22d6695ff4fdc76cdb5e dffb8128822c8eccd8a2fcf3b2488113e507580a75c40b141d34a447bf7c0b00
SERVER_TRAFFIC_SECRET_0 c73bbdd38e0b1fd676341082b6b3f2d7c50f6b84180b22d6695ff4fdc76cdb5e 447a8a1868fa440855b527fbdd7db433ac1966eb227f0fee4318509cfd05eafa
EXPORTER_SECRET c73bbdd38e0b1fd676341082b6b3f2d7c50f6b84180b22d6695ff4fdc76cdb5e 8fcb96c7a2b9e5f57f6cf1e4c1e6a4aed18513cde8ef5b44a5410f0105fe06f1
CLIENT_TRAFFIC_SECRET_0 76dd7635cb3f4727b8dbdebf5062560491b084407ef0b4fc4c1d673146760f9d 55c8fbe0c9cf6c658aed1166ecbc0b668cd7897c8f6edfef40fec7e95a870722
SERVER_TRAFFIC_SECRET_0 76dd7635cb3f4727b8dbdebf5062560491b084407ef0b4fc4c1d673146760f9d e8cfd873463153905557c9b63f36da2b327860ee227d8cee0458435b35763fbf
EXPORTER_SECRET 76dd7635cb3f4727b8dbdebf5062560491b084407ef0b4fc4c1d673146760f9d ee9735309a075865799487f0952ad860825ba40bf9caca6938b0792ed0fa84e0
CLIENT_TRAFFIC_SECRET_0 8e9324a2db54a6bd402374e25c02a6e5ca710065482bdab60e33db4298afeb9a 756ac9bd4dc3b476fd7113db475592f97d7e306895ae8badbb96d9debf4de5ee
SERVER_TRAFFIC_SECRET_0 8e9324a2db54a6bd402374e25c02a6e5ca710065482bdab60e33db4298afeb9a 1c95fe7fc6994bf75eae975e1b65e56e7fa308ba54327c89a29bfadd9328f674
EXPORTER_SECRET 8e9324a2db54a6bd402374e25c02a6e5ca710065482bdab60e33db4298afeb9a 6830390a5ed72a340fb1468627f46409eb832ac15e8b54cb63d0f51f29dbd481
CLIENT_HANDSHAKE_TRAFFIC_SECRET a7b9f40c3e3fdb3658a508dcceb02ff1ba297e168bc3b81106d8fdb15dd3c3d0 e33df1e82b9a45205ecde749c629928670702d765ded53f103a1d3bfeaed4791
SERVER_HANDSHAKE_TRAFFIC_SECRET a7b9f40c3e3fdb3658a508dcceb02ff1ba297e168bc3b81106d8fdb15dd3c3d0 ffbea042643ebf58af2d0a319a7f049e5f8e78ada0c76b5b162390673f5f0090
CLIENT_TRAFFIC_SECRET_0 a7b9f40c3e3fdb3658a508dcceb02ff1ba297e168bc3b81106d8fdb15dd3c3d0 d3c46d42bb648faf22912505986f810546ca94659320b6438e2a2e547fcffdc0
SERVER_TRAFFIC_SECRET_0 a7b9f40c3e3fdb3658a508dcceb02ff1ba297e168bc3b81106d8fdb15dd3c3d0 99ebb2e6e8806f8555a7cde52a297a9711f5334ccbc81ac70f02a2115c07ade0
EXPORTER_SECRET a7b9f40c3e3fdb3658a508dcceb02ff1ba297e168bc3b81106d8fdb15dd3c3d0 7810eeaea529e74e53444c0a2639d862056e80814d2df0113d9c3783e6a7199d
CLIENT_HANDSHAKE_TRAFFIC_SECRET 8c7cf3aab83399643f1f49b7d466213987b1bdec9acbceae86aaea8beea8d089 2aed3d53d728b27d4abc8d508c1f9e18aa2a4f56999ad4ecabcf9472e14fc8b0
SERVER_HANDSHAKE_TRAFFIC_SECRET 8c7cf3aab83399643f1f49b7d466213987b1bdec9acbceae86aaea8beea8d089 1bcb1121d97e73bd6ceebcfe1aa527cd32a6eae158f4c2659194329a72b7c2fb
CLIENT_TRAFFIC_SECRET_0 8c7cf3aab83399643f1f49b7d466213987b1bdec9acbceae86aaea8beea8d089 51bbafef8d2691b98887a8a7c18b5d0d83a0f0cd93ce2cc0038355af6c36e0ee
SERVER_TRAFFIC_SECRET_0 8c7cf3aab83399643f1f49b7d466213987b1bdec9acbceae86aaea8beea8d089 421c0ea9103332327cb5b558678c0bc242fbe60f6c69923ce3c1e59a5c90423d
EXPORTER_SECRET 8c7cf3aab83399643f1f49b7d466213987b1bdec9acbceae86aaea8beea8d089 d380be3873ed4ac561995826875d8e0658a462b48c449d7ced036a29b4da3cb8
CLIENT_HANDSHAKE_TRAFFIC_SECRET 74106ab818c267cf51e8f950309463a61e8ede3e46da7a0bb50a45c89b3a6fed 97123ea468d2fd51d0de60c0b35c18ecba6df2d79b98a960e81095b97e29328d
SERVER_HANDSHAKE_TRAFFIC_SECRET 74106ab818c267cf51e8f950309463a61e8ede3e46da7a0bb50a45c89b3a6fed 0a80e0d45c9b5900622c4822866f508a82cf1d40bd63a6e6719c63bda72044d0
CLIENT_TRAFFIC_SECRET_0 74106ab818c267cf51e8f950309463a61e8ede3e46da7a0bb50a45c89b3a6fed d7d1f78367785c2ebed2278d313085070be0dd8545bfc1c05582a2428add38b3
SERVER_TRAFFIC_SECRET_0 74106ab818c267cf51e8f950309463a61e8ede3e46da7a0bb50a45c89b3a6fed 018645e6636e0f58a159258f2e0c87cf3b8603ab76a455f45713152556405f69
EXPORTER_SECRET 74106ab818c267cf51e8f950309463a61e8ede3e46da7a0bb50a45c89b3a6fed 27a3c383be3dfd272f8c99fc6fea9042bbead08eda7ec492077efe44c9f1d56e
CLIENT_HANDSHAKE_TRAFFIC_SECRET 4f1b748cb86588de7ddb2b296b9f426c74c9737e1ba688fa580ebe32edc28528 c5105d80c4fe4bbe1dc42ecd75fdab1f14c1bc657dc5bc560ba9880fd3da7ae9
SERVER_HANDSHAKE_TRAFFIC_SECRET 4f1b748cb86588de7ddb2b296b9f426c74c9737e1ba688fa580ebe32edc28528 102bd03b80d11d1fc890ce9c68820c5f19732ba2d54fb65c8a8247190b3d34ef
CLIENT_TRAFFIC_SECRET_0 4f1b748cb86588de7ddb2b296b9f426c74c9737e1ba688fa580ebe32edc28528 006d182db08e8c27fe937d7df6737ce339d26bca4e30a03065549856c042b90d
SERVER_TRAFFIC_SECRET_0 4f1b748cb86588de7ddb2b296b9f426c74c9737e1ba688fa580ebe32edc28528 c5b65bbf4a406cca56957e486c26bc636ef6966e414d963c7d3bb28f6226dc6d
EXPORTER_SECRET 4f1b748cb86588de7ddb2b296b9f426c74c9737e1ba688fa580ebe32edc28528 2ebf5bebf883a99d778ef2120d1ce7a9e983774817a6c45f3d76f26b3ac21c3d
CLIENT_HANDSHAKE_TRAFFIC_SECRET 2ff40ed920343697c04c7b35b7b07492211a8c0ccb1d60738386383a9731a09b 942c0cd61a7e572174d111c9a4e7367d9652f129a6e2d93afde0a4455a944875
SERVER_HANDSHAKE_TRAFFIC_SECRET 2ff40ed920343697c04c7b35b7b07492211a8c0ccb1d60738386383a9731a09b cf2fa5cd8a703f716ec591b0dc5b81a6bbbcab9f30e880f3b14596e4fc6f83a9
CLIENT_TRAFFIC_SECRET_0 2ff40ed920343697c04c7b35b7b07492211a8c0ccb1d60738386383a9731a09b 244bd9ba2cc67186e48e9fba11ee1c39874ae663f1db6cdf6c0f3983a516c22e
SERVER_TRAFFIC_SECRET_0 2ff40ed920343697c04c7b35b7b07492211a8c0ccb1d60738386383a9731a09b b7d27656f26e62871cd71c9ca788ebcc3e0517a43dc9142e5c1f1751ca97fa0d
EXPORTER_SECRET 2ff40ed920343697c04c7b35b7b07492211a8c0ccb1d60738386383a9731a09b 12311a76d8a5b5051b3f766f352ce9a556d49e9563f0f248b2ba29bda4305475
CLIENT_HANDSHAKE_TRAFFIC_SECRET 81ea5b13ccaf66cbe0bd99a27ae211f0d755e466fa3396b6c45b48ba5ba3129a 0d1f98c30f23709e2f14510e7fecd9a05d450ff3a333f2e1a95fbcd6260ef5e3
SERVER_HANDSHAKE_TRAFFIC_SECRET 81ea5b13ccaf66cbe0bd99a27ae211f0d755e466fa3396b6c45b48ba5ba3129a 3b04ede3c859383f4328577590524b26048ca525ac6d3489b0cfd9aef77f7c9f
CLIENT_HANDSHAKE_TRAFFIC_SECRET d911fedeaebfed5a5e33595b7131c570278eb7f12226fa0aeb0c456ec1e19e09 11dbcecbd658f16e18bb47febf98dab804865b3e163ef7492bb2b4b30f70d7f5
SERVER_HANDSHAKE_TRAFFIC_SECRET d911fedeaebfed5a5e33595b7131c570278eb7f12226fa0aeb0c456ec1e19e09 726ceea1af4957429fd670a0bba2cda9c5dc1f03d09e8cc00f2b1b942d16e840
CLIENT_TRAFFIC_SECRET_0 81ea5b13ccaf66cbe0bd99a27ae211f0d755e466fa3396b6c45b48ba5ba3129a 323fbaa763560cf69a7b0acc3a20f556b42fb602fb99a31e41da387c748228d7
SERVER_TRAFFIC_SECRET_0 81ea5b13ccaf66cbe0bd99a27ae211f0d755e466fa3396b6c45b48ba5ba3129a 179d1bea135bd515d78a69b33e419cd1c58a87f803b753ee42a722e21aae0673
EXPORTER_SECRET 81ea5b13ccaf66cbe0bd99a27ae211f0d755e466fa3396b6c45b48ba5ba3129a 9cedee4a468b7d84677675627f8c4526b45e7244b36c81b5978b050064361bbf
CLIENT_TRAFFIC_SECRET_0 d911fedeaebfed5a5e33595b7131c570278eb7f12226fa0aeb0c456ec1e19e09 ef5a545cb9e09af0c1c403278857a0b3c4bcb9bb9b929278fbb78716d2ac0476
SERVER_TRAFFIC_SECRET_0 d911fedeaebfed5a5e33595b7131c570278eb7f12226fa0aeb0c456ec1e19e09 58007c47373e2d46b40566befcbeba1e895a8a5cd6408740a67308d73fdb6c5a
EXPORTER_SECRET d911fedeaebfed5a5e33595b7131c570278eb7f12226fa0aeb0c456ec1e19e09 3fd62a2938a607c9fb561bb0b1e3c60763a902b52d4f89c51a633e2d23b487ac
CLIENT_HANDSHAKE_TRAFFIC_SECRET 24b34fea3d3034766ecf32866a2dbd6c8f6fba61e30120c7c9c1f0facc0cd047 d246a1deb279af9885b650a840ad4730b04f825f3cc2e0a86e0a3472c3e2ac2b
SERVER_HANDSHAKE_TRAFFIC_SECRET 24b34fea3d3034766ecf32866a2dbd6c8f6fba61e30120c7c9c1f0facc0cd047 494dae862684d632d1ba7fc4f8ee13635d180a0663eb74a46cd2ce5a273c7a01
CLIENT_TRAFFIC_SECRET_0 24b34fea3d3034766ecf32866a2dbd6c8f6fba61e30120c7c9c1f0facc0cd047 a033fecc249283812f5caa30dff16f2837c79727f2578d2514141b66a3d12447
SERVER_TRAFFIC_SECRET_0 24b34fea3d3034766ecf32866a2dbd6c8f6fba61e30120c7c9c1f0facc0cd047 4c6d8df3f9bce54532b605b33c09fef1e47411f44ebc921e1eb34a280156f355
EXPORTER_SECRET 24b34fea3d3034766ecf32866a2dbd6c8f6fba61e30120c7c9c1f0facc0cd047 f3d097ad182ec062870a32d29f091fb7456694f2f172344c35a5123a68d0f483
CLIENT_HANDSHAKE_TRAFFIC_SECRET 6f86e00f51725873bd14004c5b9c33e523f4946b8ef0ea4b25ec5b38ac853ca1 2ce62c4eb15c8cf7799c1c2469e1e0260d11da1c5f226d5f8898f0978b7e91e9
SERVER_HANDSHAKE_TRAFFIC_SECRET 6f86e00f51725873bd14004c5b9c33e523f4946b8ef0ea4b25ec5b38ac853ca1 7ec332518eac499b1c9107cfb8b0cd388c3267b6cc45f13599933ffb19a5095e
CLIENT_HANDSHAKE_TRAFFIC_SECRET 62eab43051a7faf25da88990f49ce9f43a155468b9e5a381eeffc85a91563434 8ec753ece3b2224eb9e80982675975cb0ca5479512f245b14b147a44fa30c123
SERVER_HANDSHAKE_TRAFFIC_SECRET 62eab43051a7faf25da88990f49ce9f43a155468b9e5a381eeffc85a91563434 efd9cfe4f3b9733e4979cf6e1329e086bc74b781a5bf247212055b47710c7119
CLIENT_TRAFFIC_SECRET_0 6f86e00f51725873bd14004c5b9c33e523f4946b8ef0ea4b25ec5b38ac853ca1 c5542014d29a17e5a2d5b39e47a1f8c93c977c0518b3bc9bb30b28a3582dc240
SERVER_TRAFFIC_SECRET_0 6f86e00f51725873bd14004c5b9c33e523f4946b8ef0ea4b25ec5b38ac853ca1 5fec5fcea8d7aff688f9be2e5da9f57d724c0dad4ca5a738530f5671b5d5b5e6
EXPORTER_SECRET 6f86e00f51725873bd14004c5b9c33e523f4946b8ef0ea4b25ec5b38ac853ca1 71b89336f0b8965c77f6a5b713b7052ecd3f9c53bd573f01d357c8499323f39d
CLIENT_TRAFFIC_SECRET_0 62eab43051a7faf25da88990f49ce9f43a155468b9e5a381eeffc85a91563434 74a56cf2bcb398429604be75895d39b9ba33f95e07d03802845105ee3a401d52
SERVER_TRAFFIC_SECRET_0 62eab43051a7faf25da88990f49ce9f43a155468b9e5a381eeffc85a91563434 4d886e8d81642263f6fc55d1b23468abb14d203bf54821feea488ec5dffe8e3e
EXPORTER_SECRET 62eab43051a7faf25da88990f49ce9f43a155468b9e5a381eeffc85a91563434 6fa061757fceaa2e596f8ddf7e1ba6fce74e2eefc0ba0121adfa6cef6756ffda
CLIENT_EARLY_TRAFFIC_SECRET 9af788291ecfcdac30ad2019a6a34b0b4c33f17c9877d1609d42560e9bdf3d5e 8a139400d6b4716dc540267b0a00df17f01e6ded285bf986f4e6a3d07b1c1e75
EARLY_EXPORTER_SECRET 9af788291ecfcdac30ad2019a6a34b0b4c33f17c9877d1609d42560e9bdf3d5e 8b7d6cb0cd9d55632cf4212acd32a4a54899b2cab0b113a04c471e4d473a12b2
CLIENT_HANDSHAKE_TRAFFIC_SECRET 9af788291ecfcdac30ad2019a6a34b0b4c33f17c9877d1609d42560e9bdf3d5e 4a1080e871da075e7d29d3758b46fd4df5a6c619bda71d3f92a6a6b454982c8a
SERVER_HANDSHAKE_TRAFFIC_SECRET 9af788291ecfcdac30ad2019a6a34b0b4c33f17c9877d1609d42560e9bdf3d5e 5ccfbafb7bdf5ef93542634d2cf2dfd4dc3ed44c537dde24ec44c64ca9f0b442
CLIENT_TRAFFIC_SECRET_0 9af788291ecfcdac30ad2019a6a34b0b4c33f17c9877d1609d42560e9bdf3d5e 90a7281149dbd64cfedf7f490591227ab72d517045f931c65620f74935c32020
SERVER_TRAFFIC_SECRET_0 9af788291ecfcdac30ad2019a6a34b0b4c33f17c9877d1609d42560e9bdf3d5e a30ae93585a4c6713ceec98cf03becbc40a5d83c17883a4977da765d8cdb9f96
EXPORTER_SECRET 9af788291ecfcdac30ad2019a6a34b0b4c33f17c9877d1609d42560e9bdf3d5e 8e57505bd2a8cba02e9cbb8e212e94b3350a7cd2bcac4ea1cce5e627e4201ad8
CLIENT_HANDSHAKE_TRAFFIC_SECRET 31466d7c60016e9c422c98090901fd2dd3990aa4549e3caa0d4c7cd8e67b4c5a 38e67b9f2d56ab908abc0d7c5d3dea67e6b62dcf2f6ca4b654fc2c279ca8f6d7
SERVER_HANDSHAKE_TRAFFIC_SECRET 31466d7c60016e9c422c98090901fd2dd3990aa4549e3caa0d4c7cd8e67b4c5a 673ae25e4eb2eca1b86f6f1f250f9c8acc290f6b8e49c169d3baa14e5f0292c7
CLIENT_TRAFFIC_SECRET_0 31466d7c60016e9c422c98090901fd2dd3990aa4549e3caa0d4c7cd8e67b4c5a 17edce72bd57dea1d262809c519268d7d53a5b9c2c5dd8be6bffeed240aa8807
SERVER_TRAFFIC_SECRET_0 31466d7c60016e9c422c98090901fd2dd3990aa4549e3caa0d4c7cd8e67b4c5a 52ac210fcb19996c61506d67c9657c3a006fbbf90931f4d36f9ff0657d1c95a4
EXPORTER_SECRET 31466d7c60016e9c422c98090901fd2dd3990aa4549e3caa0d4c7cd8e67b4c5a a3e08b47a8dff071246c455986affcdc4b638ce4aceb9fe03a104bb006db82be
CLIENT_HANDSHAKE_TRAFFIC_SECRET 1d6fb4ad6b1cde1099018f7b389a61f0fd1469ee9ca220f34fe2b3e4628a4cae 2855ed8e68bf3f5212c94f4821d70d0ffd7bfe3463238236edbee7e701e3a61c
SERVER_HANDSHAKE_TRAFFIC_SECRET 1d6fb4ad6b1cde1099018f7b389a61f0fd1469ee9ca220f34fe2b3e4628a4cae c548a2a14d9800e0830682f130db44a2136c2809d7a4512f8c61e083501b38c5
CLIENT_TRAFFIC_SECRET_0 1d6fb4ad6b1cde1099018f7b389a61f0fd1469ee9ca220f34fe2b3e4628a4cae 8bd4a914e4aa9fa923e731b294fefff989cab3d2c8817660e60a6580749adbda
SERVER_TRAFFIC_SECRET_0 1d6fb4ad6b1cde1099018f7b389a61f0fd1469ee9ca220f34fe2b3e4628a4cae a9bf0c72bb162a546a56f443ee64b4b5613262693224e70916e95a65f1dbaf21
EXPORTER_SECRET 1d6fb4ad6b1cde1099018f7b389a61f0fd1469ee9ca220f34fe2b3e4628a4cae 75def8564f09d91253e0026e93cf82613d57d9c5c2c80c55d4e1e6bd6e0aeec1
CLIENT_HANDSHAKE_TRAFFIC_SECRET c4563baee17de87438b0ece647f0e114bf7f4c2625912522aae3322d09a3c4c0 7a4c6868f4edd554feb666e2ffb977dd5fe01ea5b75860b89dd6b47ed82b0246
SERVER_HANDSHAKE_TRAFFIC_SECRET c4563baee17de87438b0ece647f0e114bf7f4c2625912522aae3322d09a3c4c0 0e06ba28c7eedf6ecb143ccc2c06162f0bbc9e7df330a7767586c78c7cadb3be
CLIENT_TRAFFIC_SECRET_0 c4563baee17de87438b0ece647f0e114bf7f4c2625912522aae3322d09a3c4c0 4d44ad348878c2a713cb7ebde73f436f36c390477efdbce6bc26ee8cd9ade82d
SERVER_TRAFFIC_SECRET_0 c4563baee17de87438b0ece647f0e114bf7f4c2625912522aae3322d09a3c4c0 0bad9151033ae50b52aefdad486f372f16dfdf0cbdb75ee3fe01b6095b48dbd3
EXPORTER_SECRET c4563baee17de87438b0ece647f0e114bf7f4c2625912522aae3322d09a3c4c0 42fd7a9368107f9c48c28c7e3cbe894ab818472667010aea4f1eb8396f4dde04
CLIENT_EARLY_TRAFFIC_SECRET d52182e72d4c4f5691b1766fdfcf29b4a6d14de61668acb1b1ab00f3179af782 665f7834449554ea796818d3347ab4c19483d575e2d3aea66ba36977a8e4947e
EARLY_EXPORTER_SECRET d52182e72d4c4f5691b1766fdfcf29b4a6d14de61668acb1b1ab00f3179af782 a675783c7eb818307cbb699242692632bd46da25216ce9c8adbba32eb01a6af9
CLIENT_HANDSHAKE_TRAFFIC_SECRET d52182e72d4c4f5691b1766fdfcf29b4a6d14de61668acb1b1ab00f3179af782 4690c19d2d2c48816975abb3a350f1cb0fe4952dc1088b48fd8c670017e8042a
SERVER_HANDSHAKE_TRAFFIC_SECRET d52182e72d4c4f5691b1766fdfcf29b4a6d14de61668acb1b1ab00f3179af782 3a5d9d8859d339108e1c5e3cb3a4ec792cc674ce31f6cca525a60e6f24d2000a
CLIENT_TRAFFIC_SECRET_0 d52182e72d4c4f5691b1766fdfcf29b4a6d14de61668acb1b1ab00f3179af782 b6bb30b9083da653f10bb864126ad79151e6ec80b008cdef99762fe141befdfa
SERVER_TRAFFIC_SECRET_0 d52182e72d4c4f5691b1766fdfcf29b4a6d14de61668acb1b1ab00f3179af782 97b795d8d976c7b6a491d5c68b429eb9d9454e2385b1fdb8aadf6ca6fb13480c
EXPORTER_SECRET d52182e72d4c4f5691b1766fdfcf29b4a6d14de61668acb1b1ab00f3179af782 a8e1df4b21541d3c2dd4bc5b574c198a38f9cb086b02c4d91a737c4251dd55b3
CLIENT_EARLY_TRAFFIC_SECRET c6f1c7bb0cce0bb538b436331d33e229a764271d01ddaca7fc70d51f4c7e8ad3 064ee33f0aad6c74457d879599cafcdccec3f3c3318c40a1f1aa439d9746d688
EARLY_EXPORTER_SECRET c6f1c7bb0cce0bb538b436331d33e229a764271d01ddaca7fc70d51f4c7e8ad3 ff449cd300600bc8618d1e30a01df814a87eb8c0eb21280825dbfac352325286
CLIENT_EARLY_TRAFFIC_SECRET b15e64f2c25e26c67dc342d5bd51900fa459eca12c4316b88f606ab8aa7c7043 04f109775227dc48ed3e2a8b8159d57e7e492e91f27edee205be8de873f1a8fe
EARLY_EXPORTER_SECRET b15e64f2c25e26c67dc342d5bd51900fa459eca12c4316b88f606ab8aa7c7043 ceed9ea0c3d388d5cfd70754923dc607920b194eecfef3e2ea3fdf515501ae61
CLIENT_HANDSHAKE_TRAFFIC_SECRET 63ba8b4f400ca579688f401c37595d69f42c4e297fda12750320f676104db818 d3c3a4c1f0c143922f988a30de811027a3f0bfb44513fb4f7984ce6b16c7e539
SERVER_HANDSHAKE_TRAFFIC_SECRET 63ba8b4f400ca579688f401c37595d69f42c4e297fda12750320f676104db818 14989922d8ac42ad9b338e509668f9a9202c33712a167c65ec629d59240ce4ea
CLIENT_HANDSHAKE_TRAFFIC_SECRET c6f1c7bb0cce0bb538b436331d33e229a764271d01ddaca7fc70d51f4c7e8ad3 e3ba0e45ee202e12df23f26eae6ffef2eb67eb2ce1dc71d4a599f45c413d51ed
SERVER_HANDSHAKE_TRAFFIC_SECRET c6f1c7bb0cce0bb538b436331d33e229a764271d01ddaca7fc70d51f4c7e8ad3 15bda7cc615409cd27a631e6fdc2cdb1a307755787d3a30d06b3ba858764b867
CLIENT_TRAFFIC_SECRET_0 c6f1c7bb0cce0bb538b436331d33e229a764271d01ddaca7fc70d51f4c7e8ad3 3f4e46fdbb15808ecd99acd68bdbeaa72f8ee57664d3b2bc1998f9dfc384a44d
SERVER_TRAFFIC_SECRET_0 c6f1c7bb0cce0bb538b436331d33e229a764271d01ddaca7fc70d51f4c7e8ad3 77d5d5fef757cddc27b3c3f1ebc1001853c26e7f7c0f66c1fff78d20f039a61f
EXPORTER_SECRET c6f1c7bb0cce0bb538b436331d33e229a764271d01ddaca7fc70d51f4c7e8ad3 8191c67b73bcd9261b033fbb45097a04a631661f71332ac35c3d43544efd99b1
CLIENT_EARLY_TRAFFIC_SECRET 0550acdc5baad7b31a6546e0c42213ee38b343eb95e9a95117f6c0d3bc270f73 f6b2f9fa7b38fa79e743d22450f5048e6bca11d4689610d7296151f96a7f19fd
EARLY_EXPORTER_SECRET 0550acdc5baad7b31a6546e0c42213ee38b343eb95e9a95117f6c0d3bc270f73 fa88a4a1157a03c69887509774a117dc0b9e9c48fa6a3b2183a40f756cadf7e1
CLIENT_HANDSHAKE_TRAFFIC_SECRET 3455bb9963ce2a7fe5b0c77175652efa9e1cc98454ce4372571109dcfac62376 ebb34bc3d04ac94977e19ed91ae1b9823ceb0f20c4131993c56ffbfd96e6a5a7
SERVER_HANDSHAKE_TRAFFIC_SECRET 3455bb9963ce2a7fe5b0c77175652efa9e1cc98454ce4372571109dcfac62376 900a89f7af76711288ac0dbfcc9a4598f61d08c8183f4470254450e32f3de59c
CLIENT_HANDSHAKE_TRAFFIC_SECRET b15e64f2c25e26c67dc342d5bd51900fa459eca12c4316b88f606ab8aa7c7043 34cf00ac3e0e194f18d7784f86d136cff74727d0e5dc83fc4d98f6b13efde37f
SERVER_HANDSHAKE_TRAFFIC_SECRET b15e64f2c25e26c67dc342d5bd51900fa459eca12c4316b88f606ab8aa7c7043 7584712fed07cf0a319d9068e7a4865ea2b2b3e9da968205b59f2f740bfdfc56
CLIENT_TRAFFIC_SECRET_0 b15e64f2c25e26c67dc342d5bd51900fa459eca12c4316b88f606ab8aa7c7043 ce8d6b487fc91a8f4d347196d273282f345425e4db04543b0ded558376c27db6
SERVER_TRAFFIC_SECRET_0 b15e64f2c25e26c67dc342d5bd51900fa459eca12c4316b88f606ab8aa7c7043 afdcf3ca7b16d10c440836f9caf30847b8b36717af3ac199d29db0c6d817d58a
EXPORTER_SECRET b15e64f2c25e26c67dc342d5bd51900fa459eca12c4316b88f606ab8aa7c7043 291dec0502c1c7bcd0ef7454ea48553413d6aee183bf2619b99d7759ac23c97d
CLIENT_EARLY_TRAFFIC_SECRET 8a6aa288f5332b0d3e592790d47432e089e86441bbe948b5de379ae3d6e72dec 0c1fb4cd803ec04cd332428bed7944043bdcc202adba5b535755b8e5de4d0174
EARLY_EXPORTER_SECRET 8a6aa288f5332b0d3e592790d47432e089e86441bbe948b5de379ae3d6e72dec 6a8f918181913dfef20c04ec2d5e7e59e215b3e0e42bb52cbce45a35f2cf8f24
CLIENT_TRAFFIC_SECRET_0 63ba8b4f400ca579688f401c37595d69f42c4e297fda12750320f676104db818 1ee8cbd22ab6c98ce842760b9eb7745992ae339a416c7d4eceec407774b47907
SERVER_TRAFFIC_SECRET_0 63ba8b4f400ca579688f401c37595d69f42c4e297fda12750320f676104db818 691f77fe4a06c7aeca0e57af2f1447fa7772674481da97d3dd339bc4f336793e
EXPORTER_SECRET 63ba8b4f400ca579688f401c37595d69f42c4e297fda12750320f676104db818 40bd202334c837bd75f817b23046a11a8f9ac5f2cda6bf83e85d51e64a0643c7
CLIENT_HANDSHAKE_TRAFFIC_SECRET 0550acdc5baad7b31a6546e0c42213ee38b343eb95e9a95117f6c0d3bc270f73 0d73c29e544f34211c2f1f7cc70fdaa5709e7c2928910e5643426ddf14a36ec5
SERVER_HANDSHAKE_TRAFFIC_SECRET 0550acdc5baad7b31a6546e0c42213ee38b343eb95e9a95117f6c0d3bc270f73 aa1e6a2707e486ad2d38367833b026fa0226f3912da9875e8042bc4326d69c14
CLIENT_TRAFFIC_SECRET_0 0550acdc5baad7b31a6546e0c42213ee38b343eb95e9a95117f6c0d3bc270f73 b55a47e03e2404991e3fbd4297a2124f61a5aed09d22eae4a58585ef971dd01a
SERVER_TRAFFIC_SECRET_0 0550acdc5baad7b31a6546e0c42213ee38b343eb95e9a95117f6c0d3bc270f73 ca38d6db6725453e8f04b3c570c5ae9576b6ef9919a933a8cff9d80f87e6e769
EXPORTER_SECRET 0550acdc5baad7b31a6546e0c42213ee38b343eb95e9a95117f6c0d3bc270f73 542a306037c616a2662e4a3a6fb9a4295c31b26289aadfae0db21ce6d7c9a508
CLIENT_HANDSHAKE_TRAFFIC_SECRET 8a6aa288f5332b0d3e592790d47432e089e86441bbe948b5de379ae3d6e72dec 890b81d38b7c7443ded99aa564899e7fa4c04ea6042b33f1cc85443b4fdcd990
SERVER_HANDSHAKE_TRAFFIC_SECRET 8a6aa288f5332b0d3e592790d47432e089e86441bbe948b5de379ae3d6e72dec 0f056c030dfa5a843f7264e4c5cf158ec8479aab98416d68e5ff5997e8644d82
CLIENT_TRAFFIC_SECRET_0 8a6aa288f5332b0d3e592790d47432e089e86441bbe948b5de379ae3d6e72dec dbba6494ed0bdf201265a5e6788ad97cc814d106ed952bb40dafa6ed95f5a05a
SERVER_TRAFFIC_SECRET_0 8a6aa288f5332b0d3e592790d47432e089e86441bbe948b5de379ae3d6e72dec b6244f609daefe946ffd70781d19789bf20cbee93615179c365bd9e26e1aeae5
EXPORTER_SECRET 8a6aa288f5332b0d3e592790d47432e089e86441bbe948b5de379ae3d6e72dec 797ec0a6ded3ca777ff94d7066adf81d161f82882b91edfc13b843ce427e642e
CLIENT_TRAFFIC_SECRET_0 3455bb9963ce2a7fe5b0c77175652efa9e1cc98454ce4372571109dcfac62376 077166724f2fcfa954feca289f59197d70a4b90ffdd8a8e9d66c5c7355b2471d
SERVER_TRAFFIC_SECRET_0 3455bb9963ce2a7fe5b0c77175652efa9e1cc98454ce4372571109dcfac62376 f83b0066e15f5432504b18475f3eb3acba697a2719db6b8cb8cbdf46da19840a
EXPORTER_SECRET 3455bb9963ce2a7fe5b0c77175652efa9e1cc98454ce4372571109dcfac62376 7d8d85f2d4638970555352297924e4c5a93191ec090dda811d71043f4eb42a04
CLIENT_HANDSHAKE_TRAFFIC_SECRET 477d400ffe4b25e7abb1c9c3e16e275be6246abb33cffeeaf34180b5c9d6d8b8 8495a4173a6e06dbf3e1057e1be560b0ae60094c409e81591daf384519264895
SERVER_HANDSHAKE_TRAFFIC_SECRET 477d400ffe4b25e7abb1c9c3e16e275be6246abb33cffeeaf34180b5c9d6d8b8 62a0abe9e14dee17caef6cc295426625bcf0acbbb88552168f05cef5a91a92c6
CLIENT_TRAFFIC_SECRET_0 477d400ffe4b25e7abb1c9c3e16e275be6246abb33cffeeaf34180b5c9d6d8b8 bc427a2a33faf9b3bce60759ee62793a6dde5a847e6d61041632bb58c145f9fc
SERVER_TRAFFIC_SECRET_0 477d400ffe4b25e7abb1c9c3e16e275be6246abb33cffeeaf34180b5c9d6d8b8 bd01835309d8eccb8cb67d02360d5a95d3ca9942cb33966e7b0505a6708112c3
EXPORTER_SECRET 477d400ffe4b25e7abb1c9c3e16e275be6246abb33cffeeaf34180b5c9d6d8b8 0b2d28e8a99046dd66e7e9179d94aa34aac1212cc49b338c1eaeefec368de926
CLIENT_HANDSHAKE_TRAFFIC_SECRET 31429fb12639ae1a79d3a50b718d5dcee8a03c204d180409168453a378d6ff93 ba57414fc86055503bc05caff15dea775d6af2761b193e9d573c14d53c0c07f4
SERVER_HANDSHAKE_TRAFFIC_SECRET 31429fb12639ae1a79d3a50b718d5dcee8a03c204d180409168453a378d6ff93 9804ef404735086ba529f446f5d1bc12dc480a4be0e13315b57864d55dbc6fb4
CLIENT_EARLY_TRAFFIC_SECRET 209c0120fecb285cceedcf24269277428c61bc0c1eaa0f0ec78f84a5278185fb e3c796dadafe59584632c4c073618843bf911b6260531639fb4b97ce3e6bcf65
EARLY_EXPORTER_SECRET 209c0120fecb285cceedcf24269277428c61bc0c1eaa0f0ec78f84a5278185fb ca39189cb7549b62e0f0814685cfb636701d55710ea1b8b84fd0feaad5aba6a5
CLIENT_EARLY_TRAFFIC_SECRET 1a576cee1f1390a72b908ac989eb12a54f8bd2ed8c16a3775fbeddb48f15a78d 01faa72da6bc91a0900869cfb2de0fb38bdfdf2c6b2998bf677466646ff0d4cd
EARLY_EXPORTER_SECRET 1a576cee1f1390a72b908ac989eb12a54f8bd2ed8c16a3775fbeddb48f15a78d c4dc1fb03464f58ea61c48780ebc773ca3e3a4fa4b160b0dd5b3da87abf4346f
CLIENT_HANDSHAKE_TRAFFIC_SECRET 1a576cee1f1390a72b908ac989eb12a54f8bd2ed8c16a3775fbeddb48f15a78d db3a92059b7c99f9db9196ff29ceb777420b79d8e80746f30c7c3ada86dbd887
SERVER_HANDSHAKE_TRAFFIC_SECRET 1a576cee1f1390a72b908ac989eb12a54f8bd2ed8c16a3775fbeddb48f15a78d 0e00f54c5f6a3bb461ff68ef25e78b2cfa25d21a7cc73ee9c20df121c36be20d
CLIENT_TRAFFIC_SECRET_0 1a576cee1f1390a72b908ac989eb12a54f8bd2ed8c16a3775fbeddb48f15a78d 2c4acc67baa4986fa1822ad71f2adf1c58585cb8a200bc889a78305f4ddb5b83
SERVER_TRAFFIC_SECRET_0 1a576cee1f1390a72b908ac989eb12a54f8bd2ed8c16a3775fbeddb48f15a78d 0696e0465c89eef96e8a7b2ec17c9ae3acd8f0bd297f599ddf2e2d195755fff2
EXPORTER_SECRET 1a576cee1f1390a72b908ac989eb12a54f8bd2ed8c16a3775fbeddb48f15a78d cd00f5aa324b1330c349069b05fa4f78eac5cd4b4cceb869892706340decfad4
CLIENT_HANDSHAKE_TRAFFIC_SECRET 209c0120fecb285cceedcf24269277428c61bc0c1eaa0f0ec78f84a5278185fb c19171558ba7bb1d762916b467ecbb0e1d422c63fe53e633943ed124f9bbeef0
SERVER_HANDSHAKE_TRAFFIC_SECRET 209c0120fecb285cceedcf24269277428c61bc0c1eaa0f0ec78f84a5278185fb c8555dbab1aeb286b8d5bd84d238ad9623873b31ad0ad200bfc18c331fb09cc4
CLIENT_TRAFFIC_SECRET_0 209c0120fecb285cceedcf24269277428c61bc0c1eaa0f0ec78f84a5278185fb 086cba299ae067cf1944334282e5276618ced464d4bae006c9c345748cf70936
SERVER_TRAFFIC_SECRET_0 209c0120fecb285cceedcf24269277428c61bc0c1eaa0f0ec78f84a5278185fb 3046bd0d75f646f196ef8d841e3048dd1ea00f58f07c3f1146d0d2e10708d34c
EXPORTER_SECRET 209c0120fecb285cceedcf24269277428c61bc0c1eaa0f0ec78f84a5278185fb a8e237fcdb815e42552338ece8854d1b55af83564e52ed5a323de021288ff36f
CLIENT_TRAFFIC_SECRET_0 31429fb12639ae1a79d3a50b718d5dcee8a03c204d180409168453a378d6ff93 796b7a2c7aa4238f34811fa6f15a271ffaf5512966e9306f5a9c1dce3d12c3d5
SERVER_TRAFFIC_SECRET_0 31429fb12639ae1a79d3a50b718d5dcee8a03c204d180409168453a378d6ff93 e6d24236724a993a8a1c304c844cfb2768fd2d21b4b7ac7871e748323c67d2d6
EXPORTER_SECRET 31429fb12639ae1a79d3a50b718d5dcee8a03c204d180409168453a378d6ff93 75888e6fc71c2801515afcec25c883885f5ff6659183a1483a408e7eba5130e1
CLIENT_HANDSHAKE_TRAFFIC_SECRET f0fd0823b53f84ee4417fbda1b7f5e617a54d1a8b5e0c0e5774384afaada777d a9d68037f726bd23695dd2aa8834abd147bacdaa1180c519b916ae3b06e0b7d7
SERVER_HANDSHAKE_TRAFFIC_SECRET f0fd0823b53f84ee4417fbda1b7f5e617a54d1a8b5e0c0e5774384afaada777d 78445f1e36647a288afb891d447e7477de52d698e653e424faf6643fa64f8d72
CLIENT_HANDSHAKE_TRAFFIC_SECRET 9b22ab3a6d23d86b5f6a97165efe039ac56e073f52c3e5e7984cb91a5dcff5db d56c3dc0d78028365a0b1e6dc495dc87e37a4be0191f6d02426d125101a0196d
SERVER_HANDSHAKE_TRAFFIC_SECRET 9b22ab3a6d23d86b5f6a97165efe039ac56e073f52c3e5e7984cb91a5dcff5db 546005a571b011fea1b0d6e26c8e6edd7bb6b54cc56823bff11ee90c0c2f69e7
CLIENT_TRAFFIC_SECRET_0 9b22ab3a6d23d86b5f6a97165efe039ac56e073f52c3e5e7984cb91a5dcff5db 8bd224234e9d63cf5dd6861261c83695d154a8f080cd494b30b0762cbbce905b
SERVER_TRAFFIC_SECRET_0 9b22ab3a6d23d86b5f6a97165efe039ac56e073f52c3e5e7984cb91a5dcff5db 5a7d019462682fa07f355d976051e818fff05ef80826069e96bfa80d88b7798d
EXPORTER_SECRET 9b22ab3a6d23d86b5f6a97165efe039ac56e073f52c3e5e7984cb91a5dcff5db fd398ff2a1c4c57d2a79dec67d0bc9a0e733bb9a45dc99a3893f351528966bd5
CLIENT_TRAFFIC_SECRET_0 f0fd0823b53f84ee4417fbda1b7f5e617a54d1a8b5e0c0e5774384afaada777d 2bdb4062a0910d3c9ebb36d7d5979787abfb8dfed93a050e3d3713bb44c84da8
SERVER_TRAFFIC_SECRET_0 f0fd0823b53f84ee4417fbda1b7f5e617a54d1a8b5e0c0e5774384afaada777d 635892f4ace5888eff963ac2ad089367b0870ef466603246bd553a1eae1f5dad
EXPORTER_SECRET f0fd0823b53f84ee4417fbda1b7f5e617a54d1a8b5e0c0e5774384afaada777d 633d9b4b38752dea731800ddb6fcf132a1e4cc04d62eab09776e6ca2511156bb
CLIENT_EARLY_TRAFFIC_SECRET fcb2c8ec2602dc1422c256cc2d1260fb58aaffb27065134966369c77bdb45512 4e8c0024223bd5b19a9a0461a01ec42b9dfd889ba88c02173f56004e40d4cab6
EARLY_EXPORTER_SECRET fcb2c8ec2602dc1422c256cc2d1260fb58aaffb27065134966369c77bdb45512 80b6c9eb69b042a47c42f6a5f3bb69542afe8dd8ab1c3144c264c6a5fb7bddb0
CLIENT_HANDSHAKE_TRAFFIC_SECRET fcb2c8ec2602dc1422c256cc2d1260fb58aaffb27065134966369c77bdb45512 75536333dc20271527831713f7d5f8bada10b1cda7881bdc07e6d1af0e971e71
SERVER_HANDSHAKE_TRAFFIC_SECRET fcb2c8ec2602dc1422c256cc2d1260fb58aaffb27065134966369c77bdb45512 e5e5c1dcf3122237db3e9ff804764b12f4e21310ab74f9f3def2ba2a12d98223
CLIENT_TRAFFIC_SECRET_0 fcb2c8ec2602dc1422c256cc2d1260fb58aaffb27065134966369c77bdb45512 78c192712f9abb2497b1d60ce1ca610ae745e4949dbe7555ab7fde3266acd802
SERVER_TRAFFIC_SECRET_0 fcb2c8ec2602dc1422c256cc2d1260fb58aaffb27065134966369c77bdb45512 9b31ace33933279d9fc12b62312945bb673535df012023ba4cad83769ab44a25
EXPORTER_SECRET fcb2c8ec2602dc1422c256cc2d1260fb58aaffb27065134966369c77bdb45512 45796e86305d020f0338e83f280883ef633d480ea400116143c65990c3439dc7
CLIENT_EARLY_TRAFFIC_SECRET 1aeb32a02caa8caa7eeae2c1911a1c79df44a4622c1c7cf69a1ad4f012aed0cf 329686d63c24a9e1aaa3afd5d5c22acd896509c76b91615e19d1b5d467b852c3
EARLY_EXPORTER_SECRET 1aeb32a02caa8caa7eeae2c1911a1c79df44a4622c1c7cf69a1ad4f012aed0cf b30228baa812f41d0dfba73118e84d0ec90cf3bceee25a7630378dfcdaf7eabb
CLIENT_HANDSHAKE_TRAFFIC_SECRET 1aeb32a02caa8caa7eeae2c1911a1c79df44a4622c1c7cf69a1ad4f012aed0cf 55d37b13b2420827c29c6ec179783052ce6e55216cc8275ddfd339d4916ca880
SERVER_HANDSHAKE_TRAFFIC_SECRET 1aeb32a02caa8caa7eeae2c1911a1c79df44a4622c1c7cf69a1ad4f012aed0cf b0acb338078583ffd07f4376db56dea3ddc9ec519e693c9266c7dc8d31fc4442
CLIENT_TRAFFIC_SECRET_0 1aeb32a02caa8caa7eeae2c1911a1c79df44a4622c1c7cf69a1ad4f012aed0cf 46614fe7e8bc583066d9b2fa03a7bcffc9dddf44866497c63fb7a26c2f6ae347
SERVER_TRAFFIC_SECRET_0 1aeb32a02caa8caa7eeae2c1911a1c79df44a4622c1c7cf69a1ad4f012aed0cf f90127620ed9ed837fb85db87cc4069870b90257d2a387b3a6a22bd38c66cb99
EXPORTER_SECRET 1aeb32a02caa8caa7eeae2c1911a1c79df44a4622c1c7cf69a1ad4f012aed0cf d00efd325927c7c5c342d59f1135dc01a41aa4f3d42c48141c3e1377dc89abbe
CLIENT_EARLY_TRAFFIC_SECRET f01121e49611cf37139cbd675ffd0d93e5293cbfba3bfb6a80075bbf369c6960 6f76a1303bcdcf63838b5e5d9e3c5acfb9dd2babb5e6d8fd84ce6ee3307a814d
EARLY_EXPORTER_SECRET f01121e49611cf37139cbd675ffd0d93e5293cbfba3bfb6a80075bbf369c6960 f4487331d91634ae799aa0d327ecd92b3b207476f9870e3969778a811f978130
CLIENT_HANDSHAKE_TRAFFIC_SECRET f01121e49611cf37139cbd675ffd0d93e5293cbfba3bfb6a80075bbf369c6960 5805806f02af21c74ee28783be5f88e15cdd7d9a0da87e552df90acb4039ea4c
SERVER_HANDSHAKE_TRAFFIC_SECRET f01121e49611cf37139cbd675ffd0d93e5293cbfba3bfb6a80075bbf369c6960 a256d54937e5c1f4f9360dc2cc5f1349851f41c2610015e792583dbfee8c2bca
CLIENT_TRAFFIC_SECRET_0 f01121e49611cf37139cbd675ffd0d93e5293cbfba3bfb6a80075bbf369c6960 57ffdc2c7923f9e03f3b34893b94dfa8c9cee5d14b7a6d64b12f39d7d934074b
SERVER_TRAFFIC_SECRET_0 f01121e49611cf37139cbd675ffd0d93e5293cbfba3bfb6a80075bbf369c6960 cfebe593129331fa06a5913bb54a316c70023881c0639184225cc977ddf88999
EXPORTER_SECRET f01121e49611cf37139cbd675ffd0d93e5293cbfba3bfb6a80075bbf369c6960 2673131046009c3136efc140b3610295098d1ec97e36044ac7d809553aabba3d
CLIENT_EARLY_TRAFFIC_SECRET fc88dad987b20ef9d6a4a04d1800190a696f95f06f6f025e5ee831a28ced89ad 4d8690f2685f6e9e87be39bec7397e66d4d231a3d2ba2a0bbd59e6cd699e7cc3
EARLY_EXPORTER_SECRET fc88dad987b20ef9d6a4a04d1800190a696f95f06f6f025e5ee831a28ced89ad e5f4510aabe932685b4acbe643ee6d507f0ee2463c7c633d74062dfdfc2bcfdd
CLIENT_EARLY_TRAFFIC_SECRET 0bcf56d8f413a05e2c30bd30aa581c7b5901a9a8f37c7b18bf9d17c65c0492db 40b7502ba3c02bb803906c3844674148a2d99460e41c1c85d827b21f7c65c06d
EARLY_EXPORTER_SECRET 0bcf56d8f413a05e2c30bd30aa581c7b5901a9a8f37c7b18bf9d17c65c0492db 934b9fffdfb1ae83fce5caf0fbd0d23326b49ca037661cb3eecb38c0c24bd836
CLIENT_HANDSHAKE_TRAFFIC_SECRET fc88dad987b20ef9d6a4a04d1800190a696f95f06f6f025e5ee831a28ced89ad 530bfe1e58e94141cf706594b6feb69f9df26d8ad5ae4fdb8766df95134ec3a1
SERVER_HANDSHAKE_TRAFFIC_SECRET fc88dad987b20ef9d6a4a04d1800190a696f95f06f6f025e5ee831a28ced89ad 9ec8ee91d849ccca56a2fdd741cd8ae797d6c3f80a53c1f3fd57de755982a117
CLIENT_TRAFFIC_SECRET_0 fc88dad987b20ef9d6a4a04d1800190a696f95f06f6f025e5ee831a28ced89ad fab1c0c01c10392d2387595f732bb8a7294e87caa0d7bb974ef8eb7aee925fb6
SERVER_TRAFFIC_SECRET_0 fc88dad987b20ef9d6a4a04d1800190a696f95f06f6f025e5ee831a28ced89ad 7b84d945a8b924db1e4292eec2eff178fb731dd778dd021e0897a8449ed56198
EXPORTER_SECRET fc88dad987b20ef9d6a4a04d1800190a696f95f06f6f025e5ee831a28ced89ad 7cca765893fc5a0754a1c087e85460af75beff842b9eed17082249945171f41c
CLIENT_HANDSHAKE_TRAFFIC_SECRET 0bcf56d8f413a05e2c30bd30aa581c7b5901a9a8f37c7b18bf9d17c65c0492db 7fbe1175ea2a3fb486df5532bf29c856bf12eb631c8280883c5dda435d3df4bc
SERVER_HANDSHAKE_TRAFFIC_SECRET 0bcf56d8f413a05e2c30bd30aa581c7b5901a9a8f37c7b18bf9d17c65c0492db 74a6673153c2091fb7549717c420c7d5c9dc04526cd943cf1af8f2d69626d06f
CLIENT_TRAFFIC_SECRET_0 0bcf56d8f413a05e2c30bd30aa581c7b5901a9a8f37c7b18bf9d17c65c0492db 833cef3e7873e6652e576551b5aea56b530ecc280e46ad655720cab1b961d23b
SERVER_TRAFFIC_SECRET_0 0bcf56d8f413a05e2c30bd30aa581c7b5901a9a8f37c7b18bf9d17c65c0492db 9477c6d43cf68d3eee1d604f4874631cecdc7fe3dcfa87a9e2cc4c36a7f8a577
EXPORTER_SECRET 0bcf56d8f413a05e2c30bd30aa581c7b5901a9a8f37c7b18bf9d17c65c0492db c1426bd7c07291f4127f8e0bdfd163373495a2a10135ff1622b3fdea0cc42fec
CLIENT_EARLY_TRAFFIC_SECRET 6646de4b8cbf553e79534e35f454aaa3aee27adcf7f4ae32a20215e68ccb808f 11bff420ce3b3d9c3efe474de2ca86ca4cc7a580ab79f775abf5f6618b6017b5
EARLY_EXPORTER_SECRET 6646de4b8cbf553e79534e35f454aaa3aee27adcf7f4ae32a20215e68ccb808f 955b5569d4f5b6c4601d8fa0ca6b62bcb4ed92e7dad34ccb7be0f76172466c5f
CLIENT_HANDSHAKE_TRAFFIC_SECRET 6646de4b8cbf553e79534e35f454aaa3aee27adcf7f4ae32a20215e68ccb808f 75cf6b0c05a2a3f34aca4d6cd0c9858d390ce33e0b0b5faea2dad803988c65f4
SERVER_HANDSHAKE_TRAFFIC_SECRET 6646de4b8cbf553e79534e35f454aaa3aee27adcf7f4ae32a20215e68ccb808f 1ab0598502e4ae0bf2c42fe06a4eea6784099579bd00445b65d8a6d93f1ec97f
CLIENT_TRAFFIC_SECRET_0 6646de4b8cbf553e79534e35f454aaa3aee27adcf7f4ae32a20215e68ccb808f 7d979cf0ed403153c5e6c6a0b75329667b892a286724c620883317a7f8c6ba23
SERVER_TRAFFIC_SECRET_0 6646de4b8cbf553e79534e35f454aaa3aee27adcf7f4ae32a20215e68ccb808f 99f371cfda71baf1e0cfc67dcb438b4a3d80ed97b6a7c843c659bb1b619a0fb4
EXPORTER_SECRET 6646de4b8cbf553e79534e35f454aaa3aee27adcf7f4ae32a20215e68ccb808f d107396d4cbf6bd1b4ef21b5aee28a3ac505dd7f7886828569ba98c469cd5b80
CLIENT_EARLY_TRAFFIC_SECRET bdf30c881bbca76b4649c2e062cbe3a329324f9fa3e1689a861a8336163aa1d4 6a9a1a4b313cb8b3d677a42b9100b7da929842fe23674e9bad3b5f1698aeebd5
EARLY_EXPORTER_SECRET bdf30c881bbca76b4649c2e062cbe3a329324f9fa3e1689a861a8336163aa1d4 0c7b67aaab42f8d396d53965866376a54e023c238acdbf677061af6f87c2b599
CLIENT_HANDSHAKE_TRAFFIC_SECRET bdf30c881bbca76b4649c2e062cbe3a329324f9fa3e1689a861a8336163aa1d4 3f46e1d8945ab6999982e9105d7eb469e228e3a7383dd3111ff2dff4728c22c9
SERVER_HANDSHAKE_TRAFFIC_SECRET bdf30c881bbca76b4649c2e062cbe3a329324f9fa3e1689a861a8336163aa1d4 61d923fe9b4628e90bd1ee6815dd4fa87798d327868b3d9666f928a649bb380b
CLIENT_TRAFFIC_SECRET_0 bdf30c881bbca76b4649c2e062cbe3a329324f9fa3e1689a861a8336163aa1d4 0efdad08f660a730b76003d37b23aec342338993774e94ae73b9f92322f06318
SERVER_TRAFFIC_SECRET_0 bdf30c881bbca76b4649c2e062cbe3a329324f9fa3e1689a861a8336163aa1d4 8abf300f8c51258d6b00666b3e651ebf33a50c0f7d661830b288832dc77d04dd
EXPORTER_SECRET bdf30c881bbca76b4649c2e062cbe3a329324f9fa3e1689a861a8336163aa1d4 b104aa1c124639e16b00d5708243268bfa63cd176fa838249a66a05995cf8e7e
# SSL/TLS secrets log file, generated by NSS
SERVER_HANDSHAKE_TRAFFIC_SECRET 48da60a4e56dc8536a86620167b5b6c3b084348819b5a621ca429dc01fa5e8c3 745615b875dad7ac3ece9c83050ef7aff3fa57bee2ace73c08b3e514425e035afb63cce1224cc821be7b4f22ab803fa2
EXPORTER_SECRET 48da60a4e56dc8536a86620167b5b6c3b084348819b5a621ca429dc01fa5e8c3 48c68e69e87376ee472c7a5ac3003a987afb8854d718ce8dc03a161f1d43024c9a15f6a8178af21d24d6c2551ac28172
SERVER_TRAFFIC_SECRET_0 48da60a4e56dc8536a86620167b5b6c3b084348819b5a621ca429dc01fa5e8c3 05cfe64c91fc6d619fed812a5b5ad8de204206711f847954983bc576e438ebd9c0e7153a9c0c0f2a4427ca2f3cc75bc7
CLIENT_HANDSHAKE_TRAFFIC_SECRET 48da60a4e56dc8536a86620167b5b6c3b084348819b5a621ca429dc01fa5e8c3 5cab0f4fd88182d23d5c8c3783b0ccf0a012823badd4c826b81cd1271f7f953d3cebcb35a26b8cccf8f3908d81c5c0cf
CLIENT_TRAFFIC_SECRET_0 48da60a4e56dc8536a86620167b5b6c3b084348819b5a621ca429dc01fa5e8c3 104a2897876ac79265ffbbe632d72231dbd0696a3fc8ec15d3eb24792083ae5261be9adb8b2eecbc8f2aad3501ffd59a
SERVER_HANDSHAKE_TRAFFIC_SECRET 8c4f792f6c14d774686cebbd372c9dd97d84a91a3ff6c3cbd549ab1ed4facb92 74411336cd0ae24903a32c7ede4acadbb9c339ebb8cf993739f16cfb2ac5779a81ed0bcb6c7e88e54fdc35b265b3f671
EXPORTER_SECRET 8c4f792f6c14d774686cebbd372c9dd97d84a91a3ff6c3cbd549ab1ed4facb92 e82ed4f8c5f5241da690baff3ead84f6df926995b46c599badaeac201f8b8e5eff29beb8fbccbb940d40ecf3a16705cc
SERVER_TRAFFIC_SECRET_0 8c4f792f6c14d774686cebbd372c9dd97d84a91a3ff6c3cbd549ab1ed4facb92 7052d631fde57fb7370d0cdfd47a6902e4e2eee766d00eafc24d0196e3c2710b11c1e4bb8284a751111a91da34670b94
CLIENT_HANDSHAKE_TRAFFIC_SECRET 8c4f792f6c14d774686cebbd372c9dd97d84a91a3ff6c3cbd549ab1ed4facb92 9b6a627621e0a8c64abc1083273e82258fe2ab85a334778b81470a80eac8106d0e5674e04ddaaeb78c88336a27899afd
CLIENT_TRAFFIC_SECRET_0 8c4f792f6c14d774686cebbd372c9dd97d84a91a3ff6c3cbd549ab1ed4facb92 66ab969c2be5b6dfe7b8f03e4db1d9b72f690d3bbb0219fc0a8a5a1d55252aedcf64e679a405b535c75e12ab8654612a
