# SSL/TLS secrets log file, generated by NSS
CLIENT_HANDSHAKE_TRAFFIC_SECRET 287e84bb1e6f194fd1127f50a83e0d076663e1d781ad437835513c7221497f30 31aaf57adc4c396d0d5c6dd3c485d9e40f7b0aa4b5f0c08cd3e4287c7d266e7d
SERVER_HANDSHAKE_TRAFFIC_SECRET 287e84bb1e6f194fd1127f50a83e0d076663e1d781ad437835513c7221497f30 b3afd1d8423a8abeaa785b51c6f5d909cbaae3b8430eef1cacb80ebc52916ed1
CLIENT_HANDSHAKE_TRAFFIC_SECRET 404ec93c0a6950929f9a181645476880a988dfbcb56e6a8d8359c465b72fab4a 3845f1ea7e3b1220553b6099e2c3b24e66875f140a5401d4acde4111fe6d9f9b
SERVER_HANDSHAKE_TRAFFIC_SECRET 404ec93c0a6950929f9a181645476880a988dfbcb56e6a8d8359c465b72fab4a a5022a68a7e229fb12d53919f82f880dce9d150e87ce167380eb59f339eb0d7d
CLIENT_TRAFFIC_SECRET_0 404ec93c0a6950929f9a181645476880a988dfbcb56e6a8d8359c465b72fab4a f97afd7db7daae9a8ed15a542aa5b4945a3f499d109060ea5c2ac08fa67d52bc
SERVER_TRAFFIC_SECRET_0 404ec93c0a6950929f9a181645476880a988dfbcb56e6a8d8359c465b72fab4a b9b2ddd32b494bde9afae5c615b3ec9abb65d0890070b043e7e9e4541fc56be7
EXPORTER_SECRET 404ec93c0a6950929f9a181645476880a988dfbcb56e6a8d8359c465b72fab4a e5ede871ec336fa94052b5a8bece8541721d5e4c324acff655fa80e14a59c2bd
CLIENT_TRAFFIC_SECRET_0 287e84bb1e6f194fd1127f50a83e0d076663e1d781ad437835513c7221497f30 638a338daaaf8ac6a5f34f9e5b114ff04245038c1797b8af2c74a44b3229e5a8
SERVER_TRAFFIC_SECRET_0 287e84bb1e6f194fd1127f50a83e0d076663e1d781ad437835513c7221497f30 5fc5169587ef908b5d9989f4f19061581f20f93c86ea148328c4e17bf291a9ee
EXPORTER_SECRET 287e84bb1e6f194fd1127f50a83e0d076663e1d781ad437835513c7221497f30 f548072752ac9cca0aa3b457568b68451068cd811f56d29fb5e6632b30b5a816
CLIENT_HANDSHAKE_TRAFFIC_SECRET 1637152757c7a014c25f13e815fb74ba6f8d2607e92a409f0014430f488f433f 40bad4dbd484314d1ac512260983eb373add339ae76f741969397093194aea7e
SERVER_HANDSHAKE_TRAFFIC_SECRET 1637152757c7a014c25f13e815fb74ba6f8d2607e92a409f0014430f488f433f a4ab18cd2a1668d44381d12c451261532810ddbcf3a33c3737a9471637cf2258
CLIENT_TRAFFIC_SECRET_0 1637152757c7a014c25f13e815fb74ba6f8d2607e92a409f0014430f488f433f 7a4f39c5b14c44a4b9e63f3c68a6233fea068b19b6d063c684d614ee48e1dbce
SERVER_TRAFFIC_SECRET_0 1637152757c7a014c25f13e815fb74ba6f8d2607e92a409f0014430f488f433f e5a32ec9c29a1123e649619f6781baf2ea5869e1b7cf5425925d72ab81f870b1
EXPORTER_SECRET 1637152757c7a014c25f13e815fb74ba6f8d2607e92a409f0014430f488f433f 05e1e6faa7741edf468632dba3ca3ef4f56f95c455a87907706df30a4843bbd2
# SSL/TLS secrets log file, generated by NSS
SERVER_HANDSHAKE_TRAFFIC_SECRET 92b2cc589ed1beb97f2a802b6bcfa9ebbce95a7c21fd03e2dbe7c1adee8c5e5a 6b7c60326343b62da627be703304a287a3a1bb8a16a997c5e07daf54fec982335c08f6b341817fa9ef3898f5f8e73da0
SERVER_HANDSHAKE_TRAFFIC_SECRET 6fe085f2d220d23c4a783a7b63e01ef4854343c8a4ca3d14d39af4017856f412 779f6b8e3fa11c6b7091b7595833bb2574383df681459fb6740a09d09b4b31e800392ef4c38bc9c08b9188f4def60d90
EXPORTER_SECRET 92b2cc589ed1beb97f2a802b6bcfa9ebbce95a7c21fd03e2dbe7c1adee8c5e5a 3cc45efe8456b19b9d14c8b78e73b506f3caf6ad6c3cb1d55d4af79ec282d41b741574c3ee40ab87cae1ad8d527e30b6
SERVER_TRAFFIC_SECRET_0 92b2cc589ed1beb97f2a802b6bcfa9ebbce95a7c21fd03e2dbe7c1adee8c5e5a edf104abca996a6b092a58b20c3c1422076a06837090a7f0ec7e4dbaa99df2f1498ba07ba49ba6558566695fbe1a2388
CLIENT_HANDSHAKE_TRAFFIC_SECRET 92b2cc589ed1beb97f2a802b6bcfa9ebbce95a7c21fd03e2dbe7c1adee8c5e5a f893903c715466f2bbb9241f47b7095029db6c2b14e947bc95e5790b7154308ea94c8ebd1ea5594a9f6574890d093e05
CLIENT_TRAFFIC_SECRET_0 92b2cc589ed1beb97f2a802b6bcfa9ebbce95a7c21fd03e2dbe7c1adee8c5e5a 3e0eee0ca53616bdbb4ea18c3de71ea0d024fcb7fc6d2c9963edba5488e0be76775f1afb792d4fae44a6ca5f69762222
EXPORTER_SECRET 6fe085f2d220d23c4a783a7b63e01ef4854343c8a4ca3d14d39af4017856f412 fa769e505f16c6bf4fc3bb5d594606684daaff544c2116e116320e9fda0f6ca4e5af9b6ea67aabf362d3202e58bef9c5
SERVER_TRAFFIC_SECRET_0 6fe085f2d220d23c4a783a7b63e01ef4854343c8a4ca3d14d39af4017856f412 8db539411998c89483d0eac25dcf98e2692ce6e2ae6d89b2bc6b663c21938070daecd0e61397b02e0da9a4f0dafee611
CLIENT_HANDSHAKE_TRAFFIC_SECRET 6fe085f2d220d23c4a783a7b63e01ef4854343c8a4ca3d14d39af4017856f412 983e27a98b58c3dd37b738410668e1e1fb9a8b98581bcdf5957763ce81021b4667b2ff48ab208c5e127f617d9c45c00a
CLIENT_TRAFFIC_SECRET_0 6fe085f2d220d23c4a783a7b63e01ef4854343c8a4ca3d14d39af4017856f412 bcc3839fcf6062291a82bd7e9bfe1fa23ce96d0743f0a3f1fb0f3860d7892af9326325111acd0715a8444ce199fbabae
CLIENT_HANDSHAKE_TRAFFIC_SECRET af2265b3a20d10a41de0ebc3c72ce6509cf45ab7ac18caef959a587e4d1747da 5b4194758aea701808ef7e0a9849b3aaf2289b7e09618765567c4511e561865b
SERVER_HANDSHAKE_TRAFFIC_SECRET af2265b3a20d10a41de0ebc3c72ce6509cf45ab7ac18caef959a587e4d1747da 894e3afab9a549fb340f974db08a4b9753e436676aefbae6810075551c474d86
CLIENT_TRAFFIC_SECRET_0 af2265b3a20d10a41de0ebc3c72ce6509cf45ab7ac18caef959a587e4d1747da e3d41df69aa5fa7bfec844fd38ded2cadd9c4c44c67bbc881c7c7f94cd5821d2
SERVER_TRAFFIC_SECRET_0 af2265b3a20d10a41de0ebc3c72ce6509cf45ab7ac18caef959a587e4d1747da 89da35fddbba61442f921295b9b287d910d730e66fd21b8a6c67f955ede77186
EXPORTER_SECRET af2265b3a20d10a41de0ebc3c72ce6509cf45ab7ac18caef959a587e4d1747da 394882681c03dbbac7293dada08d4a54eb9fa0c48de897630d29f33114055747
CLIENT_HANDSHAKE_TRAFFIC_SECRET d95dc3eb009318a2ce190993770699be61ec87e05c6ef420451189ab64010f8a a5736900d62e79b71bdddf441463b3d3089cd169d002a10b7efebe8ae6cccd27
SERVER_HANDSHAKE_TRAFFIC_SECRET d95dc3eb009318a2ce190993770699be61ec87e05c6ef420451189ab64010f8a 972a9ad50b9239b6379fbfd76b501ea9430bd8a523bf0aa727cc552267ac1cb1
CLIENT_TRAFFIC_SECRET_0 d95dc3eb009318a2ce190993770699be61ec87e05c6ef420451189ab64010f8a 3fa61f07c056d6c5acb7f866994646c82872b07a030fdfeb33fa16213b730d47
SERVER_TRAFFIC_SECRET_0 d95dc3eb009318a2ce190993770699be61ec87e05c6ef420451189ab64010f8a 7ebef38e473ca61d81275f463d09021a8609731fb4ebc7d05f9f854202ed5caa
EXPORTER_SECRET d95dc3eb009318a2ce190993770699be61ec87e05c6ef420451189ab64010f8a 680067013a7c12386a1e0a76b3c4294933ec6aead5b7ef9f3717d7144bbce22a
CLIENT_HANDSHAKE_TRAFFIC_SECRET df6e7e18495c7ceb8472f63096716ef8dd0d555213ccb4007711b1bd3120c8fb 4892613ecff7bed53b26e96654a18bea2e4e0847385204c7573528e2da3b7b0d
SERVER_HANDSHAKE_TRAFFIC_SECRET df6e7e18495c7ceb8472f63096716ef8dd0d555213ccb4007711b1bd3120c8fb 99cb1a34115e7cf05399b9ca6c3235f099026c3a389e22347ddb23368a08e61a
CLIENT_TRAFFIC_SECRET_0 df6e7e18495c7ceb8472f63096716ef8dd0d555213ccb4007711b1bd3120c8fb ab90cef0fbb970dfeb332becdd439ba234706cd631614a273f702e95deca7773
SERVER_TRAFFIC_SECRET_0 df6e7e18495c7ceb8472f63096716ef8dd0d555213ccb4007711b1bd3120c8fb cc126d7e5b5a236fe0659ecb0565255deaf2b3ab91786dacaa0885dc2397f259
EXPORTER_SECRET df6e7e18495c7ceb8472f63096716ef8dd0d555213ccb4007711b1bd3120c8fb 4befa5319ea16621abd318ae6a0c0391d1edb913f325b476b6449a2bcabef50d
CLIENT_HANDSHAKE_TRAFFIC_SECRET 84828a7fa182e47eb20189855d0c5e24668d01a26ceb840cdf25a99a75d4f06e 5e8f4685ba42090290fcd1bbba104be08d3a0bb5bb8d63fc5ce14196d186d8bd
SERVER_HANDSHAKE_TRAFFIC_SECRET 84828a7fa182e47eb20189855d0c5e24668d01a26ceb840cdf25a99a75d4f06e 82f8fc1747a5e0e5e1758ab6d194302379b13822e4b5bf03712dc38d6df7167d
CLIENT_TRAFFIC_SECRET_0 84828a7fa182e47eb20189855d0c5e24668d01a26ceb840cdf25a99a75d4f06e 9fac6db3f8922371d7f64018bde9a4bc15f9378093005e651bf9d85f72f8542e
SERVER_TRAFFIC_SECRET_0 84828a7fa182e47eb20189855d0c5e24668d01a26ceb840cdf25a99a75d4f06e 38928764c751cdf37ac84e690f1d54bd184eed8c09a22a0248184a9a48498c2f
EXPORTER_SECRET 84828a7fa182e47eb20189855d0c5e24668d01a26ceb840cdf25a99a75d4f06e 9e4323c9908c5b546b30d35230f1cadb367cfd4269e6db487ba855f3ac20e301
CLIENT_HANDSHAKE_TRAFFIC_SECRET 9228c900fab614d7429b259985392318836259b8f9b2231e7cecebef2768c369 27bb60541119b070ef86c87737eeb1f603e6f495665c44f89fab436a9e1c4332
SERVER_HANDSHAKE_TRAFFIC_SECRET 9228c900fab614d7429b259985392318836259b8f9b2231e7cecebef2768c369 78f72d44d46af321424abdb4eec077f8761f39149c3d8c32f4476262d3d14126
CLIENT_HANDSHAKE_TRAFFIC_SECRET 83ec9f4746ccbf709bb019ce01213b2bfe3f90a156bd030a945b44d383a45b3f 79ccf803b2f0c7d2823d5e1e49499e1e2258c36e642216612a15d9cc93fcc0a5
SERVER_HANDSHAKE_TRAFFIC_SECRET 83ec9f4746ccbf709bb019ce01213b2bfe3f90a156bd030a945b44d383a45b3f b37f3ce22d417bbe247b8c01165b5dc7661541ef18cb48ac946005e6cb6d039f
CLIENT_HANDSHAKE_TRAFFIC_SECRET e275b4f06df2a5c7e5ba3e68003a5d83cad52ecbc4fa98390107f65a545e193f 099bd5b584ae3d30ecf8fe0d15adb217c3377d522a5233ae1609398950c16346
SERVER_HANDSHAKE_TRAFFIC_SECRET e275b4f06df2a5c7e5ba3e68003a5d83cad52ecbc4fa98390107f65a545e193f 0bab3b3b08fea2efa69476f37d4794e9ef6fc0468768584ca1a9741726df8688
CLIENT_TRAFFIC_SECRET_0 e275b4f06df2a5c7e5ba3e68003a5d83cad52ecbc4fa98390107f65a545e193f 5ed53dcb9a3031e6a2f0f8ce9fa0a2c38d4d6237ff7263bb0b5d1a2ca0bdbae1
SERVER_TRAFFIC_SECRET_0 e275b4f06df2a5c7e5ba3e68003a5d83cad52ecbc4fa98390107f65a545e193f 9f94fa8e5306e5b718df947528ee19bd752b9bf6a5cef1b71f76028125825f65
EXPORTER_SECRET e275b4f06df2a5c7e5ba3e68003a5d83cad52ecbc4fa98390107f65a545e193f e627703bfbedfaa27eb5b190efa7523fecda9c814c4aac07caecf12ba977c78f
CLIENT_TRAFFIC_SECRET_0 9228c900fab614d7429b259985392318836259b8f9b2231e7cecebef2768c369 36a1907013ac0f53898685989327e5d28335915d82a5b3b237bc5825cf3bc951
SERVER_TRAFFIC_SECRET_0 9228c900fab614d7429b259985392318836259b8f9b2231e7cecebef2768c369 b51bde86f756144e2568a64e6c09e65a867bef708c72ca8fa96de1d627292183
EXPORTER_SECRET 9228c900fab614d7429b259985392318836259b8f9b2231e7cecebef2768c369 079c0a0c47841f520c44a8730a9485b074f4eef1e3be8a3bb4a46ba23e07ead3
CLIENT_HANDSHAKE_TRAFFIC_SECRET 8f1a20c3099d3fa0247c484bcf0acaac58748c5c5f1946679328a992898bf006 095775ed028c6a684b160fe0507319bfae812953ed70b298b7c5a0c7d5e01af9
SERVER_HANDSHAKE_TRAFFIC_SECRET 8f1a20c3099d3fa0247c484bcf0acaac58748c5c5f1946679328a992898bf006 4fbe5be8e305ce33cb0957f940df57eba2fd3d205ccbdb42da0af8779c3a4ddf
CLIENT_TRAFFIC_SECRET_0 8f1a20c3099d3fa0247c484bcf0acaac58748c5c5f1946679328a992898bf006 a5c75b8ba35bf515a0b5b0c7e31b95e8aa7ab0476ae65fae2b7d5f6576c8a1da
SERVER_TRAFFIC_SECRET_0 8f1a20c3099d3fa0247c484bcf0acaac58748c5c5f1946679328a992898bf006 8771798459fbf8379808d6599e4c8b8807690a8b9c666cdcfd0d0f9a4c343ff4
EXPORTER_SECRET 8f1a20c3099d3fa0247c484bcf0acaac58748c5c5f1946679328a992898bf006 aa14d009e142f6a16f697958f4578b714cf6b10f2c4ec9c437769fe692202c3d
CLIENT_TRAFFIC_SECRET_0 83ec9f4746ccbf709bb019ce01213b2bfe3f90a156bd030a945b44d383a45b3f c0fc99b087f257dbf1bae941cb79b0b98d29c49d7cfae5ae656d4685a13c5cd1
SERVER_TRAFFIC_SECRET_0 83ec9f4746ccbf709bb019ce01213b2bfe3f90a156bd030a945b44d383a45b3f ed00aaed61fd19fcee8e3f030ad4ef5b5bb02fa0372a6b34fd56dd5a7381bf34
EXPORTER_SECRET 83ec9f4746ccbf709bb019ce01213b2bfe3f90a156bd030a945b44d383a45b3f f60ad50f830a68450fc67d4ac533473308203596fe116f5894e101e607325c46
CLIENT_HANDSHAKE_TRAFFIC_SECRET 9649047ca660bc0562c5f136ba736cd2c2ecf0eedbd421a95856c9ff34b4a9ab aa4a78a6bc2d3a2b685d31671748a8212363a7dacf3f4aba2110f68a2dcd097c
SERVER_HANDSHAKE_TRAFFIC_SECRET 9649047ca660bc0562c5f136ba736cd2c2ecf0eedbd421a95856c9ff34b4a9ab a3cf8cd0bc7e994d279c97d98c088e76ed2902abc8fbc371c56b783727416759
CLIENT_HANDSHAKE_TRAFFIC_SECRET f94e43dcc4b3f223abd8fc7d0855e6ed6912604debb9015d736093fbecf6b4ce 9fb72ad531907be39ac87a3c7f7bd186daf64967d2cb68764038d5a65cd5a07a
SERVER_HANDSHAKE_TRAFFIC_SECRET f94e43dcc4b3f223abd8fc7d0855e6ed6912604debb9015d736093fbecf6b4ce d8c1362f3723ad3a5d882ee0d7c9195f199d61f694f5a1b94d4c2564dccb806f
CLIENT_HANDSHAKE_TRAFFIC_SECRET 4fbb40bcd53ae3c8676efdd20a5a0db8fe8c5a758c7d75cc90b4d85941dc5a81 6dc7c91be98a06621de1759274eaa13671a29aa0a9feac108dbcbd0a3bc68eea
SERVER_HANDSHAKE_TRAFFIC_SECRET 4fbb40bcd53ae3c8676efdd20a5a0db8fe8c5a758c7d75cc90b4d85941dc5a81 cd8b962042b5fdd13f9389943c1626230ee4cd790584c7575ad84df96e933e84
CLIENT_TRAFFIC_SECRET_0 9649047ca660bc0562c5f136ba736cd2c2ecf0eedbd421a95856c9ff34b4a9ab 3fc1081dc2872fc0fd8711784d4b1942ddfe11d7e8388629920e269e5d89126d
SERVER_TRAFFIC_SECRET_0 9649047ca660bc0562c5f136ba736cd2c2ecf0eedbd421a95856c9ff34b4a9ab 276e8a3aab1638cf86bb6bbdf6eb7739e03af0ab481ddafaab09637cbf2658a9
EXPORTER_SECRET 9649047ca660bc0562c5f136ba736cd2c2ecf0eedbd421a95856c9ff34b4a9ab 5a74e83920fac06da12b6c1cdb1f14c0403f60e8c00c348527fafaf13b6cba19
CLIENT_HANDSHAKE_TRAFFIC_SECRET e0c9ebd91a1f3e6e834a0c0de4e863e63385b429463ae84de467a4290fbd7d16 fa84f042ebabf10426da476f8f2a4331a1c5a86290177e4ced791051ac48c1e1
SERVER_HANDSHAKE_TRAFFIC_SECRET e0c9ebd91a1f3e6e834a0c0de4e863e63385b429463ae84de467a4290fbd7d16 bba13bf8bcaeca5110fe80c4556818405a3a07bf4fd4665f50b29283c1fd85fd
CLIENT_HANDSHAKE_TRAFFIC_SECRET f4f0720b7eef3d59c523724c9effcf8c11486a0aab7b36563f7305e8f4f140bd 8420a114688f331298f3c6317933fe5257424e5ed959b4941b3cce8a815f646d
SERVER_HANDSHAKE_TRAFFIC_SECRET f4f0720b7eef3d59c523724c9effcf8c11486a0aab7b36563f7305e8f4f140bd 77caf034a2537016da72bad5c833702173d1be3797b1a925e44bf3bfd200ea22
CLIENT_TRAFFIC_SECRET_0 4fbb40bcd53ae3c8676efdd20a5a0db8fe8c5a758c7d75cc90b4d85941dc5a81 2974846d4bfd70cd85d900c7e0645e3594a7a6e358ea8d80517c62d7c555c068
SERVER_TRAFFIC_SECRET_0 4fbb40bcd53ae3c8676efdd20a5a0db8fe8c5a758c7d75cc90b4d85941dc5a81 a65ae5e81cafecee4f92289b05887277c0aa57d4e6ff0796c46747f93832adff
EXPORTER_SECRET 4fbb40bcd53ae3c8676efdd20a5a0db8fe8c5a758c7d75cc90b4d85941dc5a81 e0e45ace38645dbbb8f0761c3d3f70565c87f91feaf7d52f1bffdb5bb11a9c1c
CLIENT_TRAFFIC_SECRET_0 f4f0720b7eef3d59c523724c9effcf8c11486a0aab7b36563f7305e8f4f140bd ec4966397453d498542a042d8d069e1efb41c74f791258e6f36e695a5ab48910
SERVER_TRAFFIC_SECRET_0 f4f0720b7eef3d59c523724c9effcf8c11486a0aab7b36563f7305e8f4f140bd 17fe9831d78f808441bb7749d9c9d3aa445edb8e3d68f5371fc852adbf23f183
EXPORTER_SECRET f4f0720b7eef3d59c523724c9effcf8c11486a0aab7b36563f7305e8f4f140bd 754af390d5286bdc2ff6e8e24d744b9fee4626c940ff44987b26a93f4efe3a43
CLIENT_TRAFFIC_SECRET_0 f94e43dcc4b3f223abd8fc7d0855e6ed6912604debb9015d736093fbecf6b4ce b90f8d1d7238dd8d55c047595a2c30930b1e68c156991f550df75ebc42ebca4f
SERVER_TRAFFIC_SECRET_0 f94e43dcc4b3f223abd8fc7d0855e6ed6912604debb9015d736093fbecf6b4ce f69434f9b2baf163064a46c5d9275553c6f9eb276ecddc24e601a142e0dd9349
EXPORTER_SECRET f94e43dcc4b3f223abd8fc7d0855e6ed6912604debb9015d736093fbecf6b4ce 4ad45f38e1e2d31d8ef86129ff58d5c46fd3bf82dc1fd88446e25f0e006996f4
CLIENT_TRAFFIC_SECRET_0 e0c9ebd91a1f3e6e834a0c0de4e863e63385b429463ae84de467a4290fbd7d16 395713fc31d2a23e6958de0e2f409f2efa0c121fecd15d18e36fead388414c80
SERVER_TRAFFIC_SECRET_0 e0c9ebd91a1f3e6e834a0c0de4e863e63385b429463ae84de467a4290fbd7d16 e9a0e0790078965781b0ce3a2a0a8c32d6b8aad89c8c570a35ecf754b4723067
EXPORTER_SECRET e0c9ebd91a1f3e6e834a0c0de4e863e63385b429463ae84de467a4290fbd7d16 6cbf9cc545c8af112745fe067b7d5a807869f56d470bc6ad6c4f69ebeb32990f
CLIENT_HANDSHAKE_TRAFFIC_SECRET 97065e013b3a27a1c86472fbeb3a56e310607a3e83fcf76545dca36c27d7aa59 ed9d26d9bc84ed7733931b77050f13550a19be6c7078e7594b788d95d62f791e
SERVER_HANDSHAKE_TRAFFIC_SECRET 97065e013b3a27a1c86472fbeb3a56e310607a3e83fcf76545dca36c27d7aa59 81ee84cab7a256833c88cdf6c3b426318ef2dc9df259f3eaa60621bfa56a8727
CLIENT_HANDSHAKE_TRAFFIC_SECRET 964b64193bd8b6940bc748376d49a6088b2c6a82bb0d8e35771d8cc52215ac9b 65b3e8c83961749cca9256af635338ff00035b96f17e4d30e9da6c79ed4edfc4
SERVER_HANDSHAKE_TRAFFIC_SECRET 964b64193bd8b6940bc748376d49a6088b2c6a82bb0d8e35771d8cc52215ac9b f1ba321ebf7ad7f7074a197ebea14b0f2d50526d2f2c7fb733c6755acceb5ee6
CLIENT_HANDSHAKE_TRAFFIC_SECRET 9682929cc00554e254f9d184e1770686bc25593b6914e6ece6b6a6a598c07744 907f3e3b7c8efa533051b2519af89796a175750ed53c2696676df6a9e8de0f27
SERVER_HANDSHAKE_TRAFFIC_SECRET 9682929cc00554e254f9d184e1770686bc25593b6914e6ece6b6a6a598c07744 76f696b4601aa86ebfc7775e90122b324f0e5c68d166fb6d8d4aaa861816b7d5
CLIENT_TRAFFIC_SECRET_0 97065e013b3a27a1c86472fbeb3a56e310607a3e83fcf76545dca36c27d7aa59 866f52e47ad992112da99a99c3a2281c28886660372913bfe572aad947d76ebf
SERVER_TRAFFIC_SECRET_0 97065e013b3a27a1c86472fbeb3a56e310607a3e83fcf76545dca36c27d7aa59 e46974e4ea742f57c3ea2f8ecb43d45ce1c5359903601bef0847e121e7425549
EXPORTER_SECRET 97065e013b3a27a1c86472fbeb3a56e310607a3e83fcf76545dca36c27d7aa59 5abc888b104ff6311e36100f191a0f0abd17f4cf3a0a118c06a4ef304909583c
CLIENT_HANDSHAKE_TRAFFIC_SECRET 0009be00a0637e7a77fc8a81d366e7a8846bf933c84ac34506bd73215481ce0d 9495672b064efc58ed947fb77874d80e4e17284de624898801c2882513692c2a
SERVER_HANDSHAKE_TRAFFIC_SECRET 0009be00a0637e7a77fc8a81d366e7a8846bf933c84ac34506bd73215481ce0d 9f8c8f8bdf3a9974b61bc01c54638d48815697ffdb99389f43fcaa54b1937586
CLIENT_TRAFFIC_SECRET_0 964b64193bd8b6940bc748376d49a6088b2c6a82bb0d8e35771d8cc52215ac9b 9f6949dd9c1e487165025281aee7398322e4d0d26b6f8ebeb3295ee55c8629a7
SERVER_TRAFFIC_SECRET_0 964b64193bd8b6940bc748376d49a6088b2c6a82bb0d8e35771d8cc52215ac9b e44cac819f644ecbc4af2fade60de9c29218469412eeef0d06f78d024c79c755
EXPORTER_SECRET 964b64193bd8b6940bc748376d49a6088b2c6a82bb0d8e35771d8cc52215ac9b 3edca41b620050a931ce07c45854f1c68b5fc2a49385968958d189003594d961
CLIENT_TRAFFIC_SECRET_0 9682929cc00554e254f9d184e1770686bc25593b6914e6ece6b6a6a598c07744 8687376c007b34e913d4c1fbb6310ed6dc9fb845f46d20c7afc82032d99109d4
SERVER_TRAFFIC_SECRET_0 9682929cc00554e254f9d184e1770686bc25593b6914e6ece6b6a6a598c07744 b72de2da0887738d7495535631d706b1f13319372feef40866bfdc5a8b7e814e
EXPORTER_SECRET 9682929cc00554e254f9d184e1770686bc25593b6914e6ece6b6a6a598c07744 76c0ad5cc9a0f1ae006d9855cff115db9e201045803beced72c788368b0a9225
CLIENT_TRAFFIC_SECRET_0 0009be00a0637e7a77fc8a81d366e7a8846bf933c84ac34506bd73215481ce0d 3ffdb17007a3cd4ad84c28c6afa136ca805ed2fa531485650410d63fbf9b8dcb
SERVER_TRAFFIC_SECRET_0 0009be00a0637e7a77fc8a81d366e7a8846bf933c84ac34506bd73215481ce0d ca3438ef87e7f3b354c08d1a211d2d0d03aa90d708bcdbf9cff32c830b6367cb
EXPORTER_SECRET 0009be00a0637e7a77fc8a81d366e7a8846bf933c84ac34506bd73215481ce0d ecd26bdaac43776ff44201e6606f47c85c7eb4a8d2758996000ae5cbbd8bdbb5
CLIENT_HANDSHAKE_TRAFFIC_SECRET 6018dda623d247db8ba285a909a580f1b467369b58b880f77dfc4583f2dea890 0fd96831df47bff61a0b26833b071f1ddca663d6c6f5bac85a97b85ddd00e262
SERVER_HANDSHAKE_TRAFFIC_SECRET 6018dda623d247db8ba285a909a580f1b467369b58b880f77dfc4583f2dea890 977c0e690e4d8ff384506b5b7e1a186696b1dd670ee48b3d260a1e6b9a534c1a
CLIENT_TRAFFIC_SECRET_0 6018dda623d247db8ba285a909a580f1b467369b58b880f77dfc4583f2dea890 4c481c453f8f3c993df5fb645779936bb3e4cbd5adffbc86b06ec37a604dd9af
SERVER_TRAFFIC_SECRET_0 6018dda623d247db8ba285a909a580f1b467369b58b880f77dfc4583f2dea890 9246ef16dbc6b4c7cc1861de5754aea8977c5db929664bc502c631af2632dc98
EXPORTER_SECRET 6018dda623d247db8ba285a909a580f1b467369b58b880f77dfc4583f2dea890 69a43597cb835ed0b4670f04f6bca6831cec8481f8846ef985356fe2da962cab
CLIENT_HANDSHAKE_TRAFFIC_SECRET e5ee6acf4aecfa3e982521cfda9311dbfca6e2447a5365f7db9173c52f4d31aa 9a996b5d68efede45e2e67e34093ab3b0e605ac93936c5edda6e1c6a59a3f106
SERVER_HANDSHAKE_TRAFFIC_SECRET e5ee6acf4aecfa3e982521cfda9311dbfca6e2447a5365f7db9173c52f4d31aa 3f95aeb2f6af82b88d0742a93d2b19250ee45253daa0b3947a521e6375ce97be
CLIENT_HANDSHAKE_TRAFFIC_SECRET e504ffeeb2ae284c60a6e0dd0bf6cd2ae560d4ebd2b57c4ee923f03da76819f6 4fbdcd1fd45afca7fdce843f669b1eabb6108987f54b54dd99d1471598b3861f
SERVER_HANDSHAKE_TRAFFIC_SECRET e504ffeeb2ae284c60a6e0dd0bf6cd2ae560d4ebd2b57c4ee923f03da76819f6 cd2ce5ca7adaf1cbb34fd76255ee82d6cfc0cd5cd05c9dd835f84be1e8e7debb
CLIENT_HANDSHAKE_TRAFFIC_SECRET 59699f65645f5c9ae7d21fcebb6609b8b5ac8e45e16e797fc1256bce4d80f7a1 4617232b178984aab8d2eb1513426ec41b4e2aef813ac931ace763de76452635
SERVER_HANDSHAKE_TRAFFIC_SECRET 59699f65645f5c9ae7d21fcebb6609b8b5ac8e45e16e797fc1256bce4d80f7a1 59fbd7949e9c0c657ba94d21d264a04927f91e148c77c3646713a94490bc72ea
CLIENT_HANDSHAKE_TRAFFIC_SECRET 9137f64328250c03117e89fec9d034ba00c67b5efefb118f541850298d05d920 f7cb42e3d81f67bf441e99c9e34af403e672e3da74534d6950040046ca5f1cb6
SERVER_HANDSHAKE_TRAFFIC_SECRET 9137f64328250c03117e89fec9d034ba00c67b5efefb118f541850298d05d920 ba7316cd1461c14687cfce898ff2ecc66e78899c98df6dbead3593b87382dadf
CLIENT_TRAFFIC_SECRET_0 e504ffeeb2ae284c60a6e0dd0bf6cd2ae560d4ebd2b57c4ee923f03da76819f6 21bc0940b90a7cfada6de43222d73ad985a4caaaef1adf5f9adaa43bce3620ed
SERVER_TRAFFIC_SECRET_0 e504ffeeb2ae284c60a6e0dd0bf6cd2ae560d4ebd2b57c4ee923f03da76819f6 a964158c7d8b2b90f62c40569c8af311ed20ad38f8ed2914c7d506c7f331bac9
EXPORTER_SECRET e504ffeeb2ae284c60a6e0dd0bf6cd2ae560d4ebd2b57c4ee923f03da76819f6 48dba47bb0d13232a941b5f0a3941239589e71294e03719f36f83e8c1f99550d
CLIENT_TRAFFIC_SECRET_0 e5ee6acf4aecfa3e982521cfda9311dbfca6e2447a5365f7db9173c52f4d31aa c89a93d0a1cbd8f6b0570219c2ebff393d3ff1bded3e0528e5c94d6b1bd1cb43
SERVER_TRAFFIC_SECRET_0 e5ee6acf4aecfa3e982521cfda9311dbfca6e2447a5365f7db9173c52f4d31aa 1b2d63ad10b5a9cb878333c1d8d5840c18aba404575a2627af99d046b2564b46
EXPORTER_SECRET e5ee6acf4aecfa3e982521cfda9311dbfca6e2447a5365f7db9173c52f4d31aa 033d18aa36c1cc0da0bc9c5d424e41674bc36db31ec172bd357404a77bbb7e93
CLIENT_HANDSHAKE_TRAFFIC_SECRET 581926366b2e538ddb5fc42d2d6f1c8efd238d6f03c6f2d88ae3638fb8545ea8 d3d617c1203ac59da582aa29ac3a9da231aee742f228ccf969dc5881e5045e6b
SERVER_HANDSHAKE_TRAFFIC_SECRET 581926366b2e538ddb5fc42d2d6f1c8efd238d6f03c6f2d88ae3638fb8545ea8 d1fd636617eeb318a508ee519e1e1d3f458737d1183928f6b35d5c3ce926fa41
CLIENT_HANDSHAKE_TRAFFIC_SECRET 1c41144be0db5abfa50428fecebbd600ce200cdda617cb00caa7c1b03d066c13 d6d6fc44bbda3918c8e0acb6c355c1378c7415eafaac59444a45574eb6660939
SERVER_HANDSHAKE_TRAFFIC_SECRET 1c41144be0db5abfa50428fecebbd600ce200cdda617cb00caa7c1b03d066c13 f3fd6e399c60dade21307f24319e7903b4e00bca5d396eb14ddf85e561a83e48
CLIENT_TRAFFIC_SECRET_0 9137f64328250c03117e89fec9d034ba00c67b5efefb118f541850298d05d920 1e1ce204629623f02c770b567055401a115016db352cd2517ba051e6e661b061
SERVER_TRAFFIC_SECRET_0 9137f64328250c03117e89fec9d034ba00c67b5efefb118f541850298d05d920 bd6ed0a3c5d2e7dd6a113042b8ba93e28a9b7ae0d70ee4bae3606beaefdd05ce
EXPORTER_SECRET 9137f64328250c03117e89fec9d034ba00c67b5efefb118f541850298d05d920 abcda613adc4a3264e9713996392d86319e651b47f390318fe8503e1af2e673b
CLIENT_HANDSHAKE_TRAFFIC_SECRET d302c3685bfc5053a5fd37e1180ef4c91d062cbc9c1cff75759b01aaf3098fa4 df4d255e264bb40822fe00529b07bf756d8bb4d5b98ebd452a096fc780d8c1b9
SERVER_HANDSHAKE_TRAFFIC_SECRET d302c3685bfc5053a5fd37e1180ef4c91d062cbc9c1cff75759b01aaf3098fa4 e2974b1d4c035e98dec3c2516906cffe9c18d6dc00cc98cdcf0872e0f879cfd8
CLIENT_TRAFFIC_SECRET_0 59699f65645f5c9ae7d21fcebb6609b8b5ac8e45e16e797fc1256bce4d80f7a1 6878abd3691b730addc2941149590dd046dd899435cfaf1b7bada2953aeb58ad
SERVER_TRAFFIC_SECRET_0 59699f65645f5c9ae7d21fcebb6609b8b5ac8e45e16e797fc1256bce4d80f7a1 99325f3a355f62f6cebf9b0abf975361b2266ec53df8afcb88d8ddde60009085
EXPORTER_SECRET 59699f65645f5c9ae7d21fcebb6609b8b5ac8e45e16e797fc1256bce4d80f7a1 8651481ddd4ef6643d370b1b7e641c19435012cf67c2300fae8821a8d99162f9
CLIENT_HANDSHAKE_TRAFFIC_SECRET b34f996b4bb518d3480d3ebc894a6b9527db18db5ddde5dc59aec0a3a8e86694 13233d4b2a926f591622022a84e2a2bdace55d7b1f7b372e3adf5efe53af7538
SERVER_HANDSHAKE_TRAFFIC_SECRET b34f996b4bb518d3480d3ebc894a6b9527db18db5ddde5dc59aec0a3a8e86694 7b91a5eecc7a1837d17d307d22200190567405686a6b58bbdc235352cb92ad63
CLIENT_TRAFFIC_SECRET_0 1c41144be0db5abfa50428fecebbd600ce200cdda617cb00caa7c1b03d066c13 24b74d97cf3a2548bdf719c6f44e75e2a356cd42f7336e9932bf9f9e67a205d1
SERVER_TRAFFIC_SECRET_0 1c41144be0db5abfa50428fecebbd600ce200cdda617cb00caa7c1b03d066c13 d887e4e68c4e89816483a619ed87fc505c909853ac6f821c4af15083b8dc2ea8
EXPORTER_SECRET 1c41144be0db5abfa50428fecebbd600ce200cdda617cb00caa7c1b03d066c13 4a6cf43a51cf12a90ec1391363329f3a114f4f8d1e1f1450c5dbcfcb406cdbf0
CLIENT_TRAFFIC_SECRET_0 581926366b2e538ddb5fc42d2d6f1c8efd238d6f03c6f2d88ae3638fb8545ea8 e08f02e5cd2c8d7280ae66cacc7214280070ebe12cf7c7cfeb1c41e6ddbf4b78
SERVER_TRAFFIC_SECRET_0 581926366b2e538ddb5fc42d2d6f1c8efd238d6f03c6f2d88ae3638fb8545ea8 3091e2a5c451705febed367c493d1b0d96d088956ec2dc1fe8691e9a99395827
EXPORTER_SECRET 581926366b2e538ddb5fc42d2d6f1c8efd238d6f03c6f2d88ae3638fb8545ea8 0c3f3dd259d5e402faf916adcd4e481f32aae389cf2e1cdf8e5b4b49f248c56e
CLIENT_TRAFFIC_SECRET_0 b34f996b4bb518d3480d3ebc894a6b9527db18db5ddde5dc59aec0a3a8e86694 2a49c158489d13691d8fa135339579b9c4008f517283891cba89baaff6647b60
SERVER_TRAFFIC_SECRET_0 b34f996b4bb518d3480d3ebc894a6b9527db18db5ddde5dc59aec0a3a8e86694 cc779375f77c463d5fb30fe4f0d772bf9524fdea6887f211ba24350966fe5760
EXPORTER_SECRET b34f996b4bb518d3480d3ebc894a6b9527db18db5ddde5dc59aec0a3a8e86694 0ea107a8f1fa667e87bbc6fd06dca5a9f92457a12ba6e6caf5a9cc168c603556
CLIENT_TRAFFIC_SECRET_0 d302c3685bfc5053a5fd37e1180ef4c91d062cbc9c1cff75759b01aaf3098fa4 cbd34ff0b49dda5295d82b558fbead9b8d7c576849cbc5f6218b1962285ca063
SERVER_TRAFFIC_SECRET_0 d302c3685bfc5053a5fd37e1180ef4c91d062cbc9c1cff75759b01aaf3098fa4 24e65cd7f16acbb9b90d4ff6e5ae4ec626131b46378225219d0922652d81efe3
EXPORTER_SECRET d302c3685bfc5053a5fd37e1180ef4c91d062cbc9c1cff75759b01aaf3098fa4 fcf7c12e04ac58a8760ed11cca7c467943c09269a57e5a3163d04d49ded77866
CLIENT_HANDSHAKE_TRAFFIC_SECRET 9447032f47671f530a70456b5178acba91f95d57f13e3d6c873c54492c901f05 13535d2ccebc631bc34398b13051e582511eab3146235c2ba5cf986ad3a16faf
SERVER_HANDSHAKE_TRAFFIC_SECRET 9447032f47671f530a70456b5178acba91f95d57f13e3d6c873c54492c901f05 42df7f96ff7147452be0b26f99a64c864cfa7964d22ea1e745ced61a2ebfa0b2
CLIENT_HANDSHAKE_TRAFFIC_SECRET 6ce0f3a6e335d0b3359d2dd396acb4f4d3e5821ee5d327a8a8da210b07ebcae8 6b2657ffdc0135a91e5d8cf4aef8e346cd5f3f8767c11a275821a84e0baf0d9d
SERVER_HANDSHAKE_TRAFFIC_SECRET 6ce0f3a6e335d0b3359d2dd396acb4f4d3e5821ee5d327a8a8da210b07ebcae8 a74ba330ac2aa2470d20ff64882906ff7ffe6f63b6f388b5fe8a9406f98b1173
CLIENT_TRAFFIC_SECRET_0 9447032f47671f530a70456b5178acba91f95d57f13e3d6c873c54492c901f05 4daae16a7037b3cd088eb76c030047de74a9f035792b0d0d1c7aead318172368
SERVER_TRAFFIC_SECRET_0 9447032f47671f530a70456b5178acba91f95d57f13e3d6c873c54492c901f05 7cbba380fc29cb9e1772da762451e424bdd703fbe45b5284d0f98905ddd8f3bf
EXPORTER_SECRET 9447032f47671f530a70456b5178acba91f95d57f13e3d6c873c54492c901f05 3e19482a8afe5beff9ae20790e85c59bcad50fb68acb8ab1c5f9e176f53e181f
CLIENT_HANDSHAKE_TRAFFIC_SECRET 77940db3610692439282857582120b140038842669bc94a6bcc8d642d2aee832 482241c9ae4a3e7e1d57e4830d3e1fea6f5fe79fa5e5c7218034fdeeccc1645f
SERVER_HANDSHAKE_TRAFFIC_SECRET 77940db3610692439282857582120b140038842669bc94a6bcc8d642d2aee832 a03fb3cacfa687741449593d0e583bc0bb7d41df6731f7278e4ce5e1ceaa6422
CLIENT_TRAFFIC_SECRET_0 6ce0f3a6e335d0b3359d2dd396acb4f4d3e5821ee5d327a8a8da210b07ebcae8 3503571128c8ee322a00fa2bf0670a22e417a84059beb21717046b04808b6156
SERVER_TRAFFIC_SECRET_0 6ce0f3a6e335d0b3359d2dd396acb4f4d3e5821ee5d327a8a8da210b07ebcae8 674d2eb5739a22d8e5664b9eca7197b6740d56a15244c7676838f9a1b670cec3
EXPORTER_SECRET 6ce0f3a6e335d0b3359d2dd396acb4f4d3e5821ee5d327a8a8da210b07ebcae8 8b8aa6e6b5d545741b6238d920fd88cf28c9aca2bf3a8d22a53e49e3c1895520
CLIENT_TRAFFIC_SECRET_0 77940db3610692439282857582120b140038842669bc94a6bcc8d642d2aee832 719ea4b0bbd5f3ad954206d0bd14f7e3bffa1f53aba2e0e7716a876a2f388f74
SERVER_TRAFFIC_SECRET_0 77940db3610692439282857582120b140038842669bc94a6bcc8d642d2aee832 b35c6940524da7bc020aa521ef79e058fc22c116d3404f7a2b611b081491367b
EXPORTER_SECRET 77940db3610692439282857582120b140038842669bc94a6bcc8d642d2aee832 84646da47f68ddaa17fff4f8c74dd30eccad8a8cadbab428d0dd50b7848b11ee
CLIENT_HANDSHAKE_TRAFFIC_SECRET 8cfb947e3448b7dcadbc8365be8bdbc2d7d077876f5972d0953458b079675aa2 37c7ce49168414f538c98429a5e650beef56ee6f180670d63100d80f70238459
SERVER_HANDSHAKE_TRAFFIC_SECRET 8cfb947e3448b7dcadbc8365be8bdbc2d7d077876f5972d0953458b079675aa2 3e4d08c26e85faf20f58ff770380a2097490855985f2735a7ddb75c71d679911
CLIENT_HANDSHAKE_TRAFFIC_SECRET 430f7e0065021b7002104ad16732cc529ff7bfaa70e929d9e81bc02971239989 b6253352f7cab12467b70fd7b0aa98f7be0300481f66771ae3a4bbc09a445a4d
SERVER_HANDSHAKE_TRAFFIC_SECRET 430f7e0065021b7002104ad16732cc529ff7bfaa70e929d9e81bc02971239989 575fec6d0b9942e5c0735ee6c2b3e61c881d5da29777d7fa23420f4031c0b85f
CLIENT_HANDSHAKE_TRAFFIC_SECRET cd887e0b76679dd8430224b66367b94acaf01275e20c306b5d0449e3dc4f5917 1d89175e6a7840e99f6f423908a0a10470a9b3a5c8f7b2871a7d91d5fd5d478e
SERVER_HANDSHAKE_TRAFFIC_SECRET cd887e0b76679dd8430224b66367b94acaf01275e20c306b5d0449e3dc4f5917 09b3672d9f844341e56318573ba6c320a54e148e0d1036de2fe78c725c75eeca
CLIENT_TRAFFIC_SECRET_0 cd887e0b76679dd8430224b66367b94acaf01275e20c306b5d0449e3dc4f5917 c41db343518ccfb614a2b9d3e97993ee7ab78dce1bce3ac87e7ba9231a04cd4b
SERVER_TRAFFIC_SECRET_0 cd887e0b76679dd8430224b66367b94acaf01275e20c306b5d0449e3dc4f5917 0ac45368007c0479f35ed18cec9343b38e19dac015a1b934c3e41d94655e48ea
EXPORTER_SECRET cd887e0b76679dd8430224b66367b94acaf01275e20c306b5d0449e3dc4f5917 75e823cd3e3b4ffbe59ac42295948fad870dedd3ecac0af889d9a83465afc264
CLIENT_HANDSHAKE_TRAFFIC_SECRET 5e3018915fa5bcb1f772491518c0b3e046c61e5d6c035a8c2012e279a0548c87 a6e777fcc505e1f3d31a5d810a7331cd122ad55a39a8a5ebb6367f202ecde260
SERVER_HANDSHAKE_TRAFFIC_SECRET 5e3018915fa5bcb1f772491518c0b3e046c61e5d6c035a8c2012e279a0548c87 2713d92a013d195eda17a963531ee3f5aa9182ab8e74e593884ab9cf5a8a5d9a
CLIENT_TRAFFIC_SECRET_0 430f7e0065021b7002104ad16732cc529ff7bfaa70e929d9e81bc02971239989 6dcd4b22b4cc6a7b4501af71295ed705d27bb4887a95a16b0f753ef269141486
SERVER_TRAFFIC_SECRET_0 430f7e0065021b7002104ad16732cc529ff7bfaa70e929d9e81bc02971239989 cfc78dc2241a9fa9d8a3e4a53ab4f710751f256c0cdfc1f6a9594ab139faf5aa
EXPORTER_SECRET 430f7e0065021b7002104ad16732cc529ff7bfaa70e929d9e81bc02971239989 9ebaa5582d73e91e5a9ff9761e8e5f7d6547cd102f1ce0406d40052779c34a49
CLIENT_TRAFFIC_SECRET_0 8cfb947e3448b7dcadbc8365be8bdbc2d7d077876f5972d0953458b079675aa2 44b2519aa038bbe22ace52f51c1ee0eed7dd4825cd525dc1689d746cb79b4aff
SERVER_TRAFFIC_SECRET_0 8cfb947e3448b7dcadbc8365be8bdbc2d7d077876f5972d0953458b079675aa2 85ac05d68162f7eb0e10ab4b385810e69fbfb822a52fadcfb8789e57ce79b828
EXPORTER_SECRET 8cfb947e3448b7dcadbc8365be8bdbc2d7d077876f5972d0953458b079675aa2 44145a5714eb7fb0b84c295c6e8e371ac9b7ecf5d0eb985cf901e56012d89fe5
CLIENT_TRAFFIC_SECRET_0 5e3018915fa5bcb1f772491518c0b3e046c61e5d6c035a8c2012e279a0548c87 8e860a178a478179f9cf7c1363499b509d55e249adbbf7f1abe3b496e6d007f9
SERVER_TRAFFIC_SECRET_0 5e3018915fa5bcb1f772491518c0b3e046c61e5d6c035a8c2012e279a0548c87 a13c016b918c6f457aa75b4915ef1811e3ffeba8298549977b202469f7eae8c3
EXPORTER_SECRET 5e3018915fa5bcb1f772491518c0b3e046c61e5d6c035a8c2012e279a0548c87 29bd8a17ce3f26405325b8c3c31a5b11f6418b6070819f572a04a7152676c445
CLIENT_HANDSHAKE_TRAFFIC_SECRET 0991edb2621a8b21c5910be19fbedf89cc0fa17a5560a178d1a2f8f26992f022 8ff0f6b6d7d53db3855833f079977c9c6aebea115309a517c48e2ff68a4d50a4
SERVER_HANDSHAKE_TRAFFIC_SECRET 0991edb2621a8b21c5910be19fbedf89cc0fa17a5560a178d1a2f8f26992f022 b3d23cc3e43642c620ac2af00f3dc4760894c9831417f435b00f41627007f685
CLIENT_HANDSHAKE_TRAFFIC_SECRET f4968d4ee7be294755b0ab39c9846288d0c009a2bd80ef046227b0dd500dfd30 0f170caeb3029531306a645f5e967bc1657165aa959f16cc1fb57f05ffdcdf33
SERVER_HANDSHAKE_TRAFFIC_SECRET f4968d4ee7be294755b0ab39c9846288d0c009a2bd80ef046227b0dd500dfd30 7865df24c5ee0a55594a6da61ec83436f4cd708aee71f8aab5d96dc06154048c
CLIENT_TRAFFIC_SECRET_0 0991edb2621a8b21c5910be19fbedf89cc0fa17a5560a178d1a2f8f26992f022 56e9029007051a6298273139e99054be9f617389b280abdebcb70ada5b053792
SERVER_TRAFFIC_SECRET_0 0991edb2621a8b21c5910be19fbedf89cc0fa17a5560a178d1a2f8f26992f022 173b2858efddf9077577885eb01908f2a10175f9e665d830ef1de14f68b8d300
EXPORTER_SECRET 0991edb2621a8b21c5910be19fbedf89cc0fa17a5560a178d1a2f8f26992f022 6c3c7b996d5c9209f4cfb5a90a9ef1a698c208bc49eb867f6dbfad35a99a6b17
CLIENT_TRAFFIC_SECRET_0 f4968d4ee7be294755b0ab39c9846288d0c009a2bd80ef046227b0dd500dfd30 f5f5f2053cebad374ea70c5ebf637d0a833e9a4037ca9deb9ae53df30cbd2969
SERVER_TRAFFIC_SECRET_0 f4968d4ee7be294755b0ab39c9846288d0c009a2bd80ef046227b0dd500dfd30 f64b489f4ec167e894ec49878c3ee466241ffc9dde74d205bb9fb67cb947e460
EXPORTER_SECRET f4968d4ee7be294755b0ab39c9846288d0c009a2bd80ef046227b0dd500dfd30 d4366dc2f0fbdc64cc957ff5bc928c0da676f5bf11b5d504c47a942cffa7ca1b
CLIENT_HANDSHAKE_TRAFFIC_SECRET cce8e75ca55048c4daf79bd2f7c9f671b51f4658389b16ed659faf8006ef1d59 56fd3b043f0fe7fc3877dcef33f2dde2923558f0fcfabc9193da766cc5403644
SERVER_HANDSHAKE_TRAFFIC_SECRET cce8e75ca55048c4daf79bd2f7c9f671b51f4658389b16ed659faf8006ef1d59 6598cc1b90966341c8e863adc8052df635754b3b1bdd3bd74239994ba96c107d
CLIENT_HANDSHAKE_TRAFFIC_SECRET dc5e7fbf7ac67ea39c06b2852dd9dbbbf6ea116ba226d834b9f2832e1d214562 b0d58a1a0cdc310386a5eb372ff9d2a2c2fabfb7a60d10c4ce80b9a1fe31e42b
SERVER_HANDSHAKE_TRAFFIC_SECRET dc5e7fbf7ac67ea39c06b2852dd9dbbbf6ea116ba226d834b9f2832e1d214562 d0cd0b717d009159953581a82d950f8aa5d2d917dd1d873dc88a18ed7d80d2bf
CLIENT_TRAFFIC_SECRET_0 cce8e75ca55048c4daf79bd2f7c9f671b51f4658389b16ed659faf8006ef1d59 d2384ff204bf89acfbe25db31ad8816963971e36bab2ca9e74c512ff4ba7314e
SERVER_TRAFFIC_SECRET_0 cce8e75ca55048c4daf79bd2f7c9f671b51f4658389b16ed659faf8006ef1d59 6f07e6ace9c97a5d2476c4127cbf38e2a9e7f4c82ea3167c2bf916a24a4f12e1
EXPORTER_SECRET cce8e75ca55048c4daf79bd2f7c9f671b51f4658389b16ed659faf8006ef1d59 7604319ac5ba956245a3d01d70b2ebb40da5d0423987d7f4be81aeba685f3a91
CLIENT_HANDSHAKE_TRAFFIC_SECRET 76d0f3a3187b0a115472d3e0cbb04df56387325a1f74aac9e9b2b3f51fa66d57 6259f99fa6fc159a3ac0cd4c220294d506982174f3f4e4438321d1bf0d6c2f0a
SERVER_HANDSHAKE_TRAFFIC_SECRET 76d0f3a3187b0a115472d3e0cbb04df56387325a1f74aac9e9b2b3f51fa66d57 bfca202658340afbb9334472b3d3e3877ebd028f15ffd35fa6c2e2be743c53f1
CLIENT_TRAFFIC_SECRET_0 dc5e7fbf7ac67ea39c06b2852dd9dbbbf6ea116ba226d834b9f2832e1d214562 dc565c169aabc8f07980af73edc268dbb495e801df24b62e885217377afe0ae2
SERVER_TRAFFIC_SECRET_0 dc5e7fbf7ac67ea39c06b2852dd9dbbbf6ea116ba226d834b9f2832e1d214562 16467b6bd6ebd50f5cad8bae9e5d9789ec052bf911d99f497d5f427c86b10121
EXPORTER_SECRET dc5e7fbf7ac67ea39c06b2852dd9dbbbf6ea116ba226d834b9f2832e1d214562 b3251a59a5b15d9b85d109c2817f64ba4b99331a890d46d9ce52711b659c6a53
CLIENT_TRAFFIC_SECRET_0 76d0f3a3187b0a115472d3e0cbb04df56387325a1f74aac9e9b2b3f51fa66d57 2227135b29915fe9887ec2df4ccf6f981e554346e392ef5cddf6cbc2612f70c7
SERVER_TRAFFIC_SECRET_0 76d0f3a3187b0a115472d3e0cbb04df56387325a1f74aac9e9b2b3f51fa66d57 1c14ab043e76c5fbb96b265d44db2cc792b4b5a48dd800b1e69f23f5d95f81d5
EXPORTER_SECRET 76d0f3a3187b0a115472d3e0cbb04df56387325a1f74aac9e9b2b3f51fa66d57 57d48d87c5e18dc95d3e31e152c68aedf6e4ce9cd6a20b3c71a5c09bd63fc350
CLIENT_HANDSHAKE_TRAFFIC_SECRET 1e6a0e2a5e2ba5a485b6c9004ef770a7ece8fcd246767af7831e1d145955bb55 42844b64d59e7b1c6ba896e1939b81931b6d2af083bb7dae78df1ca7d03b21db
SERVER_HANDSHAKE_TRAFFIC_SECRET 1e6a0e2a5e2ba5a485b6c9004ef770a7ece8fcd246767af7831e1d145955bb55 eb7bf581c0fb69d9418c38042e933be2cd429845f9133323853803014d179e34
CLIENT_TRAFFIC_SECRET_0 1e6a0e2a5e2ba5a485b6c9004ef770a7ece8fcd246767af7831e1d145955bb55 c4cd684e50075bac7f5cdf83612e007e8b03b837646102b8abe6aff478e00eed
SERVER_TRAFFIC_SECRET_0 1e6a0e2a5e2ba5a485b6c9004ef770a7ece8fcd246767af7831e1d145955bb55 3c1a11ef20cf6f12908d47a45b82354234622db0626d807fdc0369962ae6f577
EXPORTER_SECRET 1e6a0e2a5e2ba5a485b6c9004ef770a7ece8fcd246767af7831e1d145955bb55 3b247ec6b3260dd25d715392234bdd0ba27e91ce2c66b08e495268e0c9cb49ad
CLIENT_HANDSHAKE_TRAFFIC_SECRET f45c7698a7c984b2c707dd23bf277b4821cc20d3f4c5f1bced833d5865d6d748 9b0aeb0bc4cebad5892c3f211c9c1f9259dfe5788bf08849f82bfe13c5336e45
SERVER_HANDSHAKE_TRAFFIC_SECRET f45c7698a7c984b2c707dd23bf277b4821cc20d3f4c5f1bced833d5865d6d748 0e5361579ad1ea9f1d3c0cac228efb11e80f14b1cf83027c8199db1c4bef7341
CLIENT_HANDSHAKE_TRAFFIC_SECRET e4cb930b547b9baa362d5dd5b623bde231c550f42cd08ae5edc1e2875b9aa976 80e11e682e9139ba001615308ecb589bb44c4d04aca16f4909e161e9ffc18e95
SERVER_HANDSHAKE_TRAFFIC_SECRET e4cb930b547b9baa362d5dd5b623bde231c550f42cd08ae5edc1e2875b9aa976 fe10c7f704e19ce1f8c15578d2eafc010b2475bbe5a64c2c8776165689ca43eb
CLIENT_TRAFFIC_SECRET_0 e4cb930b547b9baa362d5dd5b623bde231c550f42cd08ae5edc1e2875b9aa976 9c2b98f0821433d9e9944d9547bd24490a70e7ddda653769ea23b00e17b468eb
SERVER_TRAFFIC_SECRET_0 e4cb930b547b9baa362d5dd5b623bde231c550f42cd08ae5edc1e2875b9aa976 4ecd631284dbab3476b7e202cf7bab551697dd2147c47b19a8a03cd994e4a3cf
EXPORTER_SECRET e4cb930b547b9baa362d5dd5b623bde231c550f42cd08ae5edc1e2875b9aa976 330f4dfbccf56f59335efd6555d92efd4d9a82608a2d67a1c8cf32f570953446
CLIENT_TRAFFIC_SECRET_0 f45c7698a7c984b2c707dd23bf277b4821cc20d3f4c5f1bced833d5865d6d748 0787a7f062be49b23105a77bd7891148a006333d9b582ac73127df292d3929f2
SERVER_TRAFFIC_SECRET_0 f45c7698a7c984b2c707dd23bf277b4821cc20d3f4c5f1bced833d5865d6d748 4fb4816ef52d039ad325bb0c77d4286cffb6aafef87eba86c2157b88e169d649
EXPORTER_SECRET f45c7698a7c984b2c707dd23bf277b4821cc20d3f4c5f1bced833d5865d6d748 00c5493297cf4f4da42eceffaef0df3c92693f28ca0b990c44d26c60c47a09c1
CLIENT_HANDSHAKE_TRAFFIC_SECRET 0b30820f5217f009142971d20a2dc900861000462cefa231a9bbcaf1c2250e14 9b7d1fd97175770fffb2573ee5b8e4c41764f80cff7b2b6c3d25b49044abb768
SERVER_HANDSHAKE_TRAFFIC_SECRET 0b30820f5217f009142971d20a2dc900861000462cefa231a9bbcaf1c2250e14 c3cf761bef04b832162616e5ef4355143660bf60f919677f9f74b28baa001e6b
CLIENT_TRAFFIC_SECRET_0 0b30820f5217f009142971d20a2dc900861000462cefa231a9bbcaf1c2250e14 9d093f6e0f8a2f52e1c2fd31bd6d453238a402fd606eb17c7c40a15ae08c2297
SERVER_TRAFFIC_SECRET_0 0b30820f5217f009142971d20a2dc900861000462cefa231a9bbcaf1c2250e14 3f896af0ab6b679cb0e349e0fa88321da39c8d9b4e73a713c531720ae46eb911
EXPORTER_SECRET 0b30820f5217f009142971d20a2dc900861000462cefa231a9bbcaf1c2250e14 dcfe4488611ade4b1f7426cca2c09f37e7502cd0bb8dcb3d7397790290591fa6
CLIENT_HANDSHAKE_TRAFFIC_SECRET 0bbe5a98764c7d2eab94e575e41129538ede8e4173e4ff1eb632b73b0eb694c6 73eafc12fcb6b2bef26d069e38f30628cc78b4e056668716240bc51a99eb3e3b
SERVER_HANDSHAKE_TRAFFIC_SECRET 0bbe5a98764c7d2eab94e575e41129538ede8e4173e4ff1eb632b73b0eb694c6 c49be2da4682066ac014e3d1d63f5c33fb8a833d72a5266e08d09fdcc31eac8e
CLIENT_TRAFFIC_SECRET_0 0bbe5a98764c7d2eab94e575e41129538ede8e4173e4ff1eb632b73b0eb694c6 e345274f58efdaf1500b1f50ea3ab59fbab4a060b6f2acebac6fdcc2b9e3fe23
SERVER_TRAFFIC_SECRET_0 0bbe5a98764c7d2eab94e575e41129538ede8e4173e4ff1eb632b73b0eb694c6 00b2a2f2ec851e40344858dd305f05a1deb7eda71554bd6efaa8e3b13dffef40
EXPORTER_SECRET 0bbe5a98764c7d2eab94e575e41129538ede8e4173e4ff1eb632b73b0eb694c6 e45ab9852ba45d080008f1f852078f051f51fe1935eac3ddfe7cce45c70776f1
CLIENT_HANDSHAKE_TRAFFIC_SECRET 4f3b8409bc234b6375ac0554355cea8d68e939dae6855258af20d33c1429bab6 4c51595cf92e723e48d91537bc59b580992204bb151ceea89a86e1c31f980672
SERVER_HANDSHAKE_TRAFFIC_SECRET 4f3b8409bc234b6375ac0554355cea8d68e939dae6855258af20d33c1429bab6 b99e6a7ae20156c2cfb17ee8516fa965393806a6c7619eed99e48bcbdd936b6c
CLIENT_HANDSHAKE_TRAFFIC_SECRET 511073172cafe0b5a1bd113e51240e049468b6d59a9b572726770a21903d7267 1b1cf85fb7171b575ba3f56acb54ef1be8cb9db269b868c7d75dc755dc00f785
SERVER_HANDSHAKE_TRAFFIC_SECRET 511073172cafe0b5a1bd113e51240e049468b6d59a9b572726770a21903d7267 dcc0f11be36a6e26e55f8fdc4cb0cdc537d42c55c7d6d343673e767e4bd51366
CLIENT_TRAFFIC_SECRET_0 511073172cafe0b5a1bd113e51240e049468b6d59a9b572726770a21903d7267 058949f3c524f0dfe5fe96751d67fd5434b9632dd84127072c538c405317d121
SERVER_TRAFFIC_SECRET_0 511073172cafe0b5a1bd113e51240e049468b6d59a9b572726770a21903d7267 d3c2a1f4f66e313e87274da9186a3fe89e091e8e1d9978f2aa93314a3421cb24
EXPORTER_SECRET 511073172cafe0b5a1bd113e51240e049468b6d59a9b572726770a21903d7267 9e2d97a31f10d1a4276be3f82418c54edef5671f822f431421134cf86e2d3098
CLIENT_HANDSHAKE_TRAFFIC_SECRET 4a89ac8a0d8783f7d6b8c32fe5d6d54947324f2f5dd1c98f14a3e1bb35e72681 2520f22a044947731a15d5ad06f85713f2a4212f8bcccb31f4930fe60f16678a
SERVER_HANDSHAKE_TRAFFIC_SECRET 4a89ac8a0d8783f7d6b8c32fe5d6d54947324f2f5dd1c98f14a3e1bb35e72681 df8803a3d14a63c6c8885eb69c9b27c752ea41508cc77a10a1d74bc61577b387
CLIENT_HANDSHAKE_TRAFFIC_SECRET 9c8f6f38144c6f0dc9d5e4c010f1a93b86122db99ccb9fd88c3a98a45b6c2fcd a2f19bfeaa439ff14139b77cef1972d1106f9d990717cecd08194028bb327608
SERVER_HANDSHAKE_TRAFFIC_SECRET 9c8f6f38144c6f0dc9d5e4c010f1a93b86122db99ccb9fd88c3a98a45b6c2fcd 47b1601cab0b63b0dbab1035585546fd97264c222d0d792ae16bc13ad483acdb
CLIENT_HANDSHAKE_TRAFFIC_SECRET f7efda0838f26b2bc5a0fb5418ca80c4c1b58d569cfa588afe6d1aab1e9e7186 bf08569b630e923d0c1cab3f785ec88879cab2683980c944cf42354eb0bc401b
SERVER_HANDSHAKE_TRAFFIC_SECRET f7efda0838f26b2bc5a0fb5418ca80c4c1b58d569cfa588afe6d1aab1e9e7186 e9c3fed440a2117c1eda42af2487274b8f6ad764895c4d07f0896991ce298557
CLIENT_HANDSHAKE_TRAFFIC_SECRET fb956e6dea4354e349bf4bda75f493af0f828a2bfefe601abedd05906666b223 f2068ed2f450426576351620f2b7d8f3c613c74788d0e5ed38c0c01f670f7df2
SERVER_HANDSHAKE_TRAFFIC_SECRET fb956e6dea4354e349bf4bda75f493af0f828a2bfefe601abedd05906666b223 c4ff2c906998feac75502bf42dd258cdd88216cf6895831aabc13dcfd81788ae
CLIENT_TRAFFIC_SECRET_0 4f3b8409bc234b6375ac0554355cea8d68e939dae6855258af20d33c1429bab6 75871200898cf122ff98ad3ccfad3c8ef107159dd20d80f75784e27db7da2f2b
SERVER_TRAFFIC_SECRET_0 4f3b8409bc234b6375ac0554355cea8d68e939dae6855258af20d33c1429bab6 e4bfea48260d843e1a177a52958a09cd910ba9a69af015a8a141e6854a39f204
EXPORTER_SECRET 4f3b8409bc234b6375ac0554355cea8d68e939dae6855258af20d33c1429bab6 34e665ffca975eb4a81e35a0e91a4184e714c7d3b6d7195fe92fe858ca5b772c
CLIENT_TRAFFIC_SECRET_0 4a89ac8a0d8783f7d6b8c32fe5d6d54947324f2f5dd1c98f14a3e1bb35e72681 db1fcef777bd8eec75e43852ca86f049d6a6bd7a8a9cbee0af4974bcbc3fb6e5
SERVER_TRAFFIC_SECRET_0 4a89ac8a0d8783f7d6b8c32fe5d6d54947324f2f5dd1c98f14a3e1bb35e72681 76525dd562ef8d6d8635e32468e4460ca2920b5aa58261e90d29932f19ba730d
EXPORTER_SECRET 4a89ac8a0d8783f7d6b8c32fe5d6d54947324f2f5dd1c98f14a3e1bb35e72681 ead074858c160c3b02925912eba6e7fddc819b728258a19b548c486d9b4aabaa
CLIENT_TRAFFIC_SECRET_0 9c8f6f38144c6f0dc9d5e4c010f1a93b86122db99ccb9fd88c3a98a45b6c2fcd 1ca11f4a9f2eb6e53269cc1ab51a4ce27d777e265128afcd664c8c50d5270910
SERVER_TRAFFIC_SECRET_0 9c8f6f38144c6f0dc9d5e4c010f1a93b86122db99ccb9fd88c3a98a45b6c2fcd 626a428391ef1a8fb736e16cb4d9ccef12427b0672724de23f12f12236c01657
EXPORTER_SECRET 9c8f6f38144c6f0dc9d5e4c010f1a93b86122db99ccb9fd88c3a98a45b6c2fcd 90e034516be813f64a6d68a45a315fd9581cd24923ff0b456b507c355a6926d5
CLIENT_TRAFFIC_SECRET_0 f7efda0838f26b2bc5a0fb5418ca80c4c1b58d569cfa588afe6d1aab1e9e7186 73457e83a284910e325d1c7da8789d8a0768a29c4c3839d706007ae6b6a5ed52
SERVER_TRAFFIC_SECRET_0 f7efda0838f26b2bc5a0fb5418ca80c4c1b58d569cfa588afe6d1aab1e9e7186 f5d69e7d15f43878aedfa66e62cff8657be0aaad63ec7c6e98cd384bd0d0df37
EXPORTER_SECRET f7efda0838f26b2bc5a0fb5418ca80c4c1b58d569cfa588afe6d1aab1e9e7186 cda0c442dedb7d2658d80357deaf03653275e2d255594797b25ad2ba1e5e8596
CLIENT_TRAFFIC_SECRET_0 fb956e6dea4354e349bf4bda75f493af0f828a2bfefe601abedd05906666b223 4b97ef0c68bc153d60df02acdea749f6d7913c3e7d664463169c58bbd94568d9
SERVER_TRAFFIC_SECRET_0 fb956e6dea4354e349bf4bda75f493af0f828a2bfefe601abedd05906666b223 1104a8ef3c7d76f2e1182daaf51ed4993fb990fa1e82ac25943f69a5b3cbdf94
EXPORTER_SECRET fb956e6dea4354e349bf4bda75f493af0f828a2bfefe601abedd05906666b223 831a044f77f43b2b92c4a3c107444ed92a82e8ad5b66148f9de710d6955ebc69
CLIENT_HANDSHAKE_TRAFFIC_SECRET 60bcd2c47fff2af3f2544158ce20a4ef08361660ea25b48a31da211d1920cfbe c41466c6fee3b964a010d282c176077597c3f82db986ee392f7bc1de724cac09
SERVER_HANDSHAKE_TRAFFIC_SECRET 60bcd2c47fff2af3f2544158ce20a4ef08361660ea25b48a31da211d1920cfbe 90d7bc55f6ad59f1f1cf71e68a40e2fd80c2a64a0d99f9863aeb92aee0f39bc1
CLIENT_HANDSHAKE_TRAFFIC_SECRET 6b340ef221617917d7790bd111e23006616a0489a4e1271b6edc86b35b456394 8502cbfc0056d8eccaea4982bafdbc468968f105111471c7db24c681fa23644f
SERVER_HANDSHAKE_TRAFFIC_SECRET 6b340ef221617917d7790bd111e23006616a0489a4e1271b6edc86b35b456394 4ee49ebe47a862e7a76c4367bc94fd19ef2aceae7a3c5e68d6911d3f5645a7f2
CLIENT_HANDSHAKE_TRAFFIC_SECRET 86ca732703059a90118f4635a320989c55a5b8d31ae79869d2fff0190962c861 ae3c4cd6e67fd8660a558b9534596aec1172e2ae48039a4c0a95d74f50655ec6
SERVER_HANDSHAKE_TRAFFIC_SECRET 86ca732703059a90118f4635a320989c55a5b8d31ae79869d2fff0190962c861 bf0880008c572ac978b989aca4f3f230d1e9f32a5a2099c2b039223749d3e4ca
CLIENT_HANDSHAKE_TRAFFIC_SECRET 8c66177dd75b99d911c8766a8b7bac9c265cd88a98dd6ac15d46a694544e706d a58e0b920d2424df9c3386be87e7c1dee5b0d9a7d4d13306c17452712e8433c2
SERVER_HANDSHAKE_TRAFFIC_SECRET 8c66177dd75b99d911c8766a8b7bac9c265cd88a98dd6ac15d46a694544e706d fb0ac62459df0f034bba9b1497de476520a5edd35669f908ade046daa087991c
CLIENT_TRAFFIC_SECRET_0 6b340ef221617917d7790bd111e23006616a0489a4e1271b6edc86b35b456394 c25652c6184846281be4304e565947ef67c18043f7790e3f4eeb48adedd3307d
SERVER_TRAFFIC_SECRET_0 6b340ef221617917d7790bd111e23006616a0489a4e1271b6edc86b35b456394 0f87e957c9601c746a02ebd355520056cbd6137c160472cc13648f99cc6191c6
EXPORTER_SECRET 6b340ef221617917d7790bd111e23006616a0489a4e1271b6edc86b35b456394 15512ec7e36f9ef91ed341529c5a264d10e054c68450154500a658d5e1e10363
CLIENT_TRAFFIC_SECRET_0 60bcd2c47fff2af3f2544158ce20a4ef08361660ea25b48a31da211d1920cfbe 32098706bcd9b5dc7c0e488e680e7ae8ba5f02ad37ae2bf6d3384793fbbd6841
SERVER_TRAFFIC_SECRET_0 60bcd2c47fff2af3f2544158ce20a4ef08361660ea25b48a31da211d1920cfbe c961b1929d6f11da2f159768640cab34923dacdbaac5db93b2340907db2a2286
EXPORTER_SECRET 60bcd2c47fff2af3f2544158ce20a4ef08361660ea25b48a31da211d1920cfbe 60cdedc141c253ccccf7e9986083a161001d81a79c850fe86ab49914e3b6b4be
CLIENT_TRAFFIC_SECRET_0 8c66177dd75b99d911c8766a8b7bac9c265cd88a98dd6ac15d46a694544e706d baaa761efa2dc1fb53ee8a4b57d603a000153ee18b5bd3d5b2d2a94be2d997ef
SERVER_TRAFFIC_SECRET_0 8c66177dd75b99d911c8766a8b7bac9c265cd88a98dd6ac15d46a694544e706d 5fabb5cfa152cd0ae55730e46ca00f426e549361b1a976d45616851912c7eddc
EXPORTER_SECRET 8c66177dd75b99d911c8766a8b7bac9c265cd88a98dd6ac15d46a694544e706d 0f90f6e6bacb4030ea3c3a5b62a1d02e3e328ecd76db1cdbb82287df14a78275
CLIENT_TRAFFIC_SECRET_0 86ca732703059a90118f4635a320989c55a5b8d31ae79869d2fff0190962c861 6b5887b0c1bccd4adaef4507ecfb223fd5cbcde3ef5bc68988b14043d1101a37
SERVER_TRAFFIC_SECRET_0 86ca732703059a90118f4635a320989c55a5b8d31ae79869d2fff0190962c861 35998df654015f907cd7cd6efcb25df762e66ca66922f6abcea6a676908571de
EXPORTER_SECRET 86ca732703059a90118f4635a320989c55a5b8d31ae79869d2fff0190962c861 b5f2637ce83c16d4b732d598e37b6a4b1acf5f6ec4d2afb0b88028fd09ede8cd
CLIENT_HANDSHAKE_TRAFFIC_SECRET 0e5d6d6038aa1b16fada92dcc886b932e0c7c7071d54ad5938dfde33024073ce c43b8e7c8b362b236aabd329cb2d0266a1b3897652acdb2a0247d32b0fd8bbc2
SERVER_HANDSHAKE_TRAFFIC_SECRET 0e5d6d6038aa1b16fada92dcc886b932e0c7c7071d54ad5938dfde33024073ce 419bd4a1406f458fd8bc845aa56aca5e0f1606a0e1dc1f583f820b2e64444c0a
CLIENT_HANDSHAKE_TRAFFIC_SECRET 1465806d4eb76e61dc4f0408bd5101b0e255a1e64681e4c2de1a30d12a88eb0b 34015d7af28a0a865f512d4721d164ec80d14791012593b6472f944f2d2a663b
SERVER_HANDSHAKE_TRAFFIC_SECRET 1465806d4eb76e61dc4f0408bd5101b0e255a1e64681e4c2de1a30d12a88eb0b 7431745f52203f3cc649d07da3e4eb8a12d1b0dabf9d3608facb284989b6cc21
CLIENT_TRAFFIC_SECRET_0 0e5d6d6038aa1b16fada92dcc886b932e0c7c7071d54ad5938dfde33024073ce 64454b66d80de41695cd3b187eb28d490be324a6f385f961595ade88477827e2
SERVER_TRAFFIC_SECRET_0 0e5d6d6038aa1b16fada92dcc886b932e0c7c7071d54ad5938dfde33024073ce e1e9fb8969a769276885b758501597bd6b1da51246c9e19d95ea7d36fd961c56
EXPORTER_SECRET 0e5d6d6038aa1b16fada92dcc886b932e0c7c7071d54ad5938dfde33024073ce aee6e5cadecfe64fe4be67a0f37defba296c3395d022637ab670a621eab20c8b
CLIENT_TRAFFIC_SECRET_0 1465806d4eb76e61dc4f0408bd5101b0e255a1e64681e4c2de1a30d12a88eb0b 3547fc6129c2ac260fc019877b6edd8c9b6ac53d6111a3244970be0c14bb4055
SERVER_TRAFFIC_SECRET_0 1465806d4eb76e61dc4f0408bd5101b0e255a1e64681e4c2de1a30d12a88eb0b 21be4ca98a94e1f065361ba142d06866db6dc3ecca0e4ce6b27ee195cb45a2c2
EXPORTER_SECRET 1465806d4eb76e61dc4f0408bd5101b0e255a1e64681e4c2de1a30d12a88eb0b d1ee37636a6ada7110e53e3819adb6dbca62f226e8dee295a68c756ac52f7ed9
CLIENT_HANDSHAKE_TRAFFIC_SECRET 115d8075619c0f9965a87e1197b94f322cbf5c8eac3b4d9308296ed1b49fa228 4cfb917730a2c063de1acdde5c014c9f38a0eb94f89abdcbb5df54387b9bc9f2
SERVER_HANDSHAKE_TRAFFIC_SECRET 115d8075619c0f9965a87e1197b94f322cbf5c8eac3b4d9308296ed1b49fa228 2aaf74f89c66f94babe9d144fa8d07cdcf4287a3e04aac948e17b9e1c42c47c5
CLIENT_TRAFFIC_SECRET_0 115d8075619c0f9965a87e1197b94f322cbf5c8eac3b4d9308296ed1b49fa228 b434ec0d35f16c7f331b61edb5ef6a06a35d0323610e090e8e01d4552ef7553b
SERVER_TRAFFIC_SECRET_0 115d8075619c0f9965a87e1197b94f322cbf5c8eac3b4d9308296ed1b49fa228 2bfdec8f98f464c0b3262059975b5083301a34138572e091d52fef56d3dc5efe
EXPORTER_SECRET 115d8075619c0f9965a87e1197b94f322cbf5c8eac3b4d9308296ed1b49fa228 e3fe83a0593f1aafe7ed0667127f3181a542cb08c0a6541a09524bc395ebe464
CLIENT_HANDSHAKE_TRAFFIC_SECRET 3287eaa96b594829c3e48c348c542b0218941c9797c041938a4ea50617a54fea d85c3d9606b621858f5f0c02acb6f4dfba7b09374374bd85a8a1c42392618dc4
SERVER_HANDSHAKE_TRAFFIC_SECRET 3287eaa96b594829c3e48c348c542b0218941c9797c041938a4ea50617a54fea 96eaef096a0bb41720807e264f3d7b5c71b61713246e3390d2b7d03ffb737ced
CLIENT_HANDSHAKE_TRAFFIC_SECRET fbc9a08c70722a132e8fc7bb4a7105a67c7dcf25ff2199408852be0231d6d2dd 437737f7524e6438234c412cc3f166561bc61fd3149a68385674c5e831ccb855
SERVER_HANDSHAKE_TRAFFIC_SECRET fbc9a08c70722a132e8fc7bb4a7105a67c7dcf25ff2199408852be0231d6d2dd b134f43dbf984690fc3faba3ab7a631a131fe18e7bc934d97e752a96dcebb78c
CLIENT_TRAFFIC_SECRET_0 fbc9a08c70722a132e8fc7bb4a7105a67c7dcf25ff2199408852be0231d6d2dd af9f4a6721409e6abe9938b8575733d4f1e834bb1e036766e46ef4b4ff29fee5
SERVER_TRAFFIC_SECRET_0 fbc9a08c70722a132e8fc7bb4a7105a67c7dcf25ff2199408852be0231d6d2dd 01384669961f65883a92b9ba07fab0291004ae3b6d31e95e4971a6e8fc47f303
EXPORTER_SECRET fbc9a08c70722a132e8fc7bb4a7105a67c7dcf25ff2199408852be0231d6d2dd a228e3a2e44522b2a75a8173d4d96947ef78ffbde57aed05a486c242bff022e7
CLIENT_TRAFFIC_SECRET_0 3287eaa96b594829c3e48c348c542b0218941c9797c041938a4ea50617a54fea 77437a7368e8f6b043a1ea31eed89bb471f2a0d4289795bdc0446e4987f6e50c
SERVER_TRAFFIC_SECRET_0 3287eaa96b594829c3e48c348c542b0218941c9797c041938a4ea50617a54fea 7fc780aab8238432e02d999a3c0942b16bfe46fc8fa26be5af3d7ba21e0c8ae9
EXPORTER_SECRET 3287eaa96b594829c3e48c348c542b0218941c9797c041938a4ea50617a54fea e5d65c638c73e16650ca85397ebc583069b740337056974de445e454e6d69992
CLIENT_EARLY_TRAFFIC_SECRET fbb41517ef203e720e617dc51bc2ee8f2132064b8ec088f8b0f1f248345a1698 983f88a90ef391600ea35afb6f1ff963819c4e78cd2922144af2ec60ad320ee3
EARLY_EXPORTER_SECRET fbb41517ef203e720e617dc51bc2ee8f2132064b8ec088f8b0f1f248345a1698 6b85314ce4aadfb2feb45f54e597cb2b83279d74356928a76978ebd0bb9e7921
CLIENT_HANDSHAKE_TRAFFIC_SECRET fbb41517ef203e720e617dc51bc2ee8f2132064b8ec088f8b0f1f248345a1698 09af076083fda2f415d0f4a8200fbcfcdc5a4ce81a2ee2fa1e41a3e9b11e5128
SERVER_HANDSHAKE_TRAFFIC_SECRET fbb41517ef203e720e617dc51bc2ee8f2132064b8ec088f8b0f1f248345a1698 88ad67eaa807c453e5a6ee6cba71ef6c4a8bf133d42a57c35b1255a5690efefe
CLIENT_TRAFFIC_SECRET_0 fbb41517ef203e720e617dc51bc2ee8f2132064b8ec088f8b0f1f248345a1698 422912fd78ce9b71d860ea45f2ff9ef366745f204d542cc5bffa084643c659d8
SERVER_TRAFFIC_SECRET_0 fbb41517ef203e720e617dc51bc2ee8f2132064b8ec088f8b0f1f248345a1698 73649347a94a4280a096029fb0a532925d64d62aa5508048afe176e9a2704fb5
EXPORTER_SECRET fbb41517ef203e720e617dc51bc2ee8f2132064b8ec088f8b0f1f248345a1698 95e0ed6eb222e71022d35d39953b7b4fb8c0476eec02c6bc9536bdc2a6e2afb3
SERVER_HANDSHAKE_TRAFFIC_SECRET 3bc7b2c87a225abe9cec9910da0a8a4319330968e3e1cc867862b5d353653917 4d912d2a5f847a22ab1b14fd363729ff203f27507c1bdc9ed5e4a72104567a537fedb6558c3e5cb3c3473d57c7518e3e
EXPORTER_SECRET 3bc7b2c87a225abe9cec9910da0a8a4319330968e3e1cc867862b5d353653917 28396022d9e30764238a4aee44fe49d45071d4dc2a5570d41c188424bcaef6e6ced8fa4014c7f7de977bded4eea2f257
SERVER_TRAFFIC_SECRET_0 3bc7b2c87a225abe9cec9910da0a8a4319330968e3e1cc867862b5d353653917 af75cd4d4bf69f8063ab50ab5d63a14fa3151d9b8e906ecc69b77a8fc3d505fd233acdd6463f56d854630bbd3003a238
CLIENT_HANDSHAKE_TRAFFIC_SECRET 3bc7b2c87a225abe9cec9910da0a8a4319330968e3e1cc867862b5d353653917 3ee134b6045b417fbacf91722f849731d1219f2757de98ccdb40cd9e9c7e372f8cf933623ca4dd177fdaefb778bb0a3c
CLIENT_TRAFFIC_SECRET_0 3bc7b2c87a225abe9cec9910da0a8a4319330968e3e1cc867862b5d353653917 d81d5d3a8fa488f68292e4eb35dc9043b63800c383bdc73908b7dce1bb4feb17278a57617276ccc04e6e1c610aee63d3
SERVER_HANDSHAKE_TRAFFIC_SECRET 64042e8b1eea264383eb7165c0f6cfa1b1b4fa904df94ef24bf0562f78689275 39c26fc589df761468905e680021034eb038fa0b4214d3b7b3defcb4004816a9b45b6207d0c8af64359221289e4e5064
EXPORTER_SECRET 64042e8b1eea264383eb7165c0f6cfa1b1b4fa904df94ef24bf0562f78689275 216d92c63e02f919b11e0688b3054460c8d288753e4d37a198e26f3c280ecf1d464cc3f9ef566ad97440ca92200e6df0
SERVER_TRAFFIC_SECRET_0 64042e8b1eea264383eb7165c0f6cfa1b1b4fa904df94ef24bf0562f78689275 6af121ceb01a43d494ea09a95ab137af910021d047d99303fcc68ab377b028ebb4ceef4ef0a411c88913e54943a301c1
CLIENT_HANDSHAKE_TRAFFIC_SECRET 64042e8b1eea264383eb7165c0f6cfa1b1b4fa904df94ef24bf0562f78689275 092eb561bca9025ea7ac9904e9795bb176a72823d6da69ca565c5fc55d5661384c8ca0c35179722423fdc5c89da1dadc
CLIENT_TRAFFIC_SECRET_0 64042e8b1eea264383eb7165c0f6cfa1b1b4fa904df94ef24bf0562f78689275 e4590069edf05c37b290a43380f0162b0c4aeaa1b749aeef47e0de75d23f1b6cb806d708a74d544f6995ab51ec1b73fb
